[06:19:24] ZONE=CAM_piste_decolage | NIVEAU=ÉLEVÉ | SCORE=12 | OBJETS=['person', 'person', 'person']
[06:19:24] ZONE=CAM_piste_decolage | NIVEAU=ÉLEVÉ | SCORE=12 | OBJETS=['person', 'person', 'person']
[06:19:25] ZONE=CAM_piste_decolage | NIVEAU=ÉLEVÉ | SCORE=12 | OBJETS=['person', 'person', 'person']
[06:19:25] ZONE=CAM_piste_decolage | NIVEAU=ÉLEVÉ | SCORE=12 | OBJETS=['person', 'person', 'person']
[06:19:25] ZONE=CAM_piste_decolage | NIVEAU=ÉLEVÉ | SCORE=12 | OBJETS=['person', 'person', 'person']
[06:19:25] ZONE=CAM_piste_decolage | NIVEAU=ÉLEVÉ | SCORE=12 | OBJETS=['person', 'person', 'person']
[06:19:25] ZONE=CAM_piste_decolage | NIVEAU=ÉLEVÉ | SCORE=12 | OBJETS=['person', 'person', 'person']
[06:19:25] ZONE=CAM_piste_decolage | NIVEAU=ÉLEVÉ | SCORE=12 | OBJETS=['person', 'person', 'person']
[06:19:25] ZONE=CAM_piste_decolage | NIVEAU=ÉLEVÉ | SCORE=12 | OBJETS=['person', 'person', 'person']
[06:19:26] ZONE=CAM_piste_decolage | NIVEAU=ÉLEVÉ | SCORE=12 | OBJETS=['person', 'person', 'person']
[06:19:26] ZONE=CAM_piste_decolage | NIVEAU=ÉLEVÉ | SCORE=12 | OBJETS=['person', 'person', 'person']
[06:19:26] ZONE=CAM_piste_decolage | NIVEAU=ÉLEVÉ | SCORE=12 | OBJETS=['person', 'person', 'person']
[06:19:26] ZONE=CAM_piste_decolage | NIVEAU=ÉLEVÉ | SCORE=12 | OBJETS=['person', 'person', 'person']
[06:19:26] ZONE=CAM_piste_decolage | NIVEAU=ÉLEVÉ | SCORE=12 | OBJETS=['person', 'person', 'person']
[06:19:26] ZONE=CAM_piste_decolage | NIVEAU=ÉLEVÉ | SCORE=12 | OBJETS=['person', 'person', 'person']
[06:19:26] ZONE=CAM_piste_decolage | NIVEAU=ÉLEVÉ | SCORE=12 | OBJETS=['person', 'person', 'person']
[06:19:27] ZONE=CAM_piste_decolage | NIVEAU=ÉLEVÉ | SCORE=12 | OBJETS=['person', 'person', 'person']
[06:19:27] ZONE=CAM_piste_decolage | NIVEAU=ÉLEVÉ | SCORE=12 | OBJETS=['person', 'person', 'person']
[06:19:27] ZONE=CAM_piste_decolage | NIVEAU=ÉLEVÉ | SCORE=13 | OBJETS=['person', 'person', 'person', 'backpack']
[06:19:27] ZONE=CAM_piste_decolage | NIVEAU=ÉLEVÉ | SCORE=13 | OBJETS=['person', 'person', 'person', 'backpack']
[06:19:27] ZONE=CAM_piste_decolage | NIVEAU=ÉLEVÉ | SCORE=13 | OBJETS=['person', 'person', 'person', 'backpack']
[06:19:27] ZONE=CAM_piste_decolage | NIVEAU=ÉLEVÉ | SCORE=12 | OBJETS=['person', 'person', 'person']
[06:19:27] ZONE=CAM_piste_decolage | NIVEAU=ÉLEVÉ | SCORE=12 | OBJETS=['person', 'person', 'person']
[06:19:27] ZONE=CAM_piste_decolage | NIVEAU=ÉLEVÉ | SCORE=12 | OBJETS=['person', 'person', 'person']
[06:19:28] ZONE=CAM_piste_decolage | NIVEAU=ÉLEVÉ | SCORE=12 | OBJETS=['person', 'person', 'person']
[06:19:28] ZONE=CAM_piste_decolage | NIVEAU=ÉLEVÉ | SCORE=13 | OBJETS=['person', 'person', 'person', 'backpack']
[06:19:28] ZONE=CAM_piste_decolage | NIVEAU=ÉLEVÉ | SCORE=12 | OBJETS=['person', 'person', 'person']
[06:19:28] ZONE=CAM_piste_decolage | NIVEAU=ÉLEVÉ | SCORE=12 | OBJETS=['person', 'person', 'person']
[06:19:28] ZONE=CAM_piste_decolage | NIVEAU=ÉLEVÉ | SCORE=13 | OBJETS=['person', 'person', 'person', 'backpack']
[06:19:28] ZONE=CAM_piste_decolage | NIVEAU=ÉLEVÉ | SCORE=13 | OBJETS=['person', 'person', 'person', 'backpack']
[06:19:28] ZONE=CAM_piste_decolage | NIVEAU=ÉLEVÉ | SCORE=12 | OBJETS=['person', 'person', 'person']
[06:19:29] ZONE=CAM_piste_decolage | NIVEAU=ÉLEVÉ | SCORE=12 | OBJETS=['person', 'person', 'person']
[06:19:29] ZONE=CAM_piste_decolage | NIVEAU=ÉLEVÉ | SCORE=13 | OBJETS=['person', 'person', 'person', 'backpack']
[06:19:29] ZONE=CAM_piste_decolage | NIVEAU=ÉLEVÉ | SCORE=13 | OBJETS=['person', 'person', 'person', 'backpack']
[06:19:29] ZONE=CAM_piste_decolage | NIVEAU=ÉLEVÉ | SCORE=12 | OBJETS=['person', 'person', 'person']
[06:19:29] ZONE=CAM_piste_decolage | NIVEAU=ÉLEVÉ | SCORE=12 | OBJETS=['person', 'person', 'person']
[06:19:30] ZONE=CAM_piste_decolage | NIVEAU=ÉLEVÉ | SCORE=12 | OBJETS=['person', 'person', 'person']
[06:19:30] ZONE=CAM_piste_decolage | NIVEAU=ÉLEVÉ | SCORE=12 | OBJETS=['person', 'person', 'person']
[06:19:30] ZONE=CAM_piste_decolage | NIVEAU=ÉLEVÉ | SCORE=12 | OBJETS=['person', 'person', 'person']
[06:19:30] ZONE=CAM_piste_decolage | NIVEAU=ÉLEVÉ | SCORE=12 | OBJETS=['person', 'person', 'person']
[06:19:30] ZONE=CAM_piste_decolage | NIVEAU=ÉLEVÉ | SCORE=13 | OBJETS=['person', 'person', 'person', 'backpack']
[06:19:30] ZONE=CAM_piste_decolage | NIVEAU=ÉLEVÉ | SCORE=12 | OBJETS=['person', 'person', 'person']
[06:19:30] ZONE=CAM_piste_decolage | NIVEAU=ÉLEVÉ | SCORE=13 | OBJETS=['person', 'person', 'person', 'backpack']
[06:19:31] ZONE=CAM_piste_decolage | NIVEAU=ÉLEVÉ | SCORE=13 | OBJETS=['person', 'person', 'person', 'backpack']
[06:19:31] ZONE=CAM_piste_decolage | NIVEAU=ÉLEVÉ | SCORE=12 | OBJETS=['person', 'person', 'person']
[06:19:31] ZONE=CAM_piste_decolage | NIVEAU=ÉLEVÉ | SCORE=12 | OBJETS=['person', 'person', 'person']
[06:19:31] ZONE=CAM_piste_decolage | NIVEAU=ÉLEVÉ | SCORE=12 | OBJETS=['person', 'person', 'person']
[06:19:31] ZONE=CAM_piste_decolage | NIVEAU=ÉLEVÉ | SCORE=12 | OBJETS=['person', 'person', 'person']
[06:19:31] ZONE=CAM_piste_decolage | NIVEAU=ÉLEVÉ | SCORE=12 | OBJETS=['person', 'person', 'person']
[06:19:31] ZONE=CAM_piste_decolage | NIVEAU=ÉLEVÉ | SCORE=12 | OBJETS=['person', 'person', 'person']
[06:19:32] ZONE=CAM_piste_decolage | NIVEAU=ÉLEVÉ | SCORE=12 | OBJETS=['person', 'person', 'person']
[06:19:32] ZONE=CAM_piste_decolage | NIVEAU=ÉLEVÉ | SCORE=13 | OBJETS=['person', 'person', 'person', 'backpack']
[06:19:32] ZONE=CAM_piste_decolage | NIVEAU=ÉLEVÉ | SCORE=13 | OBJETS=['person', 'person', 'person', 'backpack']
[06:19:32] ZONE=CAM_piste_decolage | NIVEAU=ÉLEVÉ | SCORE=13 | OBJETS=['person', 'person', 'person', 'backpack']
[06:19:32] ZONE=CAM_piste_decolage | NIVEAU=ÉLEVÉ | SCORE=12 | OBJETS=['person', 'person', 'person']
[06:19:32] ZONE=CAM_piste_decolage | NIVEAU=ÉLEVÉ | SCORE=12 | OBJETS=['person', 'person', 'person']
[06:19:32] ZONE=CAM_piste_decolage | NIVEAU=ÉLEVÉ | SCORE=12 | OBJETS=['person', 'person', 'person']
[06:19:33] ZONE=CAM_piste_decolage | NIVEAU=ÉLEVÉ | SCORE=12 | OBJETS=['person', 'person', 'person']
[06:19:33] ZONE=CAM_piste_decolage | NIVEAU=ÉLEVÉ | SCORE=12 | OBJETS=['person', 'person', 'person']
[06:19:33] ZONE=CAM_piste_decolage | NIVEAU=ÉLEVÉ | SCORE=13 | OBJETS=['person', 'person', 'person', 'backpack']
[06:19:33] ZONE=CAM_piste_decolage | NIVEAU=ÉLEVÉ | SCORE=13 | OBJETS=['person', 'person', 'person', 'backpack']
[06:19:33] ZONE=CAM_piste_decolage | NIVEAU=ÉLEVÉ | SCORE=13 | OBJETS=['person', 'person', 'person', 'backpack']
[06:19:33] ZONE=CAM_piste_decolage | NIVEAU=ÉLEVÉ | SCORE=12 | OBJETS=['person', 'person', 'person']
[06:19:33] ZONE=CAM_piste_decolage | NIVEAU=ÉLEVÉ | SCORE=12 | OBJETS=['person', 'person', 'person']
[06:19:34] ZONE=CAM_piste_decolage | NIVEAU=ÉLEVÉ | SCORE=12 | OBJETS=['person', 'person', 'person']
[06:19:34] ZONE=CAM_piste_decolage | NIVEAU=ÉLEVÉ | SCORE=12 | OBJETS=['person', 'person', 'person']
[06:19:34] ZONE=CAM_piste_decolage | NIVEAU=ÉLEVÉ | SCORE=13 | OBJETS=['person', 'person', 'person', 'backpack']
[06:19:34] ZONE=CAM_piste_decolage | NIVEAU=ÉLEVÉ | SCORE=12 | OBJETS=['person', 'person', 'person']
[06:19:34] ZONE=CAM_piste_decolage | NIVEAU=ÉLEVÉ | SCORE=12 | OBJETS=['person', 'person', 'person']
[06:19:34] ZONE=CAM_piste_decolage | NIVEAU=ÉLEVÉ | SCORE=13 | OBJETS=['person', 'person', 'person', 'backpack']
[06:19:35] ZONE=CAM_piste_decolage | NIVEAU=ÉLEVÉ | SCORE=13 | OBJETS=['person', 'person', 'person', 'backpack']
[06:19:35] ZONE=CAM_piste_decolage | NIVEAU=ÉLEVÉ | SCORE=13 | OBJETS=['person', 'person', 'person', 'backpack']
[06:19:35] ZONE=CAM_piste_decolage | NIVEAU=ÉLEVÉ | SCORE=12 | OBJETS=['person', 'person', 'person']
[06:19:35] ZONE=CAM_piste_decolage | NIVEAU=ÉLEVÉ | SCORE=13 | OBJETS=['person', 'person', 'person', 'backpack']
[06:19:35] ZONE=CAM_piste_decolage | NIVEAU=ÉLEVÉ | SCORE=12 | OBJETS=['person', 'person', 'person']
[06:19:35] ZONE=CAM_piste_decolage | NIVEAU=ÉLEVÉ | SCORE=12 | OBJETS=['person', 'person', 'person']
[06:19:35] ZONE=CAM_piste_decolage | NIVEAU=ÉLEVÉ | SCORE=12 | OBJETS=['person', 'person', 'person']
[06:19:36] ZONE=CAM_piste_decolage | NIVEAU=ÉLEVÉ | SCORE=12 | OBJETS=['person', 'person', 'person']
[06:19:36] ZONE=CAM_piste_decolage | NIVEAU=ÉLEVÉ | SCORE=16 | OBJETS=['person', 'person', 'person', 'person']
[06:19:36] ZONE=CAM_piste_decolage | NIVEAU=ÉLEVÉ | SCORE=12 | OBJETS=['person', 'person', 'person']
[06:19:36] ZONE=CAM_piste_decolage | NIVEAU=ÉLEVÉ | SCORE=12 | OBJETS=['person', 'person', 'person']
[06:19:36] ZONE=CAM_piste_decolage | NIVEAU=ÉLEVÉ | SCORE=12 | OBJETS=['person', 'person', 'person']
[06:19:36] ZONE=CAM_piste_decolage | NIVEAU=ÉLEVÉ | SCORE=12 | OBJETS=['person', 'person', 'person']
[06:19:37] ZONE=CAM_piste_decolage | NIVEAU=ÉLEVÉ | SCORE=12 | OBJETS=['person', 'person', 'person']
[06:19:37] ZONE=CAM_piste_decolage | NIVEAU=ÉLEVÉ | SCORE=12 | OBJETS=['person', 'person', 'person']
[06:19:37] ZONE=CAM_piste_decolage | NIVEAU=ÉLEVÉ | SCORE=12 | OBJETS=['person', 'person', 'person']
[06:19:37] ZONE=CAM_piste_decolage | NIVEAU=ÉLEVÉ | SCORE=12 | OBJETS=['person', 'person', 'person']
[06:19:37] ZONE=CAM_piste_decolage | NIVEAU=ÉLEVÉ | SCORE=13 | OBJETS=['person', 'person', 'person', 'backpack']
[06:19:37] ZONE=CAM_piste_decolage | NIVEAU=ÉLEVÉ | SCORE=13 | OBJETS=['person', 'person', 'person', 'backpack']
[06:19:37] ZONE=CAM_piste_decolage | NIVEAU=ÉLEVÉ | SCORE=13 | OBJETS=['person', 'person', 'person', 'backpack']
[06:19:38] ZONE=CAM_piste_decolage | NIVEAU=ÉLEVÉ | SCORE=13 | OBJETS=['person', 'person', 'person', 'backpack']
[06:19:38] ZONE=CAM_piste_decolage | NIVEAU=ÉLEVÉ | SCORE=13 | OBJETS=['person', 'person', 'person', 'backpack']
[06:19:38] ZONE=CAM_piste_decolage | NIVEAU=ÉLEVÉ | SCORE=13 | OBJETS=['person', 'person', 'person', 'backpack']
[06:19:38] ZONE=CAM_piste_decolage | NIVEAU=ÉLEVÉ | SCORE=13 | OBJETS=['person', 'person', 'person', 'backpack']
[06:19:38] ZONE=CAM_piste_decolage | NIVEAU=ÉLEVÉ | SCORE=13 | OBJETS=['person', 'person', 'person', 'backpack']
[06:19:38] ZONE=CAM_piste_decolage | NIVEAU=ÉLEVÉ | SCORE=17 | OBJETS=['person', 'person', 'person', 'person', 'backpack']
[06:19:38] ZONE=CAM_piste_decolage | NIVEAU=ÉLEVÉ | SCORE=16 | OBJETS=['person', 'person', 'person', 'person']
[06:19:39] ZONE=CAM_piste_decolage | NIVEAU=ÉLEVÉ | SCORE=12 | OBJETS=['person', 'person', 'person']
[06:19:39] ZONE=CAM_piste_decolage | NIVEAU=ÉLEVÉ | SCORE=16 | OBJETS=['person', 'person', 'person', 'person']
[06:19:39] ZONE=CAM_piste_decolage | NIVEAU=ÉLEVÉ | SCORE=16 | OBJETS=['person', 'person', 'person', 'person']
[06:19:39] ZONE=CAM_piste_decolage | NIVEAU=ÉLEVÉ | SCORE=12 | OBJETS=['person', 'person', 'person']
[06:19:39] ZONE=CAM_piste_decolage | NIVEAU=ÉLEVÉ | SCORE=12 | OBJETS=['person', 'person', 'person']
[06:19:39] ZONE=CAM_piste_decolage | NIVEAU=ÉLEVÉ | SCORE=12 | OBJETS=['person', 'person', 'person']
[06:19:39] ZONE=CAM_piste_decolage | NIVEAU=ÉLEVÉ | SCORE=13 | OBJETS=['person', 'person', 'person', 'backpack']
[06:19:40] ZONE=CAM_piste_decolage | NIVEAU=ÉLEVÉ | SCORE=13 | OBJETS=['person', 'person', 'person', 'backpack']
[06:19:40] ZONE=CAM_piste_decolage | NIVEAU=ÉLEVÉ | SCORE=13 | OBJETS=['person', 'person', 'person', 'backpack']
[06:19:40] ZONE=CAM_piste_decolage | NIVEAU=ÉLEVÉ | SCORE=13 | OBJETS=['person', 'person', 'person', 'backpack']
[06:19:40] ZONE=CAM_piste_decolage | NIVEAU=ÉLEVÉ | SCORE=12 | OBJETS=['person', 'person', 'person']
[06:19:40] ZONE=CAM_piste_decolage | NIVEAU=ÉLEVÉ | SCORE=12 | OBJETS=['person', 'person', 'person']
[06:19:40] ZONE=CAM_piste_decolage | NIVEAU=ÉLEVÉ | SCORE=12 | OBJETS=['person', 'person', 'person']
[06:19:40] ZONE=CAM_piste_decolage | NIVEAU=ÉLEVÉ | SCORE=12 | OBJETS=['person', 'person', 'person']
[06:19:41] ZONE=CAM_piste_decolage | NIVEAU=ÉLEVÉ | SCORE=12 | OBJETS=['person', 'person', 'person']
[06:19:41] ZONE=CAM_piste_decolage | NIVEAU=ÉLEVÉ | SCORE=12 | OBJETS=['person', 'person', 'person']
[06:19:41] ZONE=CAM_piste_decolage | NIVEAU=ÉLEVÉ | SCORE=12 | OBJETS=['person', 'person', 'person']
[06:19:41] ZONE=CAM_piste_decolage | NIVEAU=ÉLEVÉ | SCORE=12 | OBJETS=['person', 'person', 'person']
[06:19:41] ZONE=CAM_piste_decolage | NIVEAU=ÉLEVÉ | SCORE=12 | OBJETS=['person', 'person', 'person']
[06:19:41] ZONE=CAM_piste_decolage | NIVEAU=ÉLEVÉ | SCORE=12 | OBJETS=['person', 'person', 'person']
[06:19:42] ZONE=CAM_piste_decolage | NIVEAU=ÉLEVÉ | SCORE=12 | OBJETS=['person', 'person', 'person']
[06:19:42] ZONE=CAM_piste_decolage | NIVEAU=ÉLEVÉ | SCORE=12 | OBJETS=['person', 'person', 'person']
[06:19:42] ZONE=CAM_piste_decolage | NIVEAU=ÉLEVÉ | SCORE=12 | OBJETS=['person', 'person', 'person']
[06:19:42] ZONE=CAM_piste_decolage | NIVEAU=ÉLEVÉ | SCORE=12 | OBJETS=['person', 'person', 'person']
[06:19:42] ZONE=CAM_piste_decolage | NIVEAU=ÉLEVÉ | SCORE=12 | OBJETS=['person', 'person', 'person']
[06:19:42] ZONE=CAM_piste_decolage | NIVEAU=ÉLEVÉ | SCORE=12 | OBJETS=['person', 'person', 'person']
[06:19:43] ZONE=CAM_piste_decolage | NIVEAU=ÉLEVÉ | SCORE=12 | OBJETS=['person', 'person', 'person']
[06:19:43] ZONE=CAM_piste_decolage | NIVEAU=ÉLEVÉ | SCORE=12 | OBJETS=['person', 'person', 'person']
[06:19:43] ZONE=CAM_piste_decolage | NIVEAU=ÉLEVÉ | SCORE=12 | OBJETS=['person', 'person', 'person']
[06:19:43] ZONE=CAM_piste_decolage | NIVEAU=ÉLEVÉ | SCORE=8 | OBJETS=['person', 'person']
[06:19:43] ZONE=CAM_piste_decolage | NIVEAU=ÉLEVÉ | SCORE=12 | OBJETS=['person', 'person', 'person']
[06:19:43] ZONE=CAM_piste_decolage | NIVEAU=ÉLEVÉ | SCORE=13 | OBJETS=['person', 'person', 'person', 'backpack']
[06:19:43] ZONE=CAM_piste_decolage | NIVEAU=ÉLEVÉ | SCORE=13 | OBJETS=['person', 'person', 'person', 'backpack']
[06:19:44] ZONE=CAM_piste_decolage | NIVEAU=ÉLEVÉ | SCORE=12 | OBJETS=['person', 'person', 'person']
[06:19:44] ZONE=CAM_piste_decolage | NIVEAU=ÉLEVÉ | SCORE=12 | OBJETS=['person', 'person', 'person']
[06:19:44] ZONE=CAM_piste_decolage | NIVEAU=ÉLEVÉ | SCORE=12 | OBJETS=['person', 'person', 'person']
[06:19:44] ZONE=CAM_piste_decolage | NIVEAU=ÉLEVÉ | SCORE=12 | OBJETS=['person', 'person', 'person']
[06:19:44] ZONE=CAM_piste_decolage | NIVEAU=ÉLEVÉ | SCORE=12 | OBJETS=['person', 'person', 'person']
[06:19:44] ZONE=CAM_piste_decolage | NIVEAU=ÉLEVÉ | SCORE=12 | OBJETS=['person', 'person', 'person']
[06:19:45] ZONE=CAM_piste_decolage | NIVEAU=ÉLEVÉ | SCORE=12 | OBJETS=['person', 'person', 'person']
[06:19:45] ZONE=CAM_piste_decolage | NIVEAU=ÉLEVÉ | SCORE=12 | OBJETS=['person', 'person', 'person']
[06:19:45] ZONE=CAM_piste_decolage | NIVEAU=ÉLEVÉ | SCORE=12 | OBJETS=['person', 'person', 'person']
[06:19:45] ZONE=CAM_piste_decolage | NIVEAU=ÉLEVÉ | SCORE=12 | OBJETS=['person', 'person', 'person']
[06:19:45] ZONE=CAM_piste_decolage | NIVEAU=ÉLEVÉ | SCORE=12 | OBJETS=['person', 'person', 'person']
[06:19:45] ZONE=CAM_piste_decolage | NIVEAU=ÉLEVÉ | SCORE=13 | OBJETS=['person', 'person', 'person', 'backpack']
[06:19:45] ZONE=CAM_piste_decolage | NIVEAU=ÉLEVÉ | SCORE=12 | OBJETS=['person', 'person', 'person']
[06:19:46] ZONE=CAM_piste_decolage | NIVEAU=ÉLEVÉ | SCORE=12 | OBJETS=['person', 'person', 'person']
[06:19:46] ZONE=CAM_piste_decolage | NIVEAU=ÉLEVÉ | SCORE=12 | OBJETS=['person', 'person', 'person']
[06:19:46] ZONE=CAM_piste_decolage | NIVEAU=ÉLEVÉ | SCORE=12 | OBJETS=['person', 'person', 'person']
[06:19:46] ZONE=CAM_piste_decolage | NIVEAU=ÉLEVÉ | SCORE=12 | OBJETS=['person', 'person', 'person']
[06:19:46] ZONE=CAM_piste_decolage | NIVEAU=ÉLEVÉ | SCORE=12 | OBJETS=['person', 'person', 'person']
[06:19:46] ZONE=CAM_piste_decolage | NIVEAU=ÉLEVÉ | SCORE=12 | OBJETS=['person', 'person', 'person']
[06:19:46] ZONE=CAM_piste_decolage | NIVEAU=ÉLEVÉ | SCORE=12 | OBJETS=['person', 'person', 'person']
[06:19:47] ZONE=CAM_piste_decolage | NIVEAU=ÉLEVÉ | SCORE=12 | OBJETS=['person', 'person', 'person']
[06:19:47] ZONE=CAM_piste_decolage | NIVEAU=ÉLEVÉ | SCORE=12 | OBJETS=['person', 'person', 'person']
[06:19:47] ZONE=CAM_piste_decolage | NIVEAU=ÉLEVÉ | SCORE=12 | OBJETS=['person', 'person', 'person']
[06:19:47] ZONE=CAM_piste_decolage | NIVEAU=ÉLEVÉ | SCORE=12 | OBJETS=['person', 'person', 'person']
[06:19:47] ZONE=CAM_piste_decolage | NIVEAU=ÉLEVÉ | SCORE=12 | OBJETS=['person', 'person', 'person']
[06:19:47] ZONE=CAM_piste_decolage | NIVEAU=ÉLEVÉ | SCORE=13 | OBJETS=['person', 'person', 'person', 'backpack']
[06:19:47] ZONE=CAM_piste_decolage | NIVEAU=ÉLEVÉ | SCORE=16 | OBJETS=['person', 'person', 'person', 'person']
[06:19:48] ZONE=CAM_piste_decolage | NIVEAU=ÉLEVÉ | SCORE=13 | OBJETS=['person', 'person', 'person', 'backpack']
[06:19:48] ZONE=CAM_piste_decolage | NIVEAU=ÉLEVÉ | SCORE=13 | OBJETS=['person', 'person', 'person', 'backpack']
[06:19:48] ZONE=CAM_piste_decolage | NIVEAU=ÉLEVÉ | SCORE=13 | OBJETS=['person', 'person', 'person', 'backpack']
[06:19:48] ZONE=CAM_piste_decolage | NIVEAU=ÉLEVÉ | SCORE=12 | OBJETS=['person', 'person', 'person']
[06:19:48] ZONE=CAM_piste_decolage | NIVEAU=ÉLEVÉ | SCORE=12 | OBJETS=['person', 'person', 'person']
[06:19:48] ZONE=CAM_piste_decolage | NIVEAU=ÉLEVÉ | SCORE=12 | OBJETS=['person', 'person', 'person']
[06:19:49] ZONE=CAM_piste_decolage | NIVEAU=ÉLEVÉ | SCORE=13 | OBJETS=['person', 'person', 'person', 'backpack']
[06:19:49] ZONE=CAM_piste_decolage | NIVEAU=ÉLEVÉ | SCORE=13 | OBJETS=['person', 'person', 'person', 'backpack']
[06:19:49] ZONE=CAM_piste_decolage | NIVEAU=ÉLEVÉ | SCORE=13 | OBJETS=['person', 'person', 'person', 'backpack']
[06:19:49] ZONE=CAM_piste_decolage | NIVEAU=ÉLEVÉ | SCORE=12 | OBJETS=['person', 'person', 'person']
[06:19:49] ZONE=CAM_piste_decolage | NIVEAU=ÉLEVÉ | SCORE=12 | OBJETS=['person', 'person', 'person']
[06:19:49] ZONE=CAM_piste_decolage | NIVEAU=ÉLEVÉ | SCORE=13 | OBJETS=['person', 'person', 'person', 'backpack']
[06:19:49] ZONE=CAM_piste_decolage | NIVEAU=ÉLEVÉ | SCORE=12 | OBJETS=['person', 'person', 'person']
[06:19:50] ZONE=CAM_piste_decolage | NIVEAU=ÉLEVÉ | SCORE=12 | OBJETS=['person', 'person', 'person']
[06:19:50] ZONE=CAM_piste_decolage | NIVEAU=ÉLEVÉ | SCORE=12 | OBJETS=['person', 'person', 'person']
[06:19:50] ZONE=CAM_piste_decolage | NIVEAU=ÉLEVÉ | SCORE=12 | OBJETS=['person', 'person', 'person']
[06:19:50] ZONE=CAM_piste_decolage | NIVEAU=ÉLEVÉ | SCORE=12 | OBJETS=['person', 'person', 'person']
[06:19:50] ZONE=CAM_piste_decolage | NIVEAU=ÉLEVÉ | SCORE=12 | OBJETS=['person', 'person', 'person']
[06:19:50] ZONE=CAM_piste_decolage | NIVEAU=ÉLEVÉ | SCORE=12 | OBJETS=['person', 'person', 'person']
[06:19:50] ZONE=CAM_piste_decolage | NIVEAU=ÉLEVÉ | SCORE=12 | OBJETS=['person', 'person', 'person']
[06:19:51] ZONE=CAM_piste_decolage | NIVEAU=ÉLEVÉ | SCORE=12 | OBJETS=['person', 'person', 'person']
[06:19:51] ZONE=CAM_piste_decolage | NIVEAU=ÉLEVÉ | SCORE=12 | OBJETS=['person', 'person', 'person']
[06:19:51] ZONE=CAM_piste_decolage | NIVEAU=ÉLEVÉ | SCORE=12 | OBJETS=['person', 'person', 'person']
[06:19:51] ZONE=CAM_piste_decolage | NIVEAU=ÉLEVÉ | SCORE=12 | OBJETS=['person', 'person', 'person']
[06:19:51] ZONE=CAM_piste_decolage | NIVEAU=ÉLEVÉ | SCORE=12 | OBJETS=['person', 'person', 'person']
[06:19:51] ZONE=CAM_piste_decolage | NIVEAU=ÉLEVÉ | SCORE=12 | OBJETS=['person', 'person', 'person']
[06:19:52] ZONE=CAM_piste_decolage | NIVEAU=ÉLEVÉ | SCORE=12 | OBJETS=['person', 'person', 'person']
[06:19:52] ZONE=CAM_piste_decolage | NIVEAU=ÉLEVÉ | SCORE=12 | OBJETS=['person', 'person', 'person']
[06:19:52] ZONE=CAM_piste_decolage | NIVEAU=ÉLEVÉ | SCORE=12 | OBJETS=['person', 'person', 'person']
[06:19:52] ZONE=CAM_piste_decolage | NIVEAU=ÉLEVÉ | SCORE=16 | OBJETS=['person', 'person', 'person', 'person']
[06:19:52] ZONE=CAM_piste_decolage | NIVEAU=ÉLEVÉ | SCORE=16 | OBJETS=['person', 'person', 'person', 'person']
[06:19:52] ZONE=CAM_piste_decolage | NIVEAU=ÉLEVÉ | SCORE=12 | OBJETS=['person', 'person', 'person']
[06:19:52] ZONE=CAM_piste_decolage | NIVEAU=ÉLEVÉ | SCORE=17 | OBJETS=['person', 'person', 'person', 'person', 'backpack']
[06:19:53] ZONE=CAM_piste_decolage | NIVEAU=ÉLEVÉ | SCORE=12 | OBJETS=['person', 'person', 'person']
[06:19:53] ZONE=CAM_piste_decolage | NIVEAU=ÉLEVÉ | SCORE=12 | OBJETS=['person', 'person', 'person']
[06:19:53] ZONE=CAM_piste_decolage | NIVEAU=ÉLEVÉ | SCORE=13 | OBJETS=['person', 'person', 'person', 'backpack']
[06:19:53] ZONE=CAM_piste_decolage | NIVEAU=ÉLEVÉ | SCORE=12 | OBJETS=['person', 'person', 'person']
[06:19:53] ZONE=CAM_piste_decolage | NIVEAU=ÉLEVÉ | SCORE=12 | OBJETS=['person', 'person', 'person']
[06:19:53] ZONE=CAM_piste_decolage | NIVEAU=ÉLEVÉ | SCORE=12 | OBJETS=['person', 'person', 'person']
[06:19:53] ZONE=CAM_piste_decolage | NIVEAU=ÉLEVÉ | SCORE=12 | OBJETS=['person', 'person', 'person']
[06:19:54] ZONE=CAM_piste_decolage | NIVEAU=ÉLEVÉ | SCORE=13 | OBJETS=['person', 'person', 'person', 'backpack']
[06:19:54] ZONE=CAM_piste_decolage | NIVEAU=ÉLEVÉ | SCORE=13 | OBJETS=['person', 'person', 'person', 'backpack']
[06:19:54] ZONE=CAM_piste_decolage | NIVEAU=ÉLEVÉ | SCORE=13 | OBJETS=['person', 'person', 'person', 'backpack']
[06:19:54] ZONE=CAM_piste_decolage | NIVEAU=ÉLEVÉ | SCORE=13 | OBJETS=['person', 'person', 'person', 'backpack']
[06:19:54] ZONE=CAM_piste_decolage | NIVEAU=ÉLEVÉ | SCORE=13 | OBJETS=['person', 'person', 'backpack', 'person']
[06:19:54] ZONE=CAM_piste_decolage | NIVEAU=ÉLEVÉ | SCORE=12 | OBJETS=['person', 'person', 'person']
[06:19:54] ZONE=CAM_piste_decolage | NIVEAU=ÉLEVÉ | SCORE=12 | OBJETS=['person', 'person', 'person']
[06:19:55] ZONE=CAM_piste_decolage | NIVEAU=ÉLEVÉ | SCORE=13 | OBJETS=['person', 'person', 'person', 'backpack']
[06:19:55] ZONE=CAM_piste_decolage | NIVEAU=ÉLEVÉ | SCORE=12 | OBJETS=['person', 'person', 'person']
[06:19:55] ZONE=CAM_piste_decolage | NIVEAU=ÉLEVÉ | SCORE=12 | OBJETS=['person', 'person', 'person']
[06:19:55] ZONE=CAM_piste_decolage | NIVEAU=ÉLEVÉ | SCORE=12 | OBJETS=['person', 'person', 'person']
[06:19:55] ZONE=CAM_piste_decolage | NIVEAU=ÉLEVÉ | SCORE=12 | OBJETS=['person', 'person', 'person']
[06:19:55] ZONE=CAM_piste_decolage | NIVEAU=ÉLEVÉ | SCORE=12 | OBJETS=['person', 'person', 'person']
[06:19:55] ZONE=CAM_piste_decolage | NIVEAU=ÉLEVÉ | SCORE=12 | OBJETS=['person', 'person', 'person']
[06:19:56] ZONE=CAM_piste_decolage | NIVEAU=ÉLEVÉ | SCORE=12 | OBJETS=['person', 'person', 'person']
[06:19:56] ZONE=CAM_piste_decolage | NIVEAU=ÉLEVÉ | SCORE=13 | OBJETS=['person', 'person', 'person', 'backpack']
[06:19:56] ZONE=CAM_piste_decolage | NIVEAU=ÉLEVÉ | SCORE=12 | OBJETS=['person', 'person', 'person']
[06:19:56] ZONE=CAM_piste_decolage | NIVEAU=ÉLEVÉ | SCORE=12 | OBJETS=['person', 'person', 'person']
[06:19:56] ZONE=CAM_piste_decolage | NIVEAU=ÉLEVÉ | SCORE=12 | OBJETS=['person', 'person', 'person']
[06:19:56] ZONE=CAM_piste_decolage | NIVEAU=ÉLEVÉ | SCORE=12 | OBJETS=['person', 'person', 'person']
[06:19:56] ZONE=CAM_piste_decolage | NIVEAU=ÉLEVÉ | SCORE=12 | OBJETS=['person', 'person', 'person']
[06:19:57] ZONE=CAM_piste_decolage | NIVEAU=ÉLEVÉ | SCORE=12 | OBJETS=['person', 'person', 'person']
[06:19:57] ZONE=CAM_piste_decolage | NIVEAU=ÉLEVÉ | SCORE=12 | OBJETS=['person', 'person', 'person']
[06:19:57] ZONE=CAM_piste_decolage | NIVEAU=ÉLEVÉ | SCORE=12 | OBJETS=['person', 'person', 'person']
[06:19:57] ZONE=CAM_piste_decolage | NIVEAU=ÉLEVÉ | SCORE=12 | OBJETS=['person', 'person', 'person']
[06:19:57] ZONE=CAM_piste_decolage | NIVEAU=ÉLEVÉ | SCORE=12 | OBJETS=['person', 'person', 'person']
[06:19:57] ZONE=CAM_piste_decolage | NIVEAU=ÉLEVÉ | SCORE=12 | OBJETS=['person', 'person', 'person']
[06:19:57] ZONE=CAM_piste_decolage | NIVEAU=ÉLEVÉ | SCORE=12 | OBJETS=['person', 'person', 'person']
[06:19:58] ZONE=CAM_piste_decolage | NIVEAU=ÉLEVÉ | SCORE=12 | OBJETS=['person', 'person', 'person']
[06:19:58] ZONE=CAM_piste_decolage | NIVEAU=ÉLEVÉ | SCORE=12 | OBJETS=['person', 'person', 'person']
[06:19:58] ZONE=CAM_piste_decolage | NIVEAU=ÉLEVÉ | SCORE=12 | OBJETS=['person', 'person', 'person']
[06:19:58] ZONE=CAM_piste_decolage | NIVEAU=ÉLEVÉ | SCORE=12 | OBJETS=['person', 'person', 'person']
[06:19:58] ZONE=CAM_piste_decolage | NIVEAU=ÉLEVÉ | SCORE=12 | OBJETS=['person', 'person', 'person']
[06:19:58] ZONE=CAM_piste_decolage | NIVEAU=ÉLEVÉ | SCORE=13 | OBJETS=['person', 'person', 'person', 'backpack']
[06:19:58] ZONE=CAM_piste_decolage | NIVEAU=ÉLEVÉ | SCORE=12 | OBJETS=['person', 'person', 'person']
[06:19:59] ZONE=CAM_piste_decolage | NIVEAU=ÉLEVÉ | SCORE=17 | OBJETS=['person', 'person', 'person', 'person', 'backpack']
[06:19:59] ZONE=CAM_piste_decolage | NIVEAU=ÉLEVÉ | SCORE=12 | OBJETS=['person', 'person', 'person']
[06:19:59] ZONE=CAM_piste_decolage | NIVEAU=ÉLEVÉ | SCORE=13 | OBJETS=['person', 'person', 'person', 'backpack']
[06:19:59] ZONE=CAM_piste_decolage | NIVEAU=ÉLEVÉ | SCORE=12 | OBJETS=['person', 'person', 'person']
[06:19:59] ZONE=CAM_piste_decolage | NIVEAU=ÉLEVÉ | SCORE=13 | OBJETS=['person', 'person', 'person', 'backpack']
[06:19:59] ZONE=CAM_piste_decolage | NIVEAU=ÉLEVÉ | SCORE=12 | OBJETS=['person', 'person', 'person']
[06:19:59] ZONE=CAM_piste_decolage | NIVEAU=ÉLEVÉ | SCORE=13 | OBJETS=['person', 'person', 'person', 'backpack']
[06:20:00] ZONE=CAM_piste_decolage | NIVEAU=ÉLEVÉ | SCORE=12 | OBJETS=['person', 'person', 'person']
[06:20:00] ZONE=CAM_piste_decolage | NIVEAU=ÉLEVÉ | SCORE=13 | OBJETS=['person', 'person', 'person', 'backpack']
[06:20:00] ZONE=CAM_piste_decolage | NIVEAU=ÉLEVÉ | SCORE=13 | OBJETS=['person', 'person', 'person', 'backpack']
[06:20:00] ZONE=CAM_piste_decolage | NIVEAU=ÉLEVÉ | SCORE=12 | OBJETS=['person', 'person', 'person']
[06:20:00] ZONE=CAM_piste_decolage | NIVEAU=ÉLEVÉ | SCORE=12 | OBJETS=['person', 'person', 'person']
[06:20:01] ZONE=CAM_piste_decolage | NIVEAU=ÉLEVÉ | SCORE=12 | OBJETS=['person', 'person', 'person']
[06:20:01] ZONE=CAM_piste_decolage | NIVEAU=ÉLEVÉ | SCORE=13 | OBJETS=['person', 'person', 'person', 'backpack']
[06:20:01] ZONE=CAM_piste_decolage | NIVEAU=ÉLEVÉ | SCORE=13 | OBJETS=['person', 'person', 'person', 'backpack']
[06:20:01] ZONE=CAM_piste_decolage | NIVEAU=ÉLEVÉ | SCORE=13 | OBJETS=['person', 'person', 'person', 'backpack']
[06:20:01] ZONE=CAM_piste_decolage | NIVEAU=ÉLEVÉ | SCORE=13 | OBJETS=['person', 'person', 'person', 'backpack']
[06:20:01] ZONE=CAM_piste_decolage | NIVEAU=ÉLEVÉ | SCORE=13 | OBJETS=['person', 'person', 'person', 'backpack']
[06:20:01] ZONE=CAM_piste_decolage | NIVEAU=ÉLEVÉ | SCORE=14 | OBJETS=['person', 'person', 'person', 'backpack', 'backpack']
[06:20:02] ZONE=CAM_piste_decolage | NIVEAU=ÉLEVÉ | SCORE=12 | OBJETS=['person', 'person', 'person']
[06:20:02] ZONE=CAM_piste_decolage | NIVEAU=ÉLEVÉ | SCORE=16 | OBJETS=['person', 'person', 'person', 'person']
[06:20:02] ZONE=CAM_piste_decolage | NIVEAU=ÉLEVÉ | SCORE=13 | OBJETS=['person', 'person', 'person', 'backpack']
[06:20:02] ZONE=CAM_piste_decolage | NIVEAU=ÉLEVÉ | SCORE=13 | OBJETS=['person', 'person', 'person', 'backpack']
[06:20:02] ZONE=CAM_piste_decolage | NIVEAU=ÉLEVÉ | SCORE=13 | OBJETS=['person', 'person', 'person', 'backpack']
[06:20:02] ZONE=CAM_piste_decolage | NIVEAU=ÉLEVÉ | SCORE=12 | OBJETS=['person', 'person', 'person']
[06:20:02] ZONE=CAM_piste_decolage | NIVEAU=ÉLEVÉ | SCORE=13 | OBJETS=['person', 'person', 'person', 'backpack']
[06:20:03] ZONE=CAM_piste_decolage | NIVEAU=ÉLEVÉ | SCORE=13 | OBJETS=['person', 'person', 'person', 'backpack']
[06:20:03] ZONE=CAM_piste_decolage | NIVEAU=ÉLEVÉ | SCORE=12 | OBJETS=['person', 'person', 'person']
[06:20:03] ZONE=CAM_piste_decolage | NIVEAU=ÉLEVÉ | SCORE=12 | OBJETS=['person', 'person', 'person']
[06:20:03] ZONE=CAM_piste_decolage | NIVEAU=ÉLEVÉ | SCORE=12 | OBJETS=['person', 'person', 'person']
[06:20:03] ZONE=CAM_piste_decolage | NIVEAU=ÉLEVÉ | SCORE=12 | OBJETS=['person', 'person', 'person']
[06:20:03] ZONE=CAM_piste_decolage | NIVEAU=ÉLEVÉ | SCORE=12 | OBJETS=['person', 'person', 'person']
[06:20:03] ZONE=CAM_piste_decolage | NIVEAU=ÉLEVÉ | SCORE=12 | OBJETS=['person', 'person', 'person']
[06:20:04] ZONE=CAM_piste_decolage | NIVEAU=ÉLEVÉ | SCORE=12 | OBJETS=['person', 'person', 'person']
[06:20:04] ZONE=CAM_piste_decolage | NIVEAU=ÉLEVÉ | SCORE=12 | OBJETS=['person', 'person', 'person']
[06:20:04] ZONE=CAM_piste_decolage | NIVEAU=ÉLEVÉ | SCORE=12 | OBJETS=['person', 'person', 'person']
[06:20:04] ZONE=CAM_piste_decolage | NIVEAU=ÉLEVÉ | SCORE=12 | OBJETS=['person', 'person', 'person']
[06:20:04] ZONE=CAM_piste_decolage | NIVEAU=ÉLEVÉ | SCORE=12 | OBJETS=['person', 'person', 'person']
[06:20:04] ZONE=CAM_piste_decolage | NIVEAU=ÉLEVÉ | SCORE=12 | OBJETS=['person', 'person', 'person']
[06:20:04] ZONE=CAM_piste_decolage | NIVEAU=ÉLEVÉ | SCORE=12 | OBJETS=['person', 'person', 'person']
[06:20:05] ZONE=CAM_piste_decolage | NIVEAU=ÉLEVÉ | SCORE=13 | OBJETS=['person', 'person', 'person', 'backpack']
[06:20:05] ZONE=CAM_piste_decolage | NIVEAU=ÉLEVÉ | SCORE=12 | OBJETS=['person', 'person', 'person']
[06:20:05] ZONE=CAM_piste_decolage | NIVEAU=ÉLEVÉ | SCORE=13 | OBJETS=['person', 'person', 'person', 'backpack']
[06:20:05] ZONE=CAM_piste_decolage | NIVEAU=ÉLEVÉ | SCORE=12 | OBJETS=['person', 'person', 'person']
[06:20:05] ZONE=CAM_piste_decolage | NIVEAU=ÉLEVÉ | SCORE=12 | OBJETS=['person', 'person', 'person']
[06:20:05] ZONE=CAM_piste_decolage | NIVEAU=ÉLEVÉ | SCORE=13 | OBJETS=['person', 'person', 'person', 'backpack']
[06:20:05] ZONE=CAM_piste_decolage | NIVEAU=ÉLEVÉ | SCORE=12 | OBJETS=['person', 'person', 'person']
[06:20:05] ZONE=CAM_piste_decolage | NIVEAU=ÉLEVÉ | SCORE=13 | OBJETS=['person', 'backpack', 'person', 'person']
[06:20:06] ZONE=CAM_piste_decolage | NIVEAU=ÉLEVÉ | SCORE=13 | OBJETS=['person', 'person', 'person', 'backpack']
[06:20:06] ZONE=CAM_piste_decolage | NIVEAU=ÉLEVÉ | SCORE=13 | OBJETS=['person', 'person', 'person', 'backpack']
[06:20:06] ZONE=CAM_piste_decolage | NIVEAU=ÉLEVÉ | SCORE=13 | OBJETS=['person', 'backpack', 'person', 'person']
[06:20:06] ZONE=CAM_piste_decolage | NIVEAU=ÉLEVÉ | SCORE=13 | OBJETS=['person', 'backpack', 'person', 'person']
[06:20:06] ZONE=CAM_piste_decolage | NIVEAU=ÉLEVÉ | SCORE=13 | OBJETS=['backpack', 'person', 'person', 'person']
[06:20:06] ZONE=CAM_piste_decolage | NIVEAU=ÉLEVÉ | SCORE=9 | OBJETS=['person', 'backpack', 'person']
[06:20:06] ZONE=CAM_piste_decolage | NIVEAU=ÉLEVÉ | SCORE=9 | OBJETS=['person', 'person', 'backpack']
[06:20:07] ZONE=CAM_piste_decolage | NIVEAU=ÉLEVÉ | SCORE=10 | OBJETS=['person', 'person', 'backpack', 'backpack']
[06:20:07] ZONE=CAM_piste_decolage | NIVEAU=ÉLEVÉ | SCORE=10 | OBJETS=['person', 'person', 'backpack', 'backpack']
[06:20:07] ZONE=CAM_piste_decolage | NIVEAU=ÉLEVÉ | SCORE=10 | OBJETS=['person', 'person', 'backpack', 'backpack']
[06:20:07] ZONE=CAM_piste_decolage | NIVEAU=ÉLEVÉ | SCORE=8 | OBJETS=['person', 'person']
[06:20:07] ZONE=CAM_piste_decolage | NIVEAU=ÉLEVÉ | SCORE=9 | OBJETS=['person', 'person', 'backpack']
[06:20:07] ZONE=CAM_piste_decolage | NIVEAU=ÉLEVÉ | SCORE=8 | OBJETS=['person', 'person']
[06:20:07] ZONE=CAM_piste_decolage | NIVEAU=ÉLEVÉ | SCORE=8 | OBJETS=['person', 'person']
[06:20:08] ZONE=CAM_piste_decolage | NIVEAU=ÉLEVÉ | SCORE=9 | OBJETS=['person', 'person', 'backpack']
[06:20:08] ZONE=CAM_piste_decolage | NIVEAU=ÉLEVÉ | SCORE=9 | OBJETS=['person', 'person', 'backpack']
[06:20:08] ZONE=CAM_piste_decolage | NIVEAU=ÉLEVÉ | SCORE=9 | OBJETS=['person', 'person', 'backpack']
[06:20:08] ZONE=CAM_piste_decolage | NIVEAU=ÉLEVÉ | SCORE=10 | OBJETS=['person', 'person', 'backpack', 'backpack']
[06:20:08] ZONE=CAM_piste_decolage | NIVEAU=ÉLEVÉ | SCORE=10 | OBJETS=['person', 'person', 'backpack', 'backpack']
[06:20:08] ZONE=CAM_piste_decolage | NIVEAU=ÉLEVÉ | SCORE=10 | OBJETS=['person', 'backpack', 'person', 'backpack']
[06:20:08] ZONE=CAM_piste_decolage | NIVEAU=ÉLEVÉ | SCORE=9 | OBJETS=['person', 'person', 'backpack']
[06:20:09] ZONE=CAM_piste_decolage | NIVEAU=ÉLEVÉ | SCORE=9 | OBJETS=['person', 'backpack', 'person']
[06:20:09] ZONE=CAM_piste_decolage | NIVEAU=ÉLEVÉ | SCORE=10 | OBJETS=['person', 'person', 'backpack', 'backpack']
[06:20:09] ZONE=CAM_piste_decolage | NIVEAU=ÉLEVÉ | SCORE=8 | OBJETS=['person', 'person']
[06:20:09] ZONE=CAM_piste_decolage | NIVEAU=ÉLEVÉ | SCORE=9 | OBJETS=['person', 'person', 'backpack']
[06:20:09] ZONE=CAM_piste_decolage | NIVEAU=ÉLEVÉ | SCORE=9 | OBJETS=['person', 'person', 'backpack']
[06:20:09] ZONE=CAM_piste_decolage | NIVEAU=ÉLEVÉ | SCORE=9 | OBJETS=['person', 'person', 'backpack']
[06:20:09] ZONE=CAM_piste_decolage | NIVEAU=ÉLEVÉ | SCORE=9 | OBJETS=['person', 'person', 'backpack']
[06:20:10] ZONE=CAM_piste_decolage | NIVEAU=ÉLEVÉ | SCORE=13 | OBJETS=['person', 'person', 'backpack', 'person']
[06:20:10] ZONE=CAM_piste_decolage | NIVEAU=ÉLEVÉ | SCORE=13 | OBJETS=['person', 'person', 'backpack', 'person']
[06:20:10] ZONE=CAM_piste_decolage | NIVEAU=ÉLEVÉ | SCORE=12 | OBJETS=['person', 'person', 'person']
[06:20:10] ZONE=CAM_piste_decolage | NIVEAU=ÉLEVÉ | SCORE=13 | OBJETS=['person', 'backpack', 'person', 'person']
[06:20:10] ZONE=CAM_piste_decolage | NIVEAU=ÉLEVÉ | SCORE=9 | OBJETS=['person', 'backpack', 'person']
[06:20:10] ZONE=CAM_piste_decolage | NIVEAU=ÉLEVÉ | SCORE=9 | OBJETS=['person', 'backpack', 'person']
[06:20:10] ZONE=CAM_piste_decolage | NIVEAU=ÉLEVÉ | SCORE=9 | OBJETS=['person', 'backpack', 'person']
[06:20:10] ZONE=CAM_piste_decolage | NIVEAU=ÉLEVÉ | SCORE=10 | OBJETS=['person', 'person', 'backpack', 'backpack']
[06:20:11] ZONE=CAM_piste_decolage | NIVEAU=ÉLEVÉ | SCORE=10 | OBJETS=['person', 'person', 'backpack', 'backpack']
[06:20:11] ZONE=CAM_piste_decolage | NIVEAU=ÉLEVÉ | SCORE=10 | OBJETS=['person', 'person', 'backpack', 'backpack']
[06:20:11] ZONE=CAM_piste_decolage | NIVEAU=ÉLEVÉ | SCORE=10 | OBJETS=['person', 'person', 'backpack', 'backpack']
[06:20:11] ZONE=CAM_piste_decolage | NIVEAU=ÉLEVÉ | SCORE=9 | OBJETS=['person', 'person', 'backpack']
[06:20:11] ZONE=CAM_piste_decolage | NIVEAU=ÉLEVÉ | SCORE=9 | OBJETS=['person', 'person', 'backpack']
[06:20:11] ZONE=CAM_piste_decolage | NIVEAU=ÉLEVÉ | SCORE=9 | OBJETS=['person', 'person', 'backpack']
[06:20:11] ZONE=CAM_piste_decolage | NIVEAU=ÉLEVÉ | SCORE=8 | OBJETS=['person', 'person']
[06:20:12] ZONE=CAM_piste_decolage | NIVEAU=ÉLEVÉ | SCORE=8 | OBJETS=['person', 'person']
[06:20:12] ZONE=CAM_piste_decolage | NIVEAU=ÉLEVÉ | SCORE=8 | OBJETS=['person', 'person']
[06:20:12] ZONE=CAM_piste_decolage | NIVEAU=ÉLEVÉ | SCORE=8 | OBJETS=['person', 'person']
[06:20:12] ZONE=CAM_piste_decolage | NIVEAU=ÉLEVÉ | SCORE=8 | OBJETS=['person', 'person']
[06:20:12] ZONE=CAM_piste_decolage | NIVEAU=ÉLEVÉ | SCORE=8 | OBJETS=['person', 'person']
[06:20:12] ZONE=CAM_piste_decolage | NIVEAU=ÉLEVÉ | SCORE=8 | OBJETS=['person', 'person']
[06:20:12] ZONE=CAM_piste_decolage | NIVEAU=ÉLEVÉ | SCORE=8 | OBJETS=['person', 'person']
[06:20:13] ZONE=CAM_piste_decolage | NIVEAU=ÉLEVÉ | SCORE=8 | OBJETS=['person', 'person']
[06:20:13] ZONE=CAM_piste_decolage | NIVEAU=ÉLEVÉ | SCORE=8 | OBJETS=['person', 'person']
[06:20:13] ZONE=CAM_piste_decolage | NIVEAU=ÉLEVÉ | SCORE=8 | OBJETS=['person', 'person']
[06:20:13] ZONE=CAM_piste_decolage | NIVEAU=ÉLEVÉ | SCORE=8 | OBJETS=['person', 'person']
[06:20:13] ZONE=CAM_piste_decolage | NIVEAU=ÉLEVÉ | SCORE=16 | OBJETS=['person', 'person', 'person', 'person']
[06:20:13] ZONE=CAM_piste_decolage | NIVEAU=ÉLEVÉ | SCORE=12 | OBJETS=['person', 'person', 'person']
[06:20:13] ZONE=CAM_piste_decolage | NIVEAU=ÉLEVÉ | SCORE=12 | OBJETS=['person', 'person', 'person']
[06:20:14] ZONE=CAM_piste_decolage | NIVEAU=ÉLEVÉ | SCORE=12 | OBJETS=['person', 'person', 'person']
[06:20:14] ZONE=CAM_piste_decolage | NIVEAU=ÉLEVÉ | SCORE=12 | OBJETS=['person', 'person', 'person']
[06:20:14] ZONE=CAM_piste_decolage | NIVEAU=ÉLEVÉ | SCORE=12 | OBJETS=['person', 'person', 'person']
[06:20:14] ZONE=CAM_piste_decolage | NIVEAU=ÉLEVÉ | SCORE=12 | OBJETS=['person', 'person', 'person']
[06:20:14] ZONE=CAM_piste_decolage | NIVEAU=ÉLEVÉ | SCORE=12 | OBJETS=['person', 'person', 'person']
[06:20:14] ZONE=CAM_piste_decolage | NIVEAU=ÉLEVÉ | SCORE=16 | OBJETS=['person', 'person', 'person', 'person']
[06:20:14] ZONE=CAM_piste_decolage | NIVEAU=ÉLEVÉ | SCORE=16 | OBJETS=['person', 'person', 'person', 'person']
[06:20:15] ZONE=CAM_piste_decolage | NIVEAU=ÉLEVÉ | SCORE=12 | OBJETS=['person', 'person', 'person']
[06:20:15] ZONE=CAM_piste_decolage | NIVEAU=ÉLEVÉ | SCORE=16 | OBJETS=['person', 'person', 'person', 'person']
[06:20:15] ZONE=CAM_piste_decolage | NIVEAU=ÉLEVÉ | SCORE=16 | OBJETS=['person', 'person', 'person', 'person']
[06:20:15] ZONE=CAM_piste_decolage | NIVEAU=ÉLEVÉ | SCORE=16 | OBJETS=['person', 'person', 'person', 'person']
[06:20:15] ZONE=CAM_piste_decolage | NIVEAU=ÉLEVÉ | SCORE=12 | OBJETS=['person', 'person', 'person']
[06:20:15] ZONE=CAM_piste_decolage | NIVEAU=ÉLEVÉ | SCORE=12 | OBJETS=['person', 'person', 'person']
[06:20:15] ZONE=CAM_piste_decolage | NIVEAU=ÉLEVÉ | SCORE=12 | OBJETS=['person', 'person', 'person']
[06:20:15] ZONE=CAM_piste_decolage | NIVEAU=ÉLEVÉ | SCORE=12 | OBJETS=['person', 'person', 'person']
[06:20:16] ZONE=CAM_piste_decolage | NIVEAU=ÉLEVÉ | SCORE=12 | OBJETS=['person', 'person', 'person']
[06:20:16] ZONE=CAM_piste_decolage | NIVEAU=ÉLEVÉ | SCORE=16 | OBJETS=['person', 'person', 'person', 'person']
[06:20:16] ZONE=CAM_piste_decolage | NIVEAU=ÉLEVÉ | SCORE=12 | OBJETS=['person', 'person', 'person']
[06:20:16] ZONE=CAM_piste_decolage | NIVEAU=ÉLEVÉ | SCORE=12 | OBJETS=['person', 'person', 'person']
[06:20:16] ZONE=CAM_piste_decolage | NIVEAU=ÉLEVÉ | SCORE=12 | OBJETS=['person', 'person', 'person']
[06:20:16] ZONE=CAM_piste_decolage | NIVEAU=ÉLEVÉ | SCORE=12 | OBJETS=['person', 'person', 'person']
[06:20:16] ZONE=CAM_piste_decolage | NIVEAU=ÉLEVÉ | SCORE=12 | OBJETS=['person', 'person', 'person']
[06:20:17] ZONE=CAM_piste_decolage | NIVEAU=ÉLEVÉ | SCORE=12 | OBJETS=['person', 'person', 'person']
[06:20:17] ZONE=CAM_piste_decolage | NIVEAU=ÉLEVÉ | SCORE=12 | OBJETS=['person', 'person', 'person']
[06:20:17] ZONE=CAM_piste_decolage | NIVEAU=ÉLEVÉ | SCORE=12 | OBJETS=['person', 'person', 'person']
[06:20:17] ZONE=CAM_piste_decolage | NIVEAU=ÉLEVÉ | SCORE=16 | OBJETS=['person', 'person', 'person', 'person']
[06:20:17] ZONE=CAM_piste_decolage | NIVEAU=ÉLEVÉ | SCORE=12 | OBJETS=['person', 'person', 'person']
[06:20:17] ZONE=CAM_piste_decolage | NIVEAU=ÉLEVÉ | SCORE=12 | OBJETS=['person', 'person', 'person']
[06:20:17] ZONE=CAM_piste_decolage | NIVEAU=ÉLEVÉ | SCORE=12 | OBJETS=['person', 'person', 'person']
[06:20:18] ZONE=CAM_piste_decolage | NIVEAU=ÉLEVÉ | SCORE=12 | OBJETS=['person', 'person', 'person']
[06:20:18] ZONE=CAM_piste_decolage | NIVEAU=ÉLEVÉ | SCORE=12 | OBJETS=['person', 'person', 'person']
[06:20:18] ZONE=CAM_piste_decolage | NIVEAU=ÉLEVÉ | SCORE=12 | OBJETS=['person', 'person', 'person']
[06:20:18] ZONE=CAM_piste_decolage | NIVEAU=ÉLEVÉ | SCORE=12 | OBJETS=['person', 'person', 'person']
[06:20:18] ZONE=CAM_piste_decolage | NIVEAU=ÉLEVÉ | SCORE=16 | OBJETS=['person', 'person', 'person', 'person']
[06:20:18] ZONE=CAM_piste_decolage | NIVEAU=ÉLEVÉ | SCORE=16 | OBJETS=['person', 'person', 'person', 'person']
[06:20:18] ZONE=CAM_piste_decolage | NIVEAU=ÉLEVÉ | SCORE=16 | OBJETS=['person', 'person', 'person', 'person']
[06:20:18] ZONE=CAM_piste_decolage | NIVEAU=ÉLEVÉ | SCORE=8 | OBJETS=['person', 'person']
[06:20:19] ZONE=CAM_piste_decolage | NIVEAU=ÉLEVÉ | SCORE=8 | OBJETS=['person', 'person']
[06:20:19] ZONE=CAM_piste_decolage | NIVEAU=ÉLEVÉ | SCORE=8 | OBJETS=['person', 'person']
[06:20:19] ZONE=CAM_piste_decolage | NIVEAU=ÉLEVÉ | SCORE=8 | OBJETS=['person', 'person']
[06:20:19] ZONE=CAM_piste_decolage | NIVEAU=ÉLEVÉ | SCORE=8 | OBJETS=['person', 'person']
[06:20:19] ZONE=CAM_piste_decolage | NIVEAU=ÉLEVÉ | SCORE=8 | OBJETS=['person', 'person']
[06:20:19] ZONE=CAM_piste_decolage | NIVEAU=ÉLEVÉ | SCORE=8 | OBJETS=['person', 'person']
[06:20:19] ZONE=CAM_piste_decolage | NIVEAU=ÉLEVÉ | SCORE=8 | OBJETS=['person', 'person']
[06:20:20] ZONE=CAM_piste_decolage | NIVEAU=ÉLEVÉ | SCORE=8 | OBJETS=['person', 'person']
[06:20:20] ZONE=CAM_piste_decolage | NIVEAU=ÉLEVÉ | SCORE=8 | OBJETS=['person', 'person']
[06:20:20] ZONE=CAM_piste_decolage | NIVEAU=ÉLEVÉ | SCORE=8 | OBJETS=['person', 'person']
[06:20:20] ZONE=CAM_piste_decolage | NIVEAU=ÉLEVÉ | SCORE=8 | OBJETS=['person', 'person']
[06:20:20] ZONE=CAM_piste_decolage | NIVEAU=ÉLEVÉ | SCORE=8 | OBJETS=['person', 'person']
[06:20:20] ZONE=CAM_piste_decolage | NIVEAU=ÉLEVÉ | SCORE=8 | OBJETS=['person', 'person']
[06:20:20] ZONE=CAM_piste_decolage | NIVEAU=ÉLEVÉ | SCORE=8 | OBJETS=['person', 'person']
[06:20:21] ZONE=CAM_piste_decolage | NIVEAU=ÉLEVÉ | SCORE=9 | OBJETS=['person', 'person', 'backpack']
[06:20:21] ZONE=CAM_piste_decolage | NIVEAU=ÉLEVÉ | SCORE=9 | OBJETS=['person', 'person', 'backpack']
[06:20:21] ZONE=CAM_piste_decolage | NIVEAU=ÉLEVÉ | SCORE=9 | OBJETS=['person', 'person', 'backpack']
[06:20:21] ZONE=CAM_piste_decolage | NIVEAU=ÉLEVÉ | SCORE=8 | OBJETS=['person', 'person']
[06:20:21] ZONE=CAM_piste_decolage | NIVEAU=ÉLEVÉ | SCORE=8 | OBJETS=['person', 'person']
[06:20:21] ZONE=CAM_piste_decolage | NIVEAU=ÉLEVÉ | SCORE=8 | OBJETS=['person', 'person']
[06:20:21] ZONE=CAM_piste_decolage | NIVEAU=ÉLEVÉ | SCORE=9 | OBJETS=['person', 'person', 'backpack']
[06:20:21] ZONE=CAM_piste_decolage | NIVEAU=ÉLEVÉ | SCORE=8 | OBJETS=['person', 'person']
[06:20:22] ZONE=CAM_piste_decolage | NIVEAU=ÉLEVÉ | SCORE=8 | OBJETS=['person', 'person']
[06:20:22] ZONE=CAM_piste_decolage | NIVEAU=ÉLEVÉ | SCORE=8 | OBJETS=['person', 'person']
[06:20:22] ZONE=CAM_piste_decolage | NIVEAU=ÉLEVÉ | SCORE=8 | OBJETS=['person', 'person']
[06:20:22] ZONE=CAM_piste_decolage | NIVEAU=ÉLEVÉ | SCORE=9 | OBJETS=['person', 'person', 'backpack']
[06:20:22] ZONE=CAM_piste_decolage | NIVEAU=ÉLEVÉ | SCORE=9 | OBJETS=['person', 'person', 'backpack']
[06:20:22] ZONE=CAM_piste_decolage | NIVEAU=ÉLEVÉ | SCORE=9 | OBJETS=['person', 'person', 'backpack']
[06:20:22] ZONE=CAM_piste_decolage | NIVEAU=ÉLEVÉ | SCORE=9 | OBJETS=['person', 'person', 'backpack']
[06:20:23] ZONE=CAM_piste_decolage | NIVEAU=ÉLEVÉ | SCORE=8 | OBJETS=['person', 'person']
[06:20:23] ZONE=CAM_piste_decolage | NIVEAU=ÉLEVÉ | SCORE=9 | OBJETS=['person', 'person', 'backpack']
[06:20:23] ZONE=CAM_piste_decolage | NIVEAU=ÉLEVÉ | SCORE=9 | OBJETS=['person', 'person', 'backpack']
[06:20:23] ZONE=CAM_piste_decolage | NIVEAU=ÉLEVÉ | SCORE=8 | OBJETS=['person', 'person']
[06:20:23] ZONE=CAM_piste_decolage | NIVEAU=ÉLEVÉ | SCORE=8 | OBJETS=['person', 'person']
[06:20:23] ZONE=CAM_piste_decolage | NIVEAU=ÉLEVÉ | SCORE=9 | OBJETS=['person', 'person', 'backpack']
[06:20:23] ZONE=CAM_piste_decolage | NIVEAU=ÉLEVÉ | SCORE=8 | OBJETS=['person', 'person']
[06:20:24] ZONE=CAM_piste_decolage | NIVEAU=ÉLEVÉ | SCORE=8 | OBJETS=['person', 'person']
[06:20:24] ZONE=CAM_piste_decolage | NIVEAU=ÉLEVÉ | SCORE=9 | OBJETS=['person', 'person', 'backpack']
[06:20:24] ZONE=CAM_piste_decolage | NIVEAU=ÉLEVÉ | SCORE=8 | OBJETS=['person', 'person']
[06:20:24] ZONE=CAM_piste_decolage | NIVEAU=ÉLEVÉ | SCORE=8 | OBJETS=['person', 'person']
[06:20:24] ZONE=CAM_piste_decolage | NIVEAU=ÉLEVÉ | SCORE=8 | OBJETS=['person', 'person']
[06:20:24] ZONE=CAM_piste_decolage | NIVEAU=ÉLEVÉ | SCORE=9 | OBJETS=['person', 'person', 'backpack']
[06:20:24] ZONE=CAM_piste_decolage | NIVEAU=ÉLEVÉ | SCORE=8 | OBJETS=['person', 'person']
[06:20:25] ZONE=CAM_piste_decolage | NIVEAU=ÉLEVÉ | SCORE=9 | OBJETS=['person', 'person', 'backpack']
[06:20:25] ZONE=CAM_piste_decolage | NIVEAU=ÉLEVÉ | SCORE=8 | OBJETS=['person', 'person']
[06:20:25] ZONE=CAM_piste_decolage | NIVEAU=ÉLEVÉ | SCORE=8 | OBJETS=['person', 'person']
[06:20:25] ZONE=CAM_piste_decolage | NIVEAU=ÉLEVÉ | SCORE=8 | OBJETS=['person', 'person']
[06:20:25] ZONE=CAM_piste_decolage | NIVEAU=ÉLEVÉ | SCORE=12 | OBJETS=['person', 'person', 'person']
[06:20:25] ZONE=CAM_piste_decolage | NIVEAU=ÉLEVÉ | SCORE=8 | OBJETS=['person', 'person']
[06:20:25] ZONE=CAM_piste_decolage | NIVEAU=ÉLEVÉ | SCORE=12 | OBJETS=['person', 'person', 'person']
[06:20:26] ZONE=CAM_piste_decolage | NIVEAU=ÉLEVÉ | SCORE=13 | OBJETS=['person', 'person', 'person', 'backpack']
[06:20:26] ZONE=CAM_piste_decolage | NIVEAU=ÉLEVÉ | SCORE=16 | OBJETS=['person', 'person', 'person', 'person']
[06:20:26] ZONE=CAM_piste_decolage | NIVEAU=ÉLEVÉ | SCORE=16 | OBJETS=['person', 'person', 'person', 'person']
[06:20:26] ZONE=CAM_piste_decolage | NIVEAU=ÉLEVÉ | SCORE=12 | OBJETS=['person', 'person', 'person']
[06:20:26] ZONE=CAM_piste_decolage | NIVEAU=ÉLEVÉ | SCORE=16 | OBJETS=['person', 'person', 'person', 'person']
[06:20:26] ZONE=CAM_piste_decolage | NIVEAU=ÉLEVÉ | SCORE=16 | OBJETS=['person', 'person', 'person', 'person']
[06:20:26] ZONE=CAM_piste_decolage | NIVEAU=ÉLEVÉ | SCORE=16 | OBJETS=['person', 'person', 'person', 'person']
[06:20:26] ZONE=CAM_piste_decolage | NIVEAU=ÉLEVÉ | SCORE=16 | OBJETS=['person', 'person', 'person', 'person']
[06:20:27] ZONE=CAM_piste_decolage | NIVEAU=ÉLEVÉ | SCORE=16 | OBJETS=['person', 'person', 'person', 'person']
[06:20:27] ZONE=CAM_piste_decolage | NIVEAU=ÉLEVÉ | SCORE=12 | OBJETS=['person', 'person', 'person']
[06:20:27] ZONE=CAM_piste_decolage | NIVEAU=ÉLEVÉ | SCORE=16 | OBJETS=['person', 'person', 'person', 'person']
[06:20:27] ZONE=CAM_piste_decolage | NIVEAU=ÉLEVÉ | SCORE=12 | OBJETS=['person', 'person', 'person']
[06:20:27] ZONE=CAM_piste_decolage | NIVEAU=ÉLEVÉ | SCORE=12 | OBJETS=['person', 'person', 'person']
[06:20:27] ZONE=CAM_piste_decolage | NIVEAU=ÉLEVÉ | SCORE=12 | OBJETS=['person', 'person', 'person']
[06:20:27] ZONE=CAM_piste_decolage | NIVEAU=ÉLEVÉ | SCORE=12 | OBJETS=['person', 'person', 'person']
[06:20:28] ZONE=CAM_piste_decolage | NIVEAU=ÉLEVÉ | SCORE=16 | OBJETS=['person', 'person', 'person', 'person']
[06:20:28] ZONE=CAM_piste_decolage | NIVEAU=ÉLEVÉ | SCORE=16 | OBJETS=['person', 'person', 'person', 'person']
[06:20:28] ZONE=CAM_piste_decolage | NIVEAU=ÉLEVÉ | SCORE=12 | OBJETS=['person', 'person', 'person']
[06:20:28] ZONE=CAM_piste_decolage | NIVEAU=ÉLEVÉ | SCORE=16 | OBJETS=['person', 'person', 'person', 'person']
[06:20:28] ZONE=CAM_piste_decolage | NIVEAU=ÉLEVÉ | SCORE=12 | OBJETS=['person', 'person', 'person']
[06:20:28] ZONE=CAM_piste_decolage | NIVEAU=ÉLEVÉ | SCORE=12 | OBJETS=['person', 'person', 'person']
[06:20:28] ZONE=CAM_piste_decolage | NIVEAU=ÉLEVÉ | SCORE=12 | OBJETS=['person', 'person', 'person']
[06:20:29] ZONE=CAM_piste_decolage | NIVEAU=ÉLEVÉ | SCORE=12 | OBJETS=['person', 'person', 'person']
[06:20:29] ZONE=CAM_piste_decolage | NIVEAU=ÉLEVÉ | SCORE=12 | OBJETS=['person', 'person', 'person']
[06:20:29] ZONE=CAM_piste_decolage | NIVEAU=ÉLEVÉ | SCORE=12 | OBJETS=['person', 'person', 'person']
[06:20:29] ZONE=CAM_piste_decolage | NIVEAU=ÉLEVÉ | SCORE=12 | OBJETS=['person', 'person', 'person']
[06:20:29] ZONE=CAM_piste_decolage | NIVEAU=ÉLEVÉ | SCORE=12 | OBJETS=['person', 'person', 'person']
[06:20:29] ZONE=CAM_piste_decolage | NIVEAU=ÉLEVÉ | SCORE=8 | OBJETS=['person', 'person']
[06:20:29] ZONE=CAM_piste_decolage | NIVEAU=ÉLEVÉ | SCORE=8 | OBJETS=['person', 'person']
[06:20:30] ZONE=CAM_piste_decolage | NIVEAU=ÉLEVÉ | SCORE=8 | OBJETS=['person', 'person']
[06:20:30] ZONE=CAM_piste_decolage | NIVEAU=ÉLEVÉ | SCORE=8 | OBJETS=['person', 'person']
[06:20:30] ZONE=CAM_piste_decolage | NIVEAU=ÉLEVÉ | SCORE=8 | OBJETS=['person', 'person']
[06:20:30] ZONE=CAM_piste_decolage | NIVEAU=ÉLEVÉ | SCORE=8 | OBJETS=['person', 'person']
[06:20:30] ZONE=CAM_piste_decolage | NIVEAU=ÉLEVÉ | SCORE=8 | OBJETS=['person', 'person']
[06:20:30] ZONE=CAM_piste_decolage | NIVEAU=ÉLEVÉ | SCORE=8 | OBJETS=['person', 'person']
[06:20:31] ZONE=CAM_piste_decolage | NIVEAU=ÉLEVÉ | SCORE=12 | OBJETS=['person', 'person', 'person']
[06:20:31] ZONE=CAM_piste_decolage | NIVEAU=ÉLEVÉ | SCORE=8 | OBJETS=['person', 'person']
[06:20:31] ZONE=CAM_piste_decolage | NIVEAU=ÉLEVÉ | SCORE=8 | OBJETS=['person', 'person']
[06:20:31] ZONE=CAM_piste_decolage | NIVEAU=ÉLEVÉ | SCORE=8 | OBJETS=['person', 'person']
[06:20:31] ZONE=CAM_piste_decolage | NIVEAU=ÉLEVÉ | SCORE=8 | OBJETS=['person', 'person']
[06:20:31] ZONE=CAM_piste_decolage | NIVEAU=ÉLEVÉ | SCORE=12 | OBJETS=['person', 'person', 'person']
[06:20:31] ZONE=CAM_piste_decolage | NIVEAU=ÉLEVÉ | SCORE=12 | OBJETS=['person', 'person', 'person']
[06:20:32] ZONE=CAM_piste_decolage | NIVEAU=ÉLEVÉ | SCORE=8 | OBJETS=['person', 'person']
[06:20:32] ZONE=CAM_piste_decolage | NIVEAU=ÉLEVÉ | SCORE=12 | OBJETS=['person', 'person', 'person']
[06:20:32] ZONE=CAM_piste_decolage | NIVEAU=ÉLEVÉ | SCORE=12 | OBJETS=['person', 'person', 'person']
[06:20:32] ZONE=CAM_piste_decolage | NIVEAU=ÉLEVÉ | SCORE=12 | OBJETS=['person', 'person', 'person']
[06:20:32] ZONE=CAM_piste_decolage | NIVEAU=ÉLEVÉ | SCORE=8 | OBJETS=['person', 'person']
[06:20:32] ZONE=CAM_piste_decolage | NIVEAU=ÉLEVÉ | SCORE=12 | OBJETS=['person', 'person', 'person']
[06:20:32] ZONE=CAM_piste_decolage | NIVEAU=ÉLEVÉ | SCORE=8 | OBJETS=['person', 'person']
[06:20:33] ZONE=CAM_piste_decolage | NIVEAU=ÉLEVÉ | SCORE=12 | OBJETS=['person', 'person', 'person']
[06:20:33] ZONE=CAM_piste_decolage | NIVEAU=ÉLEVÉ | SCORE=16 | OBJETS=['person', 'person', 'person', 'person']
[06:20:33] ZONE=CAM_piste_decolage | NIVEAU=ÉLEVÉ | SCORE=16 | OBJETS=['person', 'person', 'person', 'person']
[06:20:33] ZONE=CAM_piste_decolage | NIVEAU=ÉLEVÉ | SCORE=12 | OBJETS=['person', 'person', 'person']
[06:20:33] ZONE=CAM_piste_decolage | NIVEAU=ÉLEVÉ | SCORE=12 | OBJETS=['person', 'person', 'person']
[06:20:33] ZONE=CAM_piste_decolage | NIVEAU=ÉLEVÉ | SCORE=16 | OBJETS=['person', 'person', 'person', 'person']
[06:20:33] ZONE=CAM_piste_decolage | NIVEAU=ÉLEVÉ | SCORE=12 | OBJETS=['person', 'person', 'person']
[06:20:34] ZONE=CAM_piste_decolage | NIVEAU=ÉLEVÉ | SCORE=16 | OBJETS=['person', 'person', 'person', 'person']
[06:20:34] ZONE=CAM_piste_decolage | NIVEAU=ÉLEVÉ | SCORE=12 | OBJETS=['person', 'person', 'person']
[06:20:34] ZONE=CAM_piste_decolage | NIVEAU=ÉLEVÉ | SCORE=12 | OBJETS=['person', 'person', 'person']
[06:20:34] ZONE=CAM_piste_decolage | NIVEAU=ÉLEVÉ | SCORE=16 | OBJETS=['person', 'person', 'person', 'person']
[06:20:34] ZONE=CAM_piste_decolage | NIVEAU=ÉLEVÉ | SCORE=12 | OBJETS=['person', 'person', 'person']
[06:20:34] ZONE=CAM_piste_decolage | NIVEAU=ÉLEVÉ | SCORE=16 | OBJETS=['person', 'person', 'person', 'person']
[06:20:34] ZONE=CAM_piste_decolage | NIVEAU=ÉLEVÉ | SCORE=16 | OBJETS=['person', 'person', 'person', 'person']
[06:20:35] ZONE=CAM_piste_decolage | NIVEAU=ÉLEVÉ | SCORE=16 | OBJETS=['person', 'person', 'person', 'person']
[06:20:35] ZONE=CAM_piste_decolage | NIVEAU=ÉLEVÉ | SCORE=12 | OBJETS=['person', 'person', 'person']
[06:20:35] ZONE=CAM_piste_decolage | NIVEAU=ÉLEVÉ | SCORE=12 | OBJETS=['person', 'person', 'person']
[06:20:35] ZONE=CAM_piste_decolage | NIVEAU=ÉLEVÉ | SCORE=12 | OBJETS=['person', 'person', 'person']
[06:20:35] ZONE=CAM_piste_decolage | NIVEAU=ÉLEVÉ | SCORE=12 | OBJETS=['person', 'person', 'person']
[06:20:35] ZONE=CAM_piste_decolage | NIVEAU=ÉLEVÉ | SCORE=12 | OBJETS=['person', 'person', 'person']
[06:20:36] ZONE=CAM_piste_decolage | NIVEAU=ÉLEVÉ | SCORE=12 | OBJETS=['person', 'person', 'person']
[06:20:36] ZONE=CAM_piste_decolage | NIVEAU=ÉLEVÉ | SCORE=12 | OBJETS=['person', 'person', 'person']
[06:20:36] ZONE=CAM_piste_decolage | NIVEAU=ÉLEVÉ | SCORE=8 | OBJETS=['person', 'person']
[06:20:36] ZONE=CAM_piste_decolage | NIVEAU=ÉLEVÉ | SCORE=8 | OBJETS=['person', 'person']
[06:20:36] ZONE=CAM_piste_decolage | NIVEAU=ÉLEVÉ | SCORE=8 | OBJETS=['person', 'person']
[06:20:36] ZONE=CAM_piste_decolage | NIVEAU=ÉLEVÉ | SCORE=12 | OBJETS=['person', 'person', 'person']
[06:20:36] ZONE=CAM_piste_decolage | NIVEAU=ÉLEVÉ | SCORE=8 | OBJETS=['person', 'person']
[06:20:37] ZONE=CAM_piste_decolage | NIVEAU=ÉLEVÉ | SCORE=8 | OBJETS=['person', 'person']
[06:20:37] ZONE=CAM_piste_decolage | NIVEAU=ÉLEVÉ | SCORE=8 | OBJETS=['person', 'person']
[06:20:37] ZONE=CAM_piste_decolage | NIVEAU=ÉLEVÉ | SCORE=12 | OBJETS=['person', 'person', 'person']
[06:20:37] ZONE=CAM_piste_decolage | NIVEAU=ÉLEVÉ | SCORE=8 | OBJETS=['person', 'person']
[06:20:37] ZONE=CAM_piste_decolage | NIVEAU=ÉLEVÉ | SCORE=12 | OBJETS=['person', 'person', 'person']
[06:20:37] ZONE=CAM_piste_decolage | NIVEAU=ÉLEVÉ | SCORE=8 | OBJETS=['person', 'person']
[06:20:37] ZONE=CAM_piste_decolage | NIVEAU=ÉLEVÉ | SCORE=12 | OBJETS=['person', 'person', 'person']
[06:20:38] ZONE=CAM_piste_decolage | NIVEAU=ÉLEVÉ | SCORE=12 | OBJETS=['person', 'person', 'person']
[06:20:38] ZONE=CAM_piste_decolage | NIVEAU=ÉLEVÉ | SCORE=8 | OBJETS=['person', 'person']
[06:20:38] ZONE=CAM_piste_decolage | NIVEAU=ÉLEVÉ | SCORE=12 | OBJETS=['person', 'person', 'person']
[06:20:38] ZONE=CAM_piste_decolage | NIVEAU=ÉLEVÉ | SCORE=8 | OBJETS=['person', 'person']
[06:20:38] ZONE=CAM_piste_decolage | NIVEAU=ÉLEVÉ | SCORE=12 | OBJETS=['person', 'person', 'person']
[06:20:38] ZONE=CAM_piste_decolage | NIVEAU=ÉLEVÉ | SCORE=12 | OBJETS=['person', 'person', 'person']
[06:20:38] ZONE=CAM_piste_decolage | NIVEAU=ÉLEVÉ | SCORE=8 | OBJETS=['person', 'person']
[06:20:39] ZONE=CAM_piste_decolage | NIVEAU=ÉLEVÉ | SCORE=12 | OBJETS=['person', 'person', 'person']
[06:20:39] ZONE=CAM_piste_decolage | NIVEAU=ÉLEVÉ | SCORE=8 | OBJETS=['person', 'person']
[06:20:39] ZONE=CAM_piste_decolage | NIVEAU=ÉLEVÉ | SCORE=8 | OBJETS=['person', 'person']
[06:20:39] ZONE=CAM_piste_decolage | NIVEAU=ÉLEVÉ | SCORE=12 | OBJETS=['person', 'person', 'person']
[06:20:39] ZONE=CAM_piste_decolage | NIVEAU=ÉLEVÉ | SCORE=8 | OBJETS=['person', 'person']
[06:20:39] ZONE=CAM_piste_decolage | NIVEAU=ÉLEVÉ | SCORE=8 | OBJETS=['person', 'person']
[06:20:39] ZONE=CAM_piste_decolage | NIVEAU=ÉLEVÉ | SCORE=8 | OBJETS=['person', 'person']
[06:20:40] ZONE=CAM_piste_decolage | NIVEAU=ÉLEVÉ | SCORE=12 | OBJETS=['person', 'person', 'person']
[06:20:40] ZONE=CAM_piste_decolage | NIVEAU=ÉLEVÉ | SCORE=9 | OBJETS=['person', 'person', 'backpack']
[06:20:40] ZONE=CAM_piste_decolage | NIVEAU=ÉLEVÉ | SCORE=8 | OBJETS=['person', 'person']
[06:20:40] ZONE=CAM_piste_decolage | NIVEAU=ÉLEVÉ | SCORE=12 | OBJETS=['person', 'person', 'person']
[06:20:40] ZONE=CAM_piste_decolage | NIVEAU=ÉLEVÉ | SCORE=12 | OBJETS=['person', 'person', 'person']
[06:20:40] ZONE=CAM_piste_decolage | NIVEAU=ÉLEVÉ | SCORE=8 | OBJETS=['person', 'person']
[06:20:41] ZONE=CAM_piste_decolage | NIVEAU=ÉLEVÉ | SCORE=12 | OBJETS=['person', 'person', 'person']
[06:20:41] ZONE=CAM_piste_decolage | NIVEAU=ÉLEVÉ | SCORE=12 | OBJETS=['person', 'person', 'person']
[06:20:41] ZONE=CAM_piste_decolage | NIVEAU=ÉLEVÉ | SCORE=8 | OBJETS=['person', 'person']
[06:20:41] ZONE=CAM_piste_decolage | NIVEAU=MOYEN | SCORE=4 | OBJETS=['person']
[06:20:41] ZONE=CAM_piste_decolage | NIVEAU=ÉLEVÉ | SCORE=8 | OBJETS=['person', 'person']
[06:20:41] ZONE=CAM_piste_decolage | NIVEAU=ÉLEVÉ | SCORE=8 | OBJETS=['person', 'person']
[06:20:41] ZONE=CAM_piste_decolage | NIVEAU=ÉLEVÉ | SCORE=9 | OBJETS=['person', 'person', 'backpack']
[06:20:42] ZONE=CAM_piste_decolage | NIVEAU=ÉLEVÉ | SCORE=8 | OBJETS=['person', 'person']
[06:20:42] ZONE=CAM_piste_decolage | NIVEAU=ÉLEVÉ | SCORE=8 | OBJETS=['person', 'person']
[06:20:42] ZONE=CAM_piste_decolage | NIVEAU=ÉLEVÉ | SCORE=8 | OBJETS=['person', 'person']
[06:20:42] ZONE=CAM_piste_decolage | NIVEAU=ÉLEVÉ | SCORE=8 | OBJETS=['person', 'person']
[06:20:42] ZONE=CAM_piste_decolage | NIVEAU=ÉLEVÉ | SCORE=8 | OBJETS=['person', 'person']
[06:20:42] ZONE=CAM_piste_decolage | NIVEAU=ÉLEVÉ | SCORE=8 | OBJETS=['person', 'person']
[06:20:42] ZONE=CAM_piste_decolage | NIVEAU=ÉLEVÉ | SCORE=8 | OBJETS=['person', 'person']
[06:20:43] ZONE=CAM_piste_decolage | NIVEAU=ÉLEVÉ | SCORE=8 | OBJETS=['person', 'person']
[06:20:43] ZONE=CAM_piste_decolage | NIVEAU=ÉLEVÉ | SCORE=8 | OBJETS=['person', 'person']
[06:20:43] ZONE=CAM_piste_decolage | NIVEAU=MOYEN | SCORE=4 | OBJETS=['person']
[06:20:43] ZONE=CAM_piste_decolage | NIVEAU=MOYEN | SCORE=4 | OBJETS=['person']
[06:20:43] ZONE=CAM_piste_decolage | NIVEAU=ÉLEVÉ | SCORE=8 | OBJETS=['person', 'person']
[06:20:43] ZONE=CAM_piste_decolage | NIVEAU=ÉLEVÉ | SCORE=8 | OBJETS=['person', 'person']
[06:20:43] ZONE=CAM_piste_decolage | NIVEAU=MOYEN | SCORE=4 | OBJETS=['person']
[06:20:44] ZONE=CAM_piste_decolage | NIVEAU=ÉLEVÉ | SCORE=7 | OBJETS=['person', 'dog']
[06:20:44] ZONE=CAM_piste_decolage | NIVEAU=ÉLEVÉ | SCORE=8 | OBJETS=['person', 'person']
[06:20:44] ZONE=CAM_piste_decolage | NIVEAU=MOYEN | SCORE=4 | OBJETS=['person']
[06:20:44] ZONE=CAM_piste_decolage | NIVEAU=MOYEN | SCORE=4 | OBJETS=['person']
[06:20:44] ZONE=CAM_piste_decolage | NIVEAU=MOYEN | SCORE=4 | OBJETS=['person']
[06:20:44] ZONE=CAM_piste_decolage | NIVEAU=MOYEN | SCORE=4 | OBJETS=['person']
[06:20:48] ZONE=CAM_piste_decolage | NIVEAU=MOYEN | SCORE=4 | OBJETS=['person']
[06:20:48] ZONE=CAM_piste_decolage | NIVEAU=MOYEN | SCORE=4 | OBJETS=['person']
[06:20:49] ZONE=CAM_piste_decolage | NIVEAU=MOYEN | SCORE=4 | OBJETS=['person']
[06:20:49] ZONE=CAM_piste_decolage | NIVEAU=MOYEN | SCORE=4 | OBJETS=['person']
[06:20:49] ZONE=CAM_piste_decolage | NIVEAU=MOYEN | SCORE=4 | OBJETS=['person']
[06:20:49] ZONE=CAM_piste_decolage | NIVEAU=MOYEN | SCORE=4 | OBJETS=['person']
[06:20:49] ZONE=CAM_piste_decolage | NIVEAU=MOYEN | SCORE=4 | OBJETS=['person']
[06:20:49] ZONE=CAM_piste_decolage | NIVEAU=MOYEN | SCORE=4 | OBJETS=['person']
[06:20:50] ZONE=CAM_piste_decolage | NIVEAU=MOYEN | SCORE=4 | OBJETS=['person']
[06:20:50] ZONE=CAM_piste_decolage | NIVEAU=MOYEN | SCORE=4 | OBJETS=['person']
[06:20:50] ZONE=CAM_piste_decolage | NIVEAU=MOYEN | SCORE=4 | OBJETS=['person']
[06:20:50] ZONE=CAM_piste_decolage | NIVEAU=MOYEN | SCORE=4 | OBJETS=['person']
[06:20:50] ZONE=CAM_piste_decolage | NIVEAU=MOYEN | SCORE=4 | OBJETS=['person']
[06:20:50] ZONE=CAM_piste_decolage | NIVEAU=MOYEN | SCORE=4 | OBJETS=['person']
[06:20:51] ZONE=CAM_piste_decolage | NIVEAU=MOYEN | SCORE=4 | OBJETS=['person']
[06:20:51] ZONE=CAM_piste_decolage | NIVEAU=MOYEN | SCORE=4 | OBJETS=['person']
[06:20:51] ZONE=CAM_piste_decolage | NIVEAU=MOYEN | SCORE=4 | OBJETS=['person']
[06:20:51] ZONE=CAM_piste_decolage | NIVEAU=MOYEN | SCORE=4 | OBJETS=['person']
[06:20:51] ZONE=CAM_piste_decolage | NIVEAU=MOYEN | SCORE=4 | OBJETS=['person']
[06:20:51] ZONE=CAM_piste_decolage | NIVEAU=MOYEN | SCORE=4 | OBJETS=['person']
[06:20:52] ZONE=CAM_piste_decolage | NIVEAU=MOYEN | SCORE=4 | OBJETS=['person']
[06:20:52] ZONE=CAM_piste_decolage | NIVEAU=MOYEN | SCORE=4 | OBJETS=['person']
[06:20:52] ZONE=CAM_piste_decolage | NIVEAU=MOYEN | SCORE=4 | OBJETS=['person']
[06:20:52] ZONE=CAM_piste_decolage | NIVEAU=MOYEN | SCORE=4 | OBJETS=['person']
[06:20:52] ZONE=CAM_piste_decolage | NIVEAU=MOYEN | SCORE=4 | OBJETS=['person']
[06:20:52] ZONE=CAM_piste_decolage | NIVEAU=MOYEN | SCORE=4 | OBJETS=['person']
[06:20:53] ZONE=CAM_piste_decolage | NIVEAU=MOYEN | SCORE=4 | OBJETS=['person']
[06:20:53] ZONE=CAM_piste_decolage | NIVEAU=MOYEN | SCORE=4 | OBJETS=['person']
[06:20:53] ZONE=CAM_piste_decolage | NIVEAU=ÉLEVÉ | SCORE=8 | OBJETS=['person', 'person']
[06:20:53] ZONE=CAM_piste_decolage | NIVEAU=MOYEN | SCORE=4 | OBJETS=['person']
[06:20:53] ZONE=CAM_piste_decolage | NIVEAU=MOYEN | SCORE=4 | OBJETS=['person']
[06:20:54] ZONE=CAM_piste_decolage | NIVEAU=MOYEN | SCORE=4 | OBJETS=['person']
[06:20:54] ZONE=CAM_piste_decolage | NIVEAU=MOYEN | SCORE=4 | OBJETS=['person']
[06:20:54] ZONE=CAM_piste_decolage | NIVEAU=MOYEN | SCORE=4 | OBJETS=['person']
[06:20:54] ZONE=CAM_piste_decolage | NIVEAU=MOYEN | SCORE=4 | OBJETS=['person']
[06:20:54] ZONE=CAM_piste_decolage | NIVEAU=MOYEN | SCORE=4 | OBJETS=['person']
[06:20:54] ZONE=CAM_piste_decolage | NIVEAU=MOYEN | SCORE=4 | OBJETS=['person']
[06:20:55] ZONE=CAM_piste_decolage | NIVEAU=MOYEN | SCORE=4 | OBJETS=['person']
[06:20:55] ZONE=CAM_piste_decolage | NIVEAU=MOYEN | SCORE=4 | OBJETS=['person']
[06:20:55] ZONE=CAM_piste_decolage | NIVEAU=MOYEN | SCORE=4 | OBJETS=['person']
[06:20:55] ZONE=CAM_piste_decolage | NIVEAU=MOYEN | SCORE=4 | OBJETS=['person']
[06:20:55] ZONE=CAM_piste_decolage | NIVEAU=MOYEN | SCORE=4 | OBJETS=['person']
[06:20:55] ZONE=CAM_piste_decolage | NIVEAU=MOYEN | SCORE=4 | OBJETS=['person']
[06:20:56] ZONE=CAM_piste_decolage | NIVEAU=MOYEN | SCORE=4 | OBJETS=['person']
[06:20:56] ZONE=CAM_piste_decolage | NIVEAU=MOYEN | SCORE=4 | OBJETS=['person']
[06:20:56] ZONE=CAM_piste_decolage | NIVEAU=MOYEN | SCORE=4 | OBJETS=['person']
[06:20:56] ZONE=CAM_piste_decolage | NIVEAU=MOYEN | SCORE=4 | OBJETS=['person']
[06:20:56] ZONE=CAM_piste_decolage | NIVEAU=MOYEN | SCORE=4 | OBJETS=['person']
[06:20:56] ZONE=CAM_piste_decolage | NIVEAU=MOYEN | SCORE=4 | OBJETS=['person']
[06:20:57] ZONE=CAM_piste_decolage | NIVEAU=MOYEN | SCORE=4 | OBJETS=['person']
[06:20:57] ZONE=CAM_piste_decolage | NIVEAU=MOYEN | SCORE=4 | OBJETS=['person']
[06:20:57] ZONE=CAM_piste_decolage | NIVEAU=MOYEN | SCORE=4 | OBJETS=['person']
[06:20:57] ZONE=CAM_piste_decolage | NIVEAU=MOYEN | SCORE=4 | OBJETS=['person']
[06:20:57] ZONE=CAM_piste_decolage | NIVEAU=MOYEN | SCORE=4 | OBJETS=['person']
[06:20:58] ZONE=CAM_piste_decolage | NIVEAU=MOYEN | SCORE=4 | OBJETS=['person']
[06:20:58] ZONE=CAM_piste_decolage | NIVEAU=MOYEN | SCORE=4 | OBJETS=['person']
[06:20:58] ZONE=CAM_piste_decolage | NIVEAU=MOYEN | SCORE=4 | OBJETS=['person']
[06:20:58] ZONE=CAM_piste_decolage | NIVEAU=MOYEN | SCORE=4 | OBJETS=['person']
[06:20:58] ZONE=CAM_piste_decolage | NIVEAU=MOYEN | SCORE=4 | OBJETS=['person']
[06:20:59] ZONE=CAM_piste_decolage | NIVEAU=MOYEN | SCORE=4 | OBJETS=['person']
[06:20:59] ZONE=CAM_piste_decolage | NIVEAU=MOYEN | SCORE=4 | OBJETS=['person']
[06:20:59] ZONE=CAM_piste_decolage | NIVEAU=MOYEN | SCORE=4 | OBJETS=['person']
[06:20:59] ZONE=CAM_piste_decolage | NIVEAU=MOYEN | SCORE=4 | OBJETS=['person']
[06:20:59] ZONE=CAM_piste_decolage | NIVEAU=MOYEN | SCORE=4 | OBJETS=['person']
[06:20:59] ZONE=CAM_piste_decolage | NIVEAU=MOYEN | SCORE=4 | OBJETS=['person']
[06:21:00] ZONE=CAM_piste_decolage | NIVEAU=MOYEN | SCORE=4 | OBJETS=['person']
[06:21:00] ZONE=CAM_piste_decolage | NIVEAU=MOYEN | SCORE=4 | OBJETS=['person']
[06:21:00] ZONE=CAM_piste_decolage | NIVEAU=MOYEN | SCORE=4 | OBJETS=['person']
[06:21:00] ZONE=CAM_piste_decolage | NIVEAU=MOYEN | SCORE=4 | OBJETS=['person']
[06:21:00] ZONE=CAM_piste_decolage | NIVEAU=MOYEN | SCORE=4 | OBJETS=['person']
[06:21:00] ZONE=CAM_piste_decolage | NIVEAU=MOYEN | SCORE=4 | OBJETS=['person']
[06:21:01] ZONE=CAM_piste_decolage | NIVEAU=MOYEN | SCORE=4 | OBJETS=['person']
[06:21:01] ZONE=CAM_piste_decolage | NIVEAU=MOYEN | SCORE=4 | OBJETS=['person']
[06:21:01] ZONE=CAM_piste_decolage | NIVEAU=MOYEN | SCORE=4 | OBJETS=['person']
[06:21:01] ZONE=CAM_piste_decolage | NIVEAU=MOYEN | SCORE=4 | OBJETS=['person']
[06:21:01] ZONE=CAM_piste_decolage | NIVEAU=MOYEN | SCORE=4 | OBJETS=['person']
[06:21:01] ZONE=CAM_piste_decolage | NIVEAU=MOYEN | SCORE=4 | OBJETS=['person']
[06:21:02] ZONE=CAM_piste_decolage | NIVEAU=MOYEN | SCORE=4 | OBJETS=['person']
[06:21:02] ZONE=CAM_piste_decolage | NIVEAU=MOYEN | SCORE=4 | OBJETS=['person']
[06:21:02] ZONE=CAM_piste_decolage | NIVEAU=MOYEN | SCORE=4 | OBJETS=['person']
[06:21:02] ZONE=CAM_piste_decolage | NIVEAU=MOYEN | SCORE=4 | OBJETS=['person']
[06:21:02] ZONE=CAM_piste_decolage | NIVEAU=MOYEN | SCORE=4 | OBJETS=['person']
[06:21:03] ZONE=CAM_piste_decolage | NIVEAU=MOYEN | SCORE=4 | OBJETS=['person']
[06:21:03] ZONE=CAM_piste_decolage | NIVEAU=MOYEN | SCORE=4 | OBJETS=['person']
[06:21:03] ZONE=CAM_piste_decolage | NIVEAU=MOYEN | SCORE=4 | OBJETS=['person']
[06:21:03] ZONE=CAM_piste_decolage | NIVEAU=MOYEN | SCORE=4 | OBJETS=['person']
[06:21:03] ZONE=CAM_piste_decolage | NIVEAU=MOYEN | SCORE=4 | OBJETS=['person']
[06:21:03] ZONE=CAM_piste_decolage | NIVEAU=MOYEN | SCORE=4 | OBJETS=['person']
[06:21:04] ZONE=CAM_piste_decolage | NIVEAU=MOYEN | SCORE=4 | OBJETS=['person']
[06:21:04] ZONE=CAM_piste_decolage | NIVEAU=MOYEN | SCORE=4 | OBJETS=['person']
[06:21:04] ZONE=CAM_piste_decolage | NIVEAU=MOYEN | SCORE=4 | OBJETS=['person']
[06:21:04] ZONE=CAM_piste_decolage | NIVEAU=MOYEN | SCORE=4 | OBJETS=['person']
[06:21:04] ZONE=CAM_piste_decolage | NIVEAU=MOYEN | SCORE=5 | OBJETS=['person', 'backpack']
[06:21:04] ZONE=CAM_piste_decolage | NIVEAU=MOYEN | SCORE=5 | OBJETS=['person', 'backpack']
[06:21:05] ZONE=CAM_piste_decolage | NIVEAU=MOYEN | SCORE=4 | OBJETS=['person']
[06:21:05] ZONE=CAM_piste_decolage | NIVEAU=MOYEN | SCORE=4 | OBJETS=['person']
[06:21:05] ZONE=CAM_piste_decolage | NIVEAU=MOYEN | SCORE=4 | OBJETS=['person']
[06:21:05] ZONE=CAM_piste_decolage | NIVEAU=MOYEN | SCORE=5 | OBJETS=['person', 'backpack']
[06:21:05] ZONE=CAM_piste_decolage | NIVEAU=MOYEN | SCORE=4 | OBJETS=['person']
[06:21:05] ZONE=CAM_piste_decolage | NIVEAU=MOYEN | SCORE=4 | OBJETS=['person']
[06:21:06] ZONE=CAM_piste_decolage | NIVEAU=MOYEN | SCORE=5 | OBJETS=['person', 'backpack']
[06:21:06] ZONE=CAM_piste_decolage | NIVEAU=MOYEN | SCORE=4 | OBJETS=['person']
[06:21:06] ZONE=CAM_piste_decolage | NIVEAU=MOYEN | SCORE=4 | OBJETS=['person']
[06:21:06] ZONE=CAM_piste_decolage | NIVEAU=MOYEN | SCORE=4 | OBJETS=['person']
[06:21:06] ZONE=CAM_piste_decolage | NIVEAU=MOYEN | SCORE=4 | OBJETS=['person']
[06:21:06] ZONE=CAM_piste_decolage | NIVEAU=MOYEN | SCORE=4 | OBJETS=['person']
[06:21:07] ZONE=CAM_piste_decolage | NIVEAU=MOYEN | SCORE=4 | OBJETS=['person']
[06:21:07] ZONE=CAM_piste_decolage | NIVEAU=MOYEN | SCORE=4 | OBJETS=['person']
[06:21:07] ZONE=CAM_piste_decolage | NIVEAU=MOYEN | SCORE=4 | OBJETS=['person']
[06:21:07] ZONE=CAM_piste_decolage | NIVEAU=MOYEN | SCORE=4 | OBJETS=['person']
[06:21:07] ZONE=CAM_piste_decolage | NIVEAU=MOYEN | SCORE=4 | OBJETS=['person']
[06:21:07] ZONE=CAM_piste_decolage | NIVEAU=MOYEN | SCORE=4 | OBJETS=['person']
[06:21:08] ZONE=CAM_piste_decolage | NIVEAU=MOYEN | SCORE=4 | OBJETS=['person']
[06:21:08] ZONE=CAM_piste_decolage | NIVEAU=MOYEN | SCORE=4 | OBJETS=['person']
[06:21:08] ZONE=CAM_piste_decolage | NIVEAU=MOYEN | SCORE=4 | OBJETS=['person']
[06:21:08] ZONE=CAM_piste_decolage | NIVEAU=MOYEN | SCORE=4 | OBJETS=['person']
[06:21:08] ZONE=CAM_piste_decolage | NIVEAU=MOYEN | SCORE=4 | OBJETS=['person']
[06:21:08] ZONE=CAM_piste_decolage | NIVEAU=MOYEN | SCORE=4 | OBJETS=['person']
[06:21:09] ZONE=CAM_piste_decolage | NIVEAU=MOYEN | SCORE=4 | OBJETS=['person']
[06:21:09] ZONE=CAM_piste_decolage | NIVEAU=MOYEN | SCORE=4 | OBJETS=['person']
[06:21:09] ZONE=CAM_piste_decolage | NIVEAU=MOYEN | SCORE=4 | OBJETS=['person']
[06:21:09] ZONE=CAM_piste_decolage | NIVEAU=MOYEN | SCORE=4 | OBJETS=['person']
[06:21:09] ZONE=CAM_piste_decolage | NIVEAU=MOYEN | SCORE=4 | OBJETS=['person']
[06:21:09] ZONE=CAM_piste_decolage | NIVEAU=MOYEN | SCORE=4 | OBJETS=['person']
[06:21:10] ZONE=CAM_piste_decolage | NIVEAU=MOYEN | SCORE=4 | OBJETS=['person']
[06:21:10] ZONE=CAM_piste_decolage | NIVEAU=MOYEN | SCORE=4 | OBJETS=['person']
[06:21:10] ZONE=CAM_piste_decolage | NIVEAU=MOYEN | SCORE=4 | OBJETS=['person']
[06:21:10] ZONE=CAM_piste_decolage | NIVEAU=MOYEN | SCORE=4 | OBJETS=['person']
[06:21:10] ZONE=CAM_piste_decolage | NIVEAU=MOYEN | SCORE=4 | OBJETS=['person']
[06:21:10] ZONE=CAM_piste_decolage | NIVEAU=MOYEN | SCORE=4 | OBJETS=['person']
[06:21:10] ZONE=CAM_piste_decolage | NIVEAU=MOYEN | SCORE=4 | OBJETS=['person']
[06:21:11] ZONE=CAM_piste_decolage | NIVEAU=MOYEN | SCORE=4 | OBJETS=['person']
[06:21:11] ZONE=CAM_piste_decolage | NIVEAU=MOYEN | SCORE=4 | OBJETS=['person']
[06:21:11] ZONE=CAM_piste_decolage | NIVEAU=MOYEN | SCORE=4 | OBJETS=['person']
[06:21:11] ZONE=CAM_piste_decolage | NIVEAU=MOYEN | SCORE=4 | OBJETS=['person']
[06:21:11] ZONE=CAM_piste_decolage | NIVEAU=MOYEN | SCORE=4 | OBJETS=['person']
[06:21:11] ZONE=CAM_piste_decolage | NIVEAU=MOYEN | SCORE=4 | OBJETS=['person']
[06:21:12] ZONE=CAM_piste_decolage | NIVEAU=MOYEN | SCORE=4 | OBJETS=['person']
[06:21:12] ZONE=CAM_piste_decolage | NIVEAU=MOYEN | SCORE=4 | OBJETS=['person']
[06:21:12] ZONE=CAM_piste_decolage | NIVEAU=MOYEN | SCORE=4 | OBJETS=['person']
[06:21:12] ZONE=CAM_piste_decolage | NIVEAU=MOYEN | SCORE=4 | OBJETS=['person']
[06:21:12] ZONE=CAM_piste_decolage | NIVEAU=MOYEN | SCORE=4 | OBJETS=['person']
[06:21:12] ZONE=CAM_piste_decolage | NIVEAU=MOYEN | SCORE=4 | OBJETS=['person']
[06:21:13] ZONE=CAM_piste_decolage | NIVEAU=MOYEN | SCORE=4 | OBJETS=['person']
[06:21:13] ZONE=CAM_piste_decolage | NIVEAU=MOYEN | SCORE=4 | OBJETS=['person']
[06:21:13] ZONE=CAM_piste_decolage | NIVEAU=MOYEN | SCORE=4 | OBJETS=['person']
[06:21:13] ZONE=CAM_piste_decolage | NIVEAU=MOYEN | SCORE=4 | OBJETS=['person']
[06:21:13] ZONE=CAM_piste_decolage | NIVEAU=MOYEN | SCORE=4 | OBJETS=['person']
[06:21:13] ZONE=CAM_piste_decolage | NIVEAU=MOYEN | SCORE=4 | OBJETS=['person']
[06:21:14] ZONE=CAM_piste_decolage | NIVEAU=MOYEN | SCORE=4 | OBJETS=['person']
[06:21:14] ZONE=CAM_piste_decolage | NIVEAU=MOYEN | SCORE=4 | OBJETS=['person']
[06:21:14] ZONE=CAM_piste_decolage | NIVEAU=MOYEN | SCORE=4 | OBJETS=['person']
[06:21:14] ZONE=CAM_piste_decolage | NIVEAU=MOYEN | SCORE=4 | OBJETS=['person']
[06:21:14] ZONE=CAM_piste_decolage | NIVEAU=MOYEN | SCORE=4 | OBJETS=['person']
[06:21:15] ZONE=CAM_piste_decolage | NIVEAU=MOYEN | SCORE=4 | OBJETS=['person']
[06:21:15] ZONE=CAM_piste_decolage | NIVEAU=MOYEN | SCORE=4 | OBJETS=['person']
[06:21:15] ZONE=CAM_piste_decolage | NIVEAU=MOYEN | SCORE=4 | OBJETS=['person']
[06:21:15] ZONE=CAM_piste_decolage | NIVEAU=MOYEN | SCORE=4 | OBJETS=['person']
[06:21:15] ZONE=CAM_piste_decolage | NIVEAU=MOYEN | SCORE=4 | OBJETS=['person']
[06:21:15] ZONE=CAM_piste_decolage | NIVEAU=MOYEN | SCORE=4 | OBJETS=['person']
[06:21:16] ZONE=CAM_piste_decolage | NIVEAU=MOYEN | SCORE=4 | OBJETS=['person']
[06:21:16] ZONE=CAM_piste_decolage | NIVEAU=MOYEN | SCORE=4 | OBJETS=['person']
[06:21:16] ZONE=CAM_piste_decolage | NIVEAU=MOYEN | SCORE=4 | OBJETS=['person']
[06:21:16] ZONE=CAM_piste_decolage | NIVEAU=MOYEN | SCORE=4 | OBJETS=['person']
[06:21:16] ZONE=CAM_piste_decolage | NIVEAU=MOYEN | SCORE=4 | OBJETS=['person']
[06:21:16] ZONE=CAM_piste_decolage | NIVEAU=MOYEN | SCORE=4 | OBJETS=['person']
[06:21:17] ZONE=CAM_piste_decolage | NIVEAU=MOYEN | SCORE=4 | OBJETS=['person']
[06:21:17] ZONE=CAM_piste_decolage | NIVEAU=MOYEN | SCORE=4 | OBJETS=['person']
[06:21:17] ZONE=CAM_piste_decolage | NIVEAU=MOYEN | SCORE=4 | OBJETS=['person']
[06:21:17] ZONE=CAM_piste_decolage | NIVEAU=MOYEN | SCORE=4 | OBJETS=['person']
[06:21:17] ZONE=CAM_piste_decolage | NIVEAU=MOYEN | SCORE=4 | OBJETS=['person']
[06:21:18] ZONE=CAM_piste_decolage | NIVEAU=MOYEN | SCORE=4 | OBJETS=['person']
[06:21:18] ZONE=CAM_piste_decolage | NIVEAU=MOYEN | SCORE=4 | OBJETS=['person']
[06:21:18] ZONE=CAM_piste_decolage | NIVEAU=MOYEN | SCORE=4 | OBJETS=['person']
[06:21:18] ZONE=CAM_piste_decolage | NIVEAU=MOYEN | SCORE=4 | OBJETS=['person']
[06:21:19] ZONE=CAM_piste_decolage | NIVEAU=MOYEN | SCORE=4 | OBJETS=['person']
[06:21:19] ZONE=CAM_piste_decolage | NIVEAU=MOYEN | SCORE=4 | OBJETS=['person']
[06:21:19] ZONE=CAM_piste_decolage | NIVEAU=MOYEN | SCORE=4 | OBJETS=['person']
[06:21:20] ZONE=CAM_piste_decolage | NIVEAU=MOYEN | SCORE=4 | OBJETS=['person']
[06:21:20] ZONE=CAM_piste_decolage | NIVEAU=MOYEN | SCORE=4 | OBJETS=['person']
[06:21:20] ZONE=CAM_piste_decolage | NIVEAU=MOYEN | SCORE=4 | OBJETS=['person']
[06:21:20] ZONE=CAM_piste_decolage | NIVEAU=MOYEN | SCORE=4 | OBJETS=['person']
[06:21:21] ZONE=CAM_piste_decolage | NIVEAU=MOYEN | SCORE=4 | OBJETS=['person']
[06:21:21] ZONE=CAM_piste_decolage | NIVEAU=MOYEN | SCORE=4 | OBJETS=['person']
[06:21:21] ZONE=CAM_piste_decolage | NIVEAU=MOYEN | SCORE=4 | OBJETS=['person']
[06:21:21] ZONE=CAM_piste_decolage | NIVEAU=MOYEN | SCORE=4 | OBJETS=['person']
[06:21:21] ZONE=CAM_piste_decolage | NIVEAU=MOYEN | SCORE=4 | OBJETS=['person']
[06:21:22] ZONE=CAM_piste_decolage | NIVEAU=MOYEN | SCORE=4 | OBJETS=['person']
[06:21:22] ZONE=CAM_piste_decolage | NIVEAU=MOYEN | SCORE=4 | OBJETS=['person']
[06:21:22] ZONE=CAM_piste_decolage | NIVEAU=MOYEN | SCORE=4 | OBJETS=['person']
[06:21:22] ZONE=CAM_piste_decolage | NIVEAU=MOYEN | SCORE=4 | OBJETS=['person']
[06:21:22] ZONE=CAM_piste_decolage | NIVEAU=MOYEN | SCORE=4 | OBJETS=['person']
[06:21:23] ZONE=CAM_piste_decolage | NIVEAU=MOYEN | SCORE=4 | OBJETS=['person']
[06:21:23] ZONE=CAM_piste_decolage | NIVEAU=MOYEN | SCORE=4 | OBJETS=['person']
[06:21:23] ZONE=CAM_piste_decolage | NIVEAU=MOYEN | SCORE=4 | OBJETS=['person']
[06:21:23] ZONE=CAM_piste_decolage | NIVEAU=MOYEN | SCORE=4 | OBJETS=['person']
[06:21:23] ZONE=CAM_piste_decolage | NIVEAU=MOYEN | SCORE=4 | OBJETS=['person']
[06:21:24] ZONE=CAM_piste_decolage | NIVEAU=MOYEN | SCORE=4 | OBJETS=['person']
[06:21:24] ZONE=CAM_piste_decolage | NIVEAU=MOYEN | SCORE=4 | OBJETS=['person']
[06:21:24] ZONE=CAM_piste_decolage | NIVEAU=MOYEN | SCORE=4 | OBJETS=['person']
[06:21:24] ZONE=CAM_piste_decolage | NIVEAU=MOYEN | SCORE=4 | OBJETS=['person']
[06:21:24] ZONE=CAM_piste_decolage | NIVEAU=MOYEN | SCORE=4 | OBJETS=['person']
[06:21:25] ZONE=CAM_piste_decolage | NIVEAU=MOYEN | SCORE=4 | OBJETS=['person']
[06:21:25] ZONE=CAM_piste_decolage | NIVEAU=MOYEN | SCORE=4 | OBJETS=['person']
[06:21:25] ZONE=CAM_piste_decolage | NIVEAU=MOYEN | SCORE=4 | OBJETS=['person']
[06:21:25] ZONE=CAM_piste_decolage | NIVEAU=MOYEN | SCORE=4 | OBJETS=['person']
[06:21:25] ZONE=CAM_piste_decolage | NIVEAU=MOYEN | SCORE=4 | OBJETS=['person']
[06:21:26] ZONE=CAM_piste_decolage | NIVEAU=MOYEN | SCORE=4 | OBJETS=['person']
[06:21:26] ZONE=CAM_piste_decolage | NIVEAU=MOYEN | SCORE=4 | OBJETS=['person']
[06:21:26] ZONE=CAM_piste_decolage | NIVEAU=MOYEN | SCORE=4 | OBJETS=['person']
[06:21:26] ZONE=CAM_piste_decolage | NIVEAU=MOYEN | SCORE=4 | OBJETS=['person']
[06:21:26] ZONE=CAM_piste_decolage | NIVEAU=MOYEN | SCORE=4 | OBJETS=['person']
[06:21:27] ZONE=CAM_piste_decolage | NIVEAU=MOYEN | SCORE=4 | OBJETS=['person']
[06:21:27] ZONE=CAM_piste_decolage | NIVEAU=MOYEN | SCORE=4 | OBJETS=['person']
[06:21:27] ZONE=CAM_piste_decolage | NIVEAU=MOYEN | SCORE=4 | OBJETS=['person']
[06:21:27] ZONE=CAM_piste_decolage | NIVEAU=MOYEN | SCORE=4 | OBJETS=['person']
[06:21:27] ZONE=CAM_piste_decolage | NIVEAU=MOYEN | SCORE=4 | OBJETS=['person']
[06:21:28] ZONE=CAM_piste_decolage | NIVEAU=MOYEN | SCORE=4 | OBJETS=['person']
[06:21:28] ZONE=CAM_piste_decolage | NIVEAU=MOYEN | SCORE=4 | OBJETS=['person']
[06:21:28] ZONE=CAM_piste_decolage | NIVEAU=MOYEN | SCORE=4 | OBJETS=['person']
[06:21:28] ZONE=CAM_piste_decolage | NIVEAU=MOYEN | SCORE=4 | OBJETS=['person']
[06:21:28] ZONE=CAM_piste_decolage | NIVEAU=MOYEN | SCORE=4 | OBJETS=['person']
[06:21:29] ZONE=CAM_piste_decolage | NIVEAU=MOYEN | SCORE=4 | OBJETS=['person']
[06:21:29] ZONE=CAM_piste_decolage | NIVEAU=MOYEN | SCORE=4 | OBJETS=['person']
[06:21:29] ZONE=CAM_piste_decolage | NIVEAU=MOYEN | SCORE=4 | OBJETS=['person']
[06:21:29] ZONE=CAM_piste_decolage | NIVEAU=MOYEN | SCORE=4 | OBJETS=['person']
[06:21:29] ZONE=CAM_piste_decolage | NIVEAU=MOYEN | SCORE=4 | OBJETS=['person']
[06:21:30] ZONE=CAM_piste_decolage | NIVEAU=MOYEN | SCORE=4 | OBJETS=['person']
[06:21:30] ZONE=CAM_piste_decolage | NIVEAU=MOYEN | SCORE=4 | OBJETS=['person']
[06:21:30] ZONE=CAM_piste_decolage | NIVEAU=MOYEN | SCORE=4 | OBJETS=['person']
[06:21:30] ZONE=CAM_piste_decolage | NIVEAU=MOYEN | SCORE=4 | OBJETS=['person']
[06:21:30] ZONE=CAM_piste_decolage | NIVEAU=MOYEN | SCORE=4 | OBJETS=['person']
[06:21:31] ZONE=CAM_piste_decolage | NIVEAU=MOYEN | SCORE=4 | OBJETS=['person']
[06:21:31] ZONE=CAM_piste_decolage | NIVEAU=MOYEN | SCORE=4 | OBJETS=['person']
[06:21:31] ZONE=CAM_piste_decolage | NIVEAU=MOYEN | SCORE=4 | OBJETS=['person']
[06:21:31] ZONE=CAM_piste_decolage | NIVEAU=MOYEN | SCORE=4 | OBJETS=['person']
[06:21:31] ZONE=CAM_piste_decolage | NIVEAU=MOYEN | SCORE=4 | OBJETS=['person']
[06:21:32] ZONE=CAM_piste_decolage | NIVEAU=MOYEN | SCORE=4 | OBJETS=['person']
[06:21:32] ZONE=CAM_piste_decolage | NIVEAU=MOYEN | SCORE=4 | OBJETS=['person']
[06:21:32] ZONE=CAM_piste_decolage | NIVEAU=MOYEN | SCORE=4 | OBJETS=['person']
[06:21:32] ZONE=CAM_piste_decolage | NIVEAU=MOYEN | SCORE=4 | OBJETS=['person']
[06:21:32] ZONE=CAM_piste_decolage | NIVEAU=MOYEN | SCORE=4 | OBJETS=['person']
[06:21:33] ZONE=CAM_piste_decolage | NIVEAU=MOYEN | SCORE=4 | OBJETS=['person']
[06:21:33] ZONE=CAM_piste_decolage | NIVEAU=MOYEN | SCORE=4 | OBJETS=['person']
[06:21:33] ZONE=CAM_piste_decolage | NIVEAU=MOYEN | SCORE=4 | OBJETS=['person']
[06:21:33] ZONE=CAM_piste_decolage | NIVEAU=MOYEN | SCORE=4 | OBJETS=['person']
[06:21:33] ZONE=CAM_piste_decolage | NIVEAU=MOYEN | SCORE=4 | OBJETS=['person']
[06:21:34] ZONE=CAM_piste_decolage | NIVEAU=MOYEN | SCORE=4 | OBJETS=['person']
[06:21:34] ZONE=CAM_piste_decolage | NIVEAU=MOYEN | SCORE=4 | OBJETS=['person']
[06:21:34] ZONE=CAM_piste_decolage | NIVEAU=MOYEN | SCORE=4 | OBJETS=['person']
[06:21:34] ZONE=CAM_piste_decolage | NIVEAU=MOYEN | SCORE=4 | OBJETS=['person']
[06:21:34] ZONE=CAM_piste_decolage | NIVEAU=MOYEN | SCORE=4 | OBJETS=['person']
[06:21:35] ZONE=CAM_piste_decolage | NIVEAU=MOYEN | SCORE=4 | OBJETS=['person']
[06:21:35] ZONE=CAM_piste_decolage | NIVEAU=MOYEN | SCORE=4 | OBJETS=['person']
[06:21:35] ZONE=CAM_piste_decolage | NIVEAU=MOYEN | SCORE=4 | OBJETS=['person']
[06:21:35] ZONE=CAM_piste_decolage | NIVEAU=MOYEN | SCORE=4 | OBJETS=['person']
[06:21:36] ZONE=CAM_piste_decolage | NIVEAU=MOYEN | SCORE=4 | OBJETS=['person']
[06:21:36] ZONE=CAM_piste_decolage | NIVEAU=MOYEN | SCORE=4 | OBJETS=['person']
[06:21:36] ZONE=CAM_piste_decolage | NIVEAU=MOYEN | SCORE=4 | OBJETS=['person']
[06:21:36] ZONE=CAM_piste_decolage | NIVEAU=MOYEN | SCORE=4 | OBJETS=['person']
[06:21:36] ZONE=CAM_piste_decolage | NIVEAU=MOYEN | SCORE=4 | OBJETS=['person']
[06:21:37] ZONE=CAM_piste_decolage | NIVEAU=MOYEN | SCORE=4 | OBJETS=['person']
[06:21:37] ZONE=CAM_piste_decolage | NIVEAU=MOYEN | SCORE=4 | OBJETS=['person']
[06:21:37] ZONE=CAM_piste_decolage | NIVEAU=MOYEN | SCORE=4 | OBJETS=['person']
[06:21:37] ZONE=CAM_piste_decolage | NIVEAU=MOYEN | SCORE=4 | OBJETS=['person']
[06:21:37] ZONE=CAM_piste_decolage | NIVEAU=MOYEN | SCORE=4 | OBJETS=['person']
[06:21:38] ZONE=CAM_piste_decolage | NIVEAU=MOYEN | SCORE=4 | OBJETS=['person']
[06:21:38] ZONE=CAM_piste_decolage | NIVEAU=MOYEN | SCORE=4 | OBJETS=['person']
[06:21:38] ZONE=CAM_piste_decolage | NIVEAU=MOYEN | SCORE=4 | OBJETS=['person']
[06:21:38] ZONE=CAM_piste_decolage | NIVEAU=MOYEN | SCORE=4 | OBJETS=['person']
[06:21:38] ZONE=CAM_piste_decolage | NIVEAU=MOYEN | SCORE=4 | OBJETS=['person']
[06:21:39] ZONE=CAM_piste_decolage | NIVEAU=MOYEN | SCORE=4 | OBJETS=['person']
[06:21:39] ZONE=CAM_piste_decolage | NIVEAU=MOYEN | SCORE=4 | OBJETS=['person']
[06:21:39] ZONE=CAM_piste_decolage | NIVEAU=MOYEN | SCORE=4 | OBJETS=['person']
[06:21:39] ZONE=CAM_piste_decolage | NIVEAU=MOYEN | SCORE=4 | OBJETS=['person']
[06:21:40] ZONE=CAM_piste_decolage | NIVEAU=MOYEN | SCORE=4 | OBJETS=['person']
[06:21:40] ZONE=CAM_piste_decolage | NIVEAU=MOYEN | SCORE=4 | OBJETS=['person']
[06:21:40] ZONE=CAM_piste_decolage | NIVEAU=MOYEN | SCORE=4 | OBJETS=['person']
[06:21:40] ZONE=CAM_piste_decolage | NIVEAU=MOYEN | SCORE=4 | OBJETS=['person']
[06:21:40] ZONE=CAM_piste_decolage | NIVEAU=MOYEN | SCORE=4 | OBJETS=['person']
[06:21:41] ZONE=CAM_piste_decolage | NIVEAU=MOYEN | SCORE=4 | OBJETS=['person']
[06:21:41] ZONE=CAM_piste_decolage | NIVEAU=MOYEN | SCORE=4 | OBJETS=['person']
[06:21:41] ZONE=CAM_piste_decolage | NIVEAU=MOYEN | SCORE=4 | OBJETS=['person']
[06:21:41] ZONE=CAM_piste_decolage | NIVEAU=MOYEN | SCORE=4 | OBJETS=['person']
[06:21:41] ZONE=CAM_piste_decolage | NIVEAU=MOYEN | SCORE=4 | OBJETS=['person']
[06:21:42] ZONE=CAM_piste_decolage | NIVEAU=MOYEN | SCORE=4 | OBJETS=['person']
[06:21:42] ZONE=CAM_piste_decolage | NIVEAU=MOYEN | SCORE=4 | OBJETS=['person']
[06:21:42] ZONE=CAM_piste_decolage | NIVEAU=MOYEN | SCORE=4 | OBJETS=['person']
[06:21:42] ZONE=CAM_piste_decolage | NIVEAU=MOYEN | SCORE=4 | OBJETS=['person']
[06:21:42] ZONE=CAM_piste_decolage | NIVEAU=MOYEN | SCORE=4 | OBJETS=['person']
[06:21:43] ZONE=CAM_piste_decolage | NIVEAU=MOYEN | SCORE=4 | OBJETS=['person']
[06:21:43] ZONE=CAM_piste_decolage | NIVEAU=MOYEN | SCORE=4 | OBJETS=['person']
[06:21:43] ZONE=CAM_piste_decolage | NIVEAU=MOYEN | SCORE=4 | OBJETS=['person']
[06:21:43] ZONE=CAM_piste_decolage | NIVEAU=MOYEN | SCORE=4 | OBJETS=['person']
[06:21:44] ZONE=CAM_piste_decolage | NIVEAU=MOYEN | SCORE=4 | OBJETS=['person']
[06:21:44] ZONE=CAM_piste_decolage | NIVEAU=MOYEN | SCORE=4 | OBJETS=['person']
[06:21:44] ZONE=CAM_piste_decolage | NIVEAU=MOYEN | SCORE=4 | OBJETS=['person']
[06:21:44] ZONE=CAM_piste_decolage | NIVEAU=MOYEN | SCORE=4 | OBJETS=['person']
[06:21:44] ZONE=CAM_piste_decolage | NIVEAU=MOYEN | SCORE=4 | OBJETS=['person']
[06:21:45] ZONE=CAM_piste_decolage | NIVEAU=MOYEN | SCORE=4 | OBJETS=['person']
[06:21:45] ZONE=CAM_piste_decolage | NIVEAU=MOYEN | SCORE=4 | OBJETS=['person']
[06:21:45] ZONE=CAM_piste_decolage | NIVEAU=MOYEN | SCORE=4 | OBJETS=['person']
[06:21:45] ZONE=CAM_piste_decolage | NIVEAU=MOYEN | SCORE=4 | OBJETS=['person']
[06:21:46] ZONE=CAM_piste_decolage | NIVEAU=MOYEN | SCORE=4 | OBJETS=['person']
[06:21:46] ZONE=CAM_piste_decolage | NIVEAU=MOYEN | SCORE=4 | OBJETS=['person']
[06:21:46] ZONE=CAM_piste_decolage | NIVEAU=MOYEN | SCORE=4 | OBJETS=['person']
[06:21:46] ZONE=CAM_piste_decolage | NIVEAU=MOYEN | SCORE=4 | OBJETS=['person']
[06:21:47] ZONE=CAM_piste_decolage | NIVEAU=MOYEN | SCORE=4 | OBJETS=['person']
[06:21:47] ZONE=CAM_piste_decolage | NIVEAU=MOYEN | SCORE=4 | OBJETS=['person']
[06:21:47] ZONE=CAM_piste_decolage | NIVEAU=MOYEN | SCORE=4 | OBJETS=['person']
[06:21:47] ZONE=CAM_piste_decolage | NIVEAU=MOYEN | SCORE=4 | OBJETS=['person']
[06:21:48] ZONE=CAM_piste_decolage | NIVEAU=MOYEN | SCORE=4 | OBJETS=['person']
[06:21:48] ZONE=CAM_piste_decolage | NIVEAU=MOYEN | SCORE=4 | OBJETS=['person']
[06:21:48] ZONE=CAM_piste_decolage | NIVEAU=MOYEN | SCORE=4 | OBJETS=['person']
[06:21:48] ZONE=CAM_piste_decolage | NIVEAU=MOYEN | SCORE=4 | OBJETS=['person']
[06:21:49] ZONE=CAM_piste_decolage | NIVEAU=MOYEN | SCORE=4 | OBJETS=['person']
[06:21:49] ZONE=CAM_piste_decolage | NIVEAU=MOYEN | SCORE=4 | OBJETS=['person']
[06:21:49] ZONE=CAM_piste_decolage | NIVEAU=MOYEN | SCORE=4 | OBJETS=['person']
[06:21:50] ZONE=CAM_piste_decolage | NIVEAU=MOYEN | SCORE=4 | OBJETS=['person']
[06:21:50] ZONE=CAM_piste_decolage | NIVEAU=MOYEN | SCORE=4 | OBJETS=['person']
[06:21:50] ZONE=CAM_piste_decolage | NIVEAU=MOYEN | SCORE=4 | OBJETS=['person']
