[16:10:05] ZONE=CAM_piste_decolage | NIVEAU=ÉLEVÉ | SCORE=12 | OBJETS=['person', 'person', 'person']
[16:10:06] ZONE=CAM_piste_decolage | NIVEAU=ÉLEVÉ | SCORE=12 | OBJETS=['person', 'person', 'person']
[16:10:06] ZONE=CAM_piste_decolage | NIVEAU=ÉLEVÉ | SCORE=12 | OBJETS=['person', 'person', 'person']
[16:10:06] ZONE=CAM_piste_decolage | NIVEAU=ÉLEVÉ | SCORE=12 | OBJETS=['person', 'person', 'person']
[16:10:06] ZONE=CAM_piste_decolage | NIVEAU=ÉLEVÉ | SCORE=12 | OBJETS=['person', 'person', 'person']
[16:10:06] ZONE=CAM_piste_decolage | NIVEAU=ÉLEVÉ | SCORE=12 | OBJETS=['person', 'person', 'person']
[16:10:07] ZONE=CAM_piste_decolage | NIVEAU=ÉLEVÉ | SCORE=12 | OBJETS=['person', 'person', 'person']
[16:10:07] ZONE=CAM_piste_decolage | NIVEAU=ÉLEVÉ | SCORE=12 | OBJETS=['person', 'person', 'person']
[16:10:07] ZONE=CAM_piste_decolage | NIVEAU=ÉLEVÉ | SCORE=12 | OBJETS=['person', 'person', 'person']
[16:10:07] ZONE=CAM_piste_decolage | NIVEAU=ÉLEVÉ | SCORE=12 | OBJETS=['person', 'person', 'person']
[16:10:08] ZONE=CAM_piste_decolage | NIVEAU=ÉLEVÉ | SCORE=12 | OBJETS=['person', 'person', 'person']
[16:10:08] ZONE=CAM_piste_decolage | NIVEAU=ÉLEVÉ | SCORE=12 | OBJETS=['person', 'person', 'person']
[16:10:08] ZONE=CAM_piste_decolage | NIVEAU=ÉLEVÉ | SCORE=12 | OBJETS=['person', 'person', 'person']
[16:10:09] ZONE=CAM_piste_decolage | NIVEAU=ÉLEVÉ | SCORE=12 | OBJETS=['person', 'person', 'person']
[16:10:09] ZONE=CAM_piste_decolage | NIVEAU=ÉLEVÉ | SCORE=12 | OBJETS=['person', 'person', 'person']
[16:10:09] ZONE=CAM_piste_decolage | NIVEAU=ÉLEVÉ | SCORE=12 | OBJETS=['person', 'person', 'person']
[16:10:09] ZONE=CAM_piste_decolage | NIVEAU=ÉLEVÉ | SCORE=12 | OBJETS=['person', 'person', 'person']
[16:10:09] ZONE=CAM_piste_decolage | NIVEAU=ÉLEVÉ | SCORE=12 | OBJETS=['person', 'person', 'person']
[16:10:10] ZONE=CAM_piste_decolage | NIVEAU=ÉLEVÉ | SCORE=13 | OBJETS=['person', 'person', 'person', 'backpack']
[16:10:10] ZONE=CAM_piste_decolage | NIVEAU=ÉLEVÉ | SCORE=13 | OBJETS=['person', 'person', 'person', 'backpack']
[16:10:10] ZONE=CAM_piste_decolage | NIVEAU=ÉLEVÉ | SCORE=13 | OBJETS=['person', 'person', 'person', 'backpack']
[16:10:10] ZONE=CAM_piste_decolage | NIVEAU=ÉLEVÉ | SCORE=12 | OBJETS=['person', 'person', 'person']
[16:10:10] ZONE=CAM_piste_decolage | NIVEAU=ÉLEVÉ | SCORE=12 | OBJETS=['person', 'person', 'person']
[16:10:10] ZONE=CAM_piste_decolage | NIVEAU=ÉLEVÉ | SCORE=12 | OBJETS=['person', 'person', 'person']
[16:10:10] ZONE=CAM_piste_decolage | NIVEAU=ÉLEVÉ | SCORE=12 | OBJETS=['person', 'person', 'person']
[16:10:11] ZONE=CAM_piste_decolage | NIVEAU=ÉLEVÉ | SCORE=13 | OBJETS=['person', 'person', 'person', 'backpack']
[16:10:11] ZONE=CAM_piste_decolage | NIVEAU=ÉLEVÉ | SCORE=12 | OBJETS=['person', 'person', 'person']
[16:10:11] ZONE=CAM_piste_decolage | NIVEAU=ÉLEVÉ | SCORE=12 | OBJETS=['person', 'person', 'person']
[16:10:11] ZONE=CAM_piste_decolage | NIVEAU=ÉLEVÉ | SCORE=13 | OBJETS=['person', 'person', 'person', 'backpack']
[16:10:11] ZONE=CAM_piste_decolage | NIVEAU=ÉLEVÉ | SCORE=13 | OBJETS=['person', 'person', 'person', 'backpack']
[16:10:11] ZONE=CAM_piste_decolage | NIVEAU=ÉLEVÉ | SCORE=12 | OBJETS=['person', 'person', 'person']
[16:10:11] ZONE=CAM_piste_decolage | NIVEAU=ÉLEVÉ | SCORE=12 | OBJETS=['person', 'person', 'person']
[16:10:11] ZONE=CAM_piste_decolage | NIVEAU=ÉLEVÉ | SCORE=13 | OBJETS=['person', 'person', 'person', 'backpack']
[16:10:12] ZONE=CAM_piste_decolage | NIVEAU=ÉLEVÉ | SCORE=13 | OBJETS=['person', 'person', 'person', 'backpack']
[16:10:12] ZONE=CAM_piste_decolage | NIVEAU=ÉLEVÉ | SCORE=12 | OBJETS=['person', 'person', 'person']
[16:10:12] ZONE=CAM_piste_decolage | NIVEAU=ÉLEVÉ | SCORE=12 | OBJETS=['person', 'person', 'person']
[16:10:12] ZONE=CAM_piste_decolage | NIVEAU=ÉLEVÉ | SCORE=12 | OBJETS=['person', 'person', 'person']
[16:10:12] ZONE=CAM_piste_decolage | NIVEAU=ÉLEVÉ | SCORE=12 | OBJETS=['person', 'person', 'person']
[16:10:12] ZONE=CAM_piste_decolage | NIVEAU=ÉLEVÉ | SCORE=12 | OBJETS=['person', 'person', 'person']
[16:10:12] ZONE=CAM_piste_decolage | NIVEAU=ÉLEVÉ | SCORE=12 | OBJETS=['person', 'person', 'person']
[16:10:13] ZONE=CAM_piste_decolage | NIVEAU=ÉLEVÉ | SCORE=13 | OBJETS=['person', 'person', 'person', 'backpack']
[16:10:13] ZONE=CAM_piste_decolage | NIVEAU=ÉLEVÉ | SCORE=12 | OBJETS=['person', 'person', 'person']
[16:10:13] ZONE=CAM_piste_decolage | NIVEAU=ÉLEVÉ | SCORE=13 | OBJETS=['person', 'person', 'person', 'backpack']
[16:10:13] ZONE=CAM_piste_decolage | NIVEAU=ÉLEVÉ | SCORE=13 | OBJETS=['person', 'person', 'person', 'backpack']
[16:10:13] ZONE=CAM_piste_decolage | NIVEAU=ÉLEVÉ | SCORE=12 | OBJETS=['person', 'person', 'person']
[16:10:13] ZONE=CAM_piste_decolage | NIVEAU=ÉLEVÉ | SCORE=12 | OBJETS=['person', 'person', 'person']
[16:10:13] ZONE=CAM_piste_decolage | NIVEAU=ÉLEVÉ | SCORE=12 | OBJETS=['person', 'person', 'person']
[16:10:14] ZONE=CAM_piste_decolage | NIVEAU=ÉLEVÉ | SCORE=12 | OBJETS=['person', 'person', 'person']
[16:10:14] ZONE=CAM_piste_decolage | NIVEAU=ÉLEVÉ | SCORE=12 | OBJETS=['person', 'person', 'person']
[16:10:14] ZONE=CAM_piste_decolage | NIVEAU=ÉLEVÉ | SCORE=12 | OBJETS=['person', 'person', 'person']
[16:10:14] ZONE=CAM_piste_decolage | NIVEAU=ÉLEVÉ | SCORE=12 | OBJETS=['person', 'person', 'person']
[16:10:14] ZONE=CAM_piste_decolage | NIVEAU=ÉLEVÉ | SCORE=13 | OBJETS=['person', 'person', 'person', 'backpack']
[16:10:14] ZONE=CAM_piste_decolage | NIVEAU=ÉLEVÉ | SCORE=13 | OBJETS=['person', 'person', 'person', 'backpack']
[16:10:14] ZONE=CAM_piste_decolage | NIVEAU=ÉLEVÉ | SCORE=13 | OBJETS=['person', 'person', 'person', 'backpack']
[16:10:15] ZONE=CAM_piste_decolage | NIVEAU=ÉLEVÉ | SCORE=12 | OBJETS=['person', 'person', 'person']
[16:10:15] ZONE=CAM_piste_decolage | NIVEAU=ÉLEVÉ | SCORE=12 | OBJETS=['person', 'person', 'person']
[16:10:15] ZONE=CAM_piste_decolage | NIVEAU=ÉLEVÉ | SCORE=12 | OBJETS=['person', 'person', 'person']
[16:10:15] ZONE=CAM_piste_decolage | NIVEAU=ÉLEVÉ | SCORE=12 | OBJETS=['person', 'person', 'person']
[16:10:15] ZONE=CAM_piste_decolage | NIVEAU=ÉLEVÉ | SCORE=12 | OBJETS=['person', 'person', 'person']
[16:10:15] ZONE=CAM_piste_decolage | NIVEAU=ÉLEVÉ | SCORE=13 | OBJETS=['person', 'person', 'person', 'backpack']
[16:10:15] ZONE=CAM_piste_decolage | NIVEAU=ÉLEVÉ | SCORE=13 | OBJETS=['person', 'person', 'person', 'backpack']
[16:10:15] ZONE=CAM_piste_decolage | NIVEAU=ÉLEVÉ | SCORE=13 | OBJETS=['person', 'person', 'person', 'backpack']
[16:10:16] ZONE=CAM_piste_decolage | NIVEAU=ÉLEVÉ | SCORE=12 | OBJETS=['person', 'person', 'person']
[16:10:16] ZONE=CAM_piste_decolage | NIVEAU=ÉLEVÉ | SCORE=12 | OBJETS=['person', 'person', 'person']
[16:10:16] ZONE=CAM_piste_decolage | NIVEAU=ÉLEVÉ | SCORE=12 | OBJETS=['person', 'person', 'person']
[16:10:16] ZONE=CAM_piste_decolage | NIVEAU=ÉLEVÉ | SCORE=12 | OBJETS=['person', 'person', 'person']
[16:10:16] ZONE=CAM_piste_decolage | NIVEAU=ÉLEVÉ | SCORE=13 | OBJETS=['person', 'person', 'person', 'backpack']
[16:10:16] ZONE=CAM_piste_decolage | NIVEAU=ÉLEVÉ | SCORE=12 | OBJETS=['person', 'person', 'person']
[16:10:16] ZONE=CAM_piste_decolage | NIVEAU=ÉLEVÉ | SCORE=12 | OBJETS=['person', 'person', 'person']
[16:10:16] ZONE=CAM_piste_decolage | NIVEAU=ÉLEVÉ | SCORE=13 | OBJETS=['person', 'person', 'person', 'backpack']
[16:10:17] ZONE=CAM_piste_decolage | NIVEAU=ÉLEVÉ | SCORE=13 | OBJETS=['person', 'person', 'person', 'backpack']
[16:10:17] ZONE=CAM_piste_decolage | NIVEAU=ÉLEVÉ | SCORE=13 | OBJETS=['person', 'person', 'person', 'backpack']
[16:10:17] ZONE=CAM_piste_decolage | NIVEAU=ÉLEVÉ | SCORE=12 | OBJETS=['person', 'person', 'person']
[16:10:17] ZONE=CAM_piste_decolage | NIVEAU=ÉLEVÉ | SCORE=13 | OBJETS=['person', 'person', 'person', 'backpack']
[16:10:17] ZONE=CAM_piste_decolage | NIVEAU=ÉLEVÉ | SCORE=12 | OBJETS=['person', 'person', 'person']
[16:10:17] ZONE=CAM_piste_decolage | NIVEAU=ÉLEVÉ | SCORE=12 | OBJETS=['person', 'person', 'person']
[16:10:17] ZONE=CAM_piste_decolage | NIVEAU=ÉLEVÉ | SCORE=12 | OBJETS=['person', 'person', 'person']
[16:10:18] ZONE=CAM_piste_decolage | NIVEAU=ÉLEVÉ | SCORE=12 | OBJETS=['person', 'person', 'person']
[16:10:18] ZONE=CAM_piste_decolage | NIVEAU=ÉLEVÉ | SCORE=16 | OBJETS=['person', 'person', 'person', 'person']
[16:10:18] ZONE=CAM_piste_decolage | NIVEAU=ÉLEVÉ | SCORE=12 | OBJETS=['person', 'person', 'person']
[16:10:18] ZONE=CAM_piste_decolage | NIVEAU=ÉLEVÉ | SCORE=12 | OBJETS=['person', 'person', 'person']
[16:10:18] ZONE=CAM_piste_decolage | NIVEAU=ÉLEVÉ | SCORE=12 | OBJETS=['person', 'person', 'person']
[16:10:18] ZONE=CAM_piste_decolage | NIVEAU=ÉLEVÉ | SCORE=12 | OBJETS=['person', 'person', 'person']
[16:10:18] ZONE=CAM_piste_decolage | NIVEAU=ÉLEVÉ | SCORE=12 | OBJETS=['person', 'person', 'person']
[16:10:19] ZONE=CAM_piste_decolage | NIVEAU=ÉLEVÉ | SCORE=12 | OBJETS=['person', 'person', 'person']
[16:10:19] ZONE=CAM_piste_decolage | NIVEAU=ÉLEVÉ | SCORE=12 | OBJETS=['person', 'person', 'person']
[16:10:19] ZONE=CAM_piste_decolage | NIVEAU=ÉLEVÉ | SCORE=12 | OBJETS=['person', 'person', 'person']
[16:10:19] ZONE=CAM_piste_decolage | NIVEAU=ÉLEVÉ | SCORE=13 | OBJETS=['person', 'person', 'person', 'backpack']
[16:10:19] ZONE=CAM_piste_decolage | NIVEAU=ÉLEVÉ | SCORE=13 | OBJETS=['person', 'person', 'person', 'backpack']
[16:10:19] ZONE=CAM_piste_decolage | NIVEAU=ÉLEVÉ | SCORE=13 | OBJETS=['person', 'person', 'person', 'backpack']
[16:10:19] ZONE=CAM_piste_decolage | NIVEAU=ÉLEVÉ | SCORE=13 | OBJETS=['person', 'person', 'person', 'backpack']
[16:10:20] ZONE=CAM_piste_decolage | NIVEAU=ÉLEVÉ | SCORE=13 | OBJETS=['person', 'person', 'person', 'backpack']
[16:10:20] ZONE=CAM_piste_decolage | NIVEAU=ÉLEVÉ | SCORE=13 | OBJETS=['person', 'person', 'person', 'backpack']
[16:10:20] ZONE=CAM_piste_decolage | NIVEAU=ÉLEVÉ | SCORE=13 | OBJETS=['person', 'person', 'person', 'backpack']
[16:10:20] ZONE=CAM_piste_decolage | NIVEAU=ÉLEVÉ | SCORE=13 | OBJETS=['person', 'person', 'person', 'backpack']
[16:10:20] ZONE=CAM_piste_decolage | NIVEAU=ÉLEVÉ | SCORE=17 | OBJETS=['person', 'person', 'person', 'person', 'backpack']
[16:10:20] ZONE=CAM_piste_decolage | NIVEAU=ÉLEVÉ | SCORE=16 | OBJETS=['person', 'person', 'person', 'person']
[16:10:20] ZONE=CAM_piste_decolage | NIVEAU=ÉLEVÉ | SCORE=12 | OBJETS=['person', 'person', 'person']
[16:10:21] ZONE=CAM_piste_decolage | NIVEAU=ÉLEVÉ | SCORE=16 | OBJETS=['person', 'person', 'person', 'person']
[16:10:21] ZONE=CAM_piste_decolage | NIVEAU=ÉLEVÉ | SCORE=16 | OBJETS=['person', 'person', 'person', 'person']
[16:10:21] ZONE=CAM_piste_decolage | NIVEAU=ÉLEVÉ | SCORE=12 | OBJETS=['person', 'person', 'person']
[16:10:21] ZONE=CAM_piste_decolage | NIVEAU=ÉLEVÉ | SCORE=12 | OBJETS=['person', 'person', 'person']
[16:10:21] ZONE=CAM_piste_decolage | NIVEAU=ÉLEVÉ | SCORE=12 | OBJETS=['person', 'person', 'person']
[16:10:21] ZONE=CAM_piste_decolage | NIVEAU=ÉLEVÉ | SCORE=13 | OBJETS=['person', 'person', 'person', 'backpack']
[16:10:21] ZONE=CAM_piste_decolage | NIVEAU=ÉLEVÉ | SCORE=13 | OBJETS=['person', 'person', 'person', 'backpack']
[16:10:22] ZONE=CAM_piste_decolage | NIVEAU=ÉLEVÉ | SCORE=13 | OBJETS=['person', 'person', 'person', 'backpack']
[16:10:22] ZONE=CAM_piste_decolage | NIVEAU=ÉLEVÉ | SCORE=13 | OBJETS=['person', 'person', 'person', 'backpack']
[16:10:22] ZONE=CAM_piste_decolage | NIVEAU=ÉLEVÉ | SCORE=12 | OBJETS=['person', 'person', 'person']
[16:10:23] ZONE=CAM_piste_decolage | NIVEAU=ÉLEVÉ | SCORE=12 | OBJETS=['person', 'person', 'person']
[16:10:23] ZONE=CAM_piste_decolage | NIVEAU=ÉLEVÉ | SCORE=12 | OBJETS=['person', 'person', 'person']
[16:10:23] ZONE=CAM_piste_decolage | NIVEAU=ÉLEVÉ | SCORE=12 | OBJETS=['person', 'person', 'person']
[16:10:23] ZONE=CAM_piste_decolage | NIVEAU=ÉLEVÉ | SCORE=12 | OBJETS=['person', 'person', 'person']
[16:10:24] ZONE=CAM_piste_decolage | NIVEAU=ÉLEVÉ | SCORE=12 | OBJETS=['person', 'person', 'person']
[16:10:24] ZONE=CAM_piste_decolage | NIVEAU=ÉLEVÉ | SCORE=12 | OBJETS=['person', 'person', 'person']
[16:10:24] ZONE=CAM_piste_decolage | NIVEAU=ÉLEVÉ | SCORE=12 | OBJETS=['person', 'person', 'person']
[16:10:24] ZONE=CAM_piste_decolage | NIVEAU=ÉLEVÉ | SCORE=12 | OBJETS=['person', 'person', 'person']
[16:10:25] ZONE=CAM_piste_decolage | NIVEAU=ÉLEVÉ | SCORE=12 | OBJETS=['person', 'person', 'person']
[16:10:25] ZONE=CAM_piste_decolage | NIVEAU=ÉLEVÉ | SCORE=12 | OBJETS=['person', 'person', 'person']
[16:10:25] ZONE=CAM_piste_decolage | NIVEAU=ÉLEVÉ | SCORE=12 | OBJETS=['person', 'person', 'person']
[16:10:25] ZONE=CAM_piste_decolage | NIVEAU=ÉLEVÉ | SCORE=12 | OBJETS=['person', 'person', 'person']
[16:10:26] ZONE=CAM_piste_decolage | NIVEAU=ÉLEVÉ | SCORE=12 | OBJETS=['person', 'person', 'person']
[16:10:26] ZONE=CAM_piste_decolage | NIVEAU=ÉLEVÉ | SCORE=12 | OBJETS=['person', 'person', 'person']
[16:10:26] ZONE=CAM_piste_decolage | NIVEAU=ÉLEVÉ | SCORE=12 | OBJETS=['person', 'person', 'person']
[16:10:26] ZONE=CAM_piste_decolage | NIVEAU=ÉLEVÉ | SCORE=12 | OBJETS=['person', 'person', 'person']
[16:10:26] ZONE=CAM_piste_decolage | NIVEAU=ÉLEVÉ | SCORE=12 | OBJETS=['person', 'person', 'person']
[16:10:27] ZONE=CAM_piste_decolage | NIVEAU=ÉLEVÉ | SCORE=12 | OBJETS=['person', 'person', 'person']
[16:10:27] ZONE=CAM_piste_decolage | NIVEAU=ÉLEVÉ | SCORE=8 | OBJETS=['person', 'person']
[16:10:27] ZONE=CAM_piste_decolage | NIVEAU=ÉLEVÉ | SCORE=12 | OBJETS=['person', 'person', 'person']
[16:10:27] ZONE=CAM_piste_decolage | NIVEAU=ÉLEVÉ | SCORE=13 | OBJETS=['person', 'person', 'person', 'backpack']
[16:10:28] ZONE=CAM_piste_decolage | NIVEAU=ÉLEVÉ | SCORE=13 | OBJETS=['person', 'person', 'person', 'backpack']
[16:10:28] ZONE=CAM_piste_decolage | NIVEAU=ÉLEVÉ | SCORE=12 | OBJETS=['person', 'person', 'person']
[16:10:28] ZONE=CAM_piste_decolage | NIVEAU=ÉLEVÉ | SCORE=12 | OBJETS=['person', 'person', 'person']
[16:10:28] ZONE=CAM_piste_decolage | NIVEAU=ÉLEVÉ | SCORE=12 | OBJETS=['person', 'person', 'person']
[16:10:28] ZONE=CAM_piste_decolage | NIVEAU=ÉLEVÉ | SCORE=12 | OBJETS=['person', 'person', 'person']
[16:10:29] ZONE=CAM_piste_decolage | NIVEAU=ÉLEVÉ | SCORE=12 | OBJETS=['person', 'person', 'person']
[16:10:29] ZONE=CAM_piste_decolage | NIVEAU=ÉLEVÉ | SCORE=12 | OBJETS=['person', 'person', 'person']
[16:10:29] ZONE=CAM_piste_decolage | NIVEAU=ÉLEVÉ | SCORE=12 | OBJETS=['person', 'person', 'person']
[16:10:29] ZONE=CAM_piste_decolage | NIVEAU=ÉLEVÉ | SCORE=12 | OBJETS=['person', 'person', 'person']
[16:10:29] ZONE=CAM_piste_decolage | NIVEAU=ÉLEVÉ | SCORE=12 | OBJETS=['person', 'person', 'person']
[16:10:29] ZONE=CAM_piste_decolage | NIVEAU=ÉLEVÉ | SCORE=12 | OBJETS=['person', 'person', 'person']
[16:10:30] ZONE=CAM_piste_decolage | NIVEAU=ÉLEVÉ | SCORE=12 | OBJETS=['person', 'person', 'person']
[16:10:30] ZONE=CAM_piste_decolage | NIVEAU=ÉLEVÉ | SCORE=13 | OBJETS=['person', 'person', 'person', 'backpack']
[16:10:30] ZONE=CAM_piste_decolage | NIVEAU=ÉLEVÉ | SCORE=12 | OBJETS=['person', 'person', 'person']
[16:10:30] ZONE=CAM_piste_decolage | NIVEAU=ÉLEVÉ | SCORE=12 | OBJETS=['person', 'person', 'person']
[16:10:30] ZONE=CAM_piste_decolage | NIVEAU=ÉLEVÉ | SCORE=12 | OBJETS=['person', 'person', 'person']
[16:10:30] ZONE=CAM_piste_decolage | NIVEAU=ÉLEVÉ | SCORE=12 | OBJETS=['person', 'person', 'person']
[16:10:31] ZONE=CAM_piste_decolage | NIVEAU=ÉLEVÉ | SCORE=12 | OBJETS=['person', 'person', 'person']
[16:10:31] ZONE=CAM_piste_decolage | NIVEAU=ÉLEVÉ | SCORE=12 | OBJETS=['person', 'person', 'person']
[16:10:31] ZONE=CAM_piste_decolage | NIVEAU=ÉLEVÉ | SCORE=12 | OBJETS=['person', 'person', 'person']
[16:10:31] ZONE=CAM_piste_decolage | NIVEAU=ÉLEVÉ | SCORE=12 | OBJETS=['person', 'person', 'person']
[16:10:32] ZONE=CAM_piste_decolage | NIVEAU=ÉLEVÉ | SCORE=12 | OBJETS=['person', 'person', 'person']
[16:10:32] ZONE=CAM_piste_decolage | NIVEAU=ÉLEVÉ | SCORE=12 | OBJETS=['person', 'person', 'person']
[16:10:32] ZONE=CAM_piste_decolage | NIVEAU=ÉLEVÉ | SCORE=12 | OBJETS=['person', 'person', 'person']
[16:10:32] ZONE=CAM_piste_decolage | NIVEAU=ÉLEVÉ | SCORE=12 | OBJETS=['person', 'person', 'person']
[16:10:33] ZONE=CAM_piste_decolage | NIVEAU=ÉLEVÉ | SCORE=12 | OBJETS=['person', 'person', 'person']
[16:10:33] ZONE=CAM_piste_decolage | NIVEAU=ÉLEVÉ | SCORE=13 | OBJETS=['person', 'person', 'person', 'backpack']
[16:10:33] ZONE=CAM_piste_decolage | NIVEAU=ÉLEVÉ | SCORE=16 | OBJETS=['person', 'person', 'person', 'person']
[16:10:33] ZONE=CAM_piste_decolage | NIVEAU=ÉLEVÉ | SCORE=13 | OBJETS=['person', 'person', 'person', 'backpack']
[16:10:33] ZONE=CAM_piste_decolage | NIVEAU=ÉLEVÉ | SCORE=13 | OBJETS=['person', 'person', 'person', 'backpack']
[16:10:34] ZONE=CAM_piste_decolage | NIVEAU=ÉLEVÉ | SCORE=13 | OBJETS=['person', 'person', 'person', 'backpack']
[16:10:34] ZONE=CAM_piste_decolage | NIVEAU=ÉLEVÉ | SCORE=12 | OBJETS=['person', 'person', 'person']
[16:10:34] ZONE=CAM_piste_decolage | NIVEAU=ÉLEVÉ | SCORE=12 | OBJETS=['person', 'person', 'person']
[16:10:34] ZONE=CAM_piste_decolage | NIVEAU=ÉLEVÉ | SCORE=12 | OBJETS=['person', 'person', 'person']
[16:10:35] ZONE=CAM_piste_decolage | NIVEAU=ÉLEVÉ | SCORE=13 | OBJETS=['person', 'person', 'person', 'backpack']
[16:10:35] ZONE=CAM_piste_decolage | NIVEAU=ÉLEVÉ | SCORE=13 | OBJETS=['person', 'person', 'person', 'backpack']
[16:10:35] ZONE=CAM_piste_decolage | NIVEAU=ÉLEVÉ | SCORE=13 | OBJETS=['person', 'person', 'person', 'backpack']
[16:10:35] ZONE=CAM_piste_decolage | NIVEAU=ÉLEVÉ | SCORE=12 | OBJETS=['person', 'person', 'person']
[16:10:36] ZONE=CAM_piste_decolage | NIVEAU=ÉLEVÉ | SCORE=12 | OBJETS=['person', 'person', 'person']
[16:10:36] ZONE=CAM_piste_decolage | NIVEAU=ÉLEVÉ | SCORE=13 | OBJETS=['person', 'person', 'person', 'backpack']
[16:10:36] ZONE=CAM_piste_decolage | NIVEAU=ÉLEVÉ | SCORE=12 | OBJETS=['person', 'person', 'person']
[16:10:36] ZONE=CAM_piste_decolage | NIVEAU=ÉLEVÉ | SCORE=12 | OBJETS=['person', 'person', 'person']
[16:10:37] ZONE=CAM_piste_decolage | NIVEAU=ÉLEVÉ | SCORE=12 | OBJETS=['person', 'person', 'person']
[16:10:37] ZONE=CAM_piste_decolage | NIVEAU=ÉLEVÉ | SCORE=12 | OBJETS=['person', 'person', 'person']
[16:10:37] ZONE=CAM_piste_decolage | NIVEAU=ÉLEVÉ | SCORE=12 | OBJETS=['person', 'person', 'person']
[16:10:37] ZONE=CAM_piste_decolage | NIVEAU=ÉLEVÉ | SCORE=12 | OBJETS=['person', 'person', 'person']
[16:10:37] ZONE=CAM_piste_decolage | NIVEAU=ÉLEVÉ | SCORE=12 | OBJETS=['person', 'person', 'person']
[16:10:38] ZONE=CAM_piste_decolage | NIVEAU=ÉLEVÉ | SCORE=12 | OBJETS=['person', 'person', 'person']
[16:10:38] ZONE=CAM_piste_decolage | NIVEAU=ÉLEVÉ | SCORE=12 | OBJETS=['person', 'person', 'person']
[16:10:38] ZONE=CAM_piste_decolage | NIVEAU=ÉLEVÉ | SCORE=12 | OBJETS=['person', 'person', 'person']
[16:10:38] ZONE=CAM_piste_decolage | NIVEAU=ÉLEVÉ | SCORE=12 | OBJETS=['person', 'person', 'person']
[16:10:39] ZONE=CAM_piste_decolage | NIVEAU=ÉLEVÉ | SCORE=12 | OBJETS=['person', 'person', 'person']
[16:10:39] ZONE=CAM_piste_decolage | NIVEAU=ÉLEVÉ | SCORE=12 | OBJETS=['person', 'person', 'person']
[16:10:39] ZONE=CAM_piste_decolage | NIVEAU=ÉLEVÉ | SCORE=12 | OBJETS=['person', 'person', 'person']
[16:10:39] ZONE=CAM_piste_decolage | NIVEAU=ÉLEVÉ | SCORE=12 | OBJETS=['person', 'person', 'person']
[16:10:40] ZONE=CAM_piste_decolage | NIVEAU=ÉLEVÉ | SCORE=12 | OBJETS=['person', 'person', 'person']
[16:10:40] ZONE=CAM_piste_decolage | NIVEAU=ÉLEVÉ | SCORE=12 | OBJETS=['person', 'person', 'person']
[16:10:40] ZONE=CAM_piste_decolage | NIVEAU=ÉLEVÉ | SCORE=16 | OBJETS=['person', 'person', 'person', 'person']
[16:10:40] ZONE=CAM_piste_decolage | NIVEAU=ÉLEVÉ | SCORE=16 | OBJETS=['person', 'person', 'person', 'person']
[16:10:40] ZONE=CAM_piste_decolage | NIVEAU=ÉLEVÉ | SCORE=12 | OBJETS=['person', 'person', 'person']
[16:10:41] ZONE=CAM_piste_decolage | NIVEAU=ÉLEVÉ | SCORE=17 | OBJETS=['person', 'person', 'person', 'person', 'backpack']
[16:10:41] ZONE=CAM_piste_decolage | NIVEAU=ÉLEVÉ | SCORE=12 | OBJETS=['person', 'person', 'person']
[16:10:41] ZONE=CAM_piste_decolage | NIVEAU=ÉLEVÉ | SCORE=12 | OBJETS=['person', 'person', 'person']
[16:10:41] ZONE=CAM_piste_decolage | NIVEAU=ÉLEVÉ | SCORE=13 | OBJETS=['person', 'person', 'person', 'backpack']
[16:10:42] ZONE=CAM_piste_decolage | NIVEAU=ÉLEVÉ | SCORE=12 | OBJETS=['person', 'person', 'person']
[16:10:42] ZONE=CAM_piste_decolage | NIVEAU=ÉLEVÉ | SCORE=12 | OBJETS=['person', 'person', 'person']
[16:10:42] ZONE=CAM_piste_decolage | NIVEAU=ÉLEVÉ | SCORE=12 | OBJETS=['person', 'person', 'person']
[16:10:42] ZONE=CAM_piste_decolage | NIVEAU=ÉLEVÉ | SCORE=12 | OBJETS=['person', 'person', 'person']
[16:10:42] ZONE=CAM_piste_decolage | NIVEAU=ÉLEVÉ | SCORE=13 | OBJETS=['person', 'person', 'person', 'backpack']
[16:10:43] ZONE=CAM_piste_decolage | NIVEAU=ÉLEVÉ | SCORE=13 | OBJETS=['person', 'person', 'person', 'backpack']
[16:10:43] ZONE=CAM_piste_decolage | NIVEAU=ÉLEVÉ | SCORE=13 | OBJETS=['person', 'person', 'person', 'backpack']
[16:10:43] ZONE=CAM_piste_decolage | NIVEAU=ÉLEVÉ | SCORE=13 | OBJETS=['person', 'person', 'person', 'backpack']
[16:10:43] ZONE=CAM_piste_decolage | NIVEAU=ÉLEVÉ | SCORE=13 | OBJETS=['person', 'person', 'backpack', 'person']
[16:10:44] ZONE=CAM_piste_decolage | NIVEAU=ÉLEVÉ | SCORE=12 | OBJETS=['person', 'person', 'person']
[16:10:44] ZONE=CAM_piste_decolage | NIVEAU=ÉLEVÉ | SCORE=12 | OBJETS=['person', 'person', 'person']
[16:10:44] ZONE=CAM_piste_decolage | NIVEAU=ÉLEVÉ | SCORE=13 | OBJETS=['person', 'person', 'person', 'backpack']
[16:10:44] ZONE=CAM_piste_decolage | NIVEAU=ÉLEVÉ | SCORE=12 | OBJETS=['person', 'person', 'person']
[16:10:45] ZONE=CAM_piste_decolage | NIVEAU=ÉLEVÉ | SCORE=12 | OBJETS=['person', 'person', 'person']
[16:10:45] ZONE=CAM_piste_decolage | NIVEAU=ÉLEVÉ | SCORE=12 | OBJETS=['person', 'person', 'person']
[16:10:45] ZONE=CAM_piste_decolage | NIVEAU=ÉLEVÉ | SCORE=12 | OBJETS=['person', 'person', 'person']
[16:10:45] ZONE=CAM_piste_decolage | NIVEAU=ÉLEVÉ | SCORE=12 | OBJETS=['person', 'person', 'person']
[16:10:45] ZONE=CAM_piste_decolage | NIVEAU=ÉLEVÉ | SCORE=12 | OBJETS=['person', 'person', 'person']
[16:10:46] ZONE=CAM_piste_decolage | NIVEAU=ÉLEVÉ | SCORE=12 | OBJETS=['person', 'person', 'person']
[16:10:46] ZONE=CAM_piste_decolage | NIVEAU=ÉLEVÉ | SCORE=13 | OBJETS=['person', 'person', 'person', 'backpack']
[16:10:46] ZONE=CAM_piste_decolage | NIVEAU=ÉLEVÉ | SCORE=12 | OBJETS=['person', 'person', 'person']
[16:10:46] ZONE=CAM_piste_decolage | NIVEAU=ÉLEVÉ | SCORE=12 | OBJETS=['person', 'person', 'person']
[16:10:47] ZONE=CAM_piste_decolage | NIVEAU=ÉLEVÉ | SCORE=12 | OBJETS=['person', 'person', 'person']
[16:10:47] ZONE=CAM_piste_decolage | NIVEAU=ÉLEVÉ | SCORE=12 | OBJETS=['person', 'person', 'person']
[16:10:47] ZONE=CAM_piste_decolage | NIVEAU=ÉLEVÉ | SCORE=12 | OBJETS=['person', 'person', 'person']
[16:10:47] ZONE=CAM_piste_decolage | NIVEAU=ÉLEVÉ | SCORE=12 | OBJETS=['person', 'person', 'person']
[16:10:47] ZONE=CAM_piste_decolage | NIVEAU=ÉLEVÉ | SCORE=12 | OBJETS=['person', 'person', 'person']
[16:10:48] ZONE=CAM_piste_decolage | NIVEAU=ÉLEVÉ | SCORE=12 | OBJETS=['person', 'person', 'person']
[16:10:48] ZONE=CAM_piste_decolage | NIVEAU=ÉLEVÉ | SCORE=12 | OBJETS=['person', 'person', 'person']
[16:10:48] ZONE=CAM_piste_decolage | NIVEAU=ÉLEVÉ | SCORE=12 | OBJETS=['person', 'person', 'person']
[16:10:48] ZONE=CAM_piste_decolage | NIVEAU=ÉLEVÉ | SCORE=12 | OBJETS=['person', 'person', 'person']
[16:10:49] ZONE=CAM_piste_decolage | NIVEAU=ÉLEVÉ | SCORE=12 | OBJETS=['person', 'person', 'person']
[16:10:49] ZONE=CAM_piste_decolage | NIVEAU=ÉLEVÉ | SCORE=12 | OBJETS=['person', 'person', 'person']
[16:10:49] ZONE=CAM_piste_decolage | NIVEAU=ÉLEVÉ | SCORE=12 | OBJETS=['person', 'person', 'person']
[16:10:49] ZONE=CAM_piste_decolage | NIVEAU=ÉLEVÉ | SCORE=12 | OBJETS=['person', 'person', 'person']
[16:10:50] ZONE=CAM_piste_decolage | NIVEAU=ÉLEVÉ | SCORE=12 | OBJETS=['person', 'person', 'person']
[16:10:50] ZONE=CAM_piste_decolage | NIVEAU=ÉLEVÉ | SCORE=12 | OBJETS=['person', 'person', 'person']
[16:10:50] ZONE=CAM_piste_decolage | NIVEAU=ÉLEVÉ | SCORE=13 | OBJETS=['person', 'person', 'person', 'backpack']
[16:10:50] ZONE=CAM_piste_decolage | NIVEAU=ÉLEVÉ | SCORE=12 | OBJETS=['person', 'person', 'person']
[16:10:50] ZONE=CAM_piste_decolage | NIVEAU=ÉLEVÉ | SCORE=17 | OBJETS=['person', 'person', 'person', 'person', 'backpack']
[16:10:51] ZONE=CAM_piste_decolage | NIVEAU=ÉLEVÉ | SCORE=12 | OBJETS=['person', 'person', 'person']
[16:10:51] ZONE=CAM_piste_decolage | NIVEAU=ÉLEVÉ | SCORE=13 | OBJETS=['person', 'person', 'person', 'backpack']
[16:10:51] ZONE=CAM_piste_decolage | NIVEAU=ÉLEVÉ | SCORE=12 | OBJETS=['person', 'person', 'person']
[16:10:51] ZONE=CAM_piste_decolage | NIVEAU=ÉLEVÉ | SCORE=13 | OBJETS=['person', 'person', 'person', 'backpack']
[16:10:52] ZONE=CAM_piste_decolage | NIVEAU=ÉLEVÉ | SCORE=12 | OBJETS=['person', 'person', 'person']
[16:10:52] ZONE=CAM_piste_decolage | NIVEAU=ÉLEVÉ | SCORE=13 | OBJETS=['person', 'person', 'person', 'backpack']
[16:10:52] ZONE=CAM_piste_decolage | NIVEAU=ÉLEVÉ | SCORE=12 | OBJETS=['person', 'person', 'person']
[16:10:52] ZONE=CAM_piste_decolage | NIVEAU=ÉLEVÉ | SCORE=13 | OBJETS=['person', 'person', 'person', 'backpack']
[16:10:52] ZONE=CAM_piste_decolage | NIVEAU=ÉLEVÉ | SCORE=13 | OBJETS=['person', 'person', 'person', 'backpack']
[16:10:53] ZONE=CAM_piste_decolage | NIVEAU=ÉLEVÉ | SCORE=12 | OBJETS=['person', 'person', 'person']
[16:10:53] ZONE=CAM_piste_decolage | NIVEAU=ÉLEVÉ | SCORE=12 | OBJETS=['person', 'person', 'person']
[16:10:53] ZONE=CAM_piste_decolage | NIVEAU=ÉLEVÉ | SCORE=12 | OBJETS=['person', 'person', 'person']
[16:10:53] ZONE=CAM_piste_decolage | NIVEAU=ÉLEVÉ | SCORE=13 | OBJETS=['person', 'person', 'person', 'backpack']
[16:10:54] ZONE=CAM_piste_decolage | NIVEAU=ÉLEVÉ | SCORE=13 | OBJETS=['person', 'person', 'person', 'backpack']
[16:10:54] ZONE=CAM_piste_decolage | NIVEAU=ÉLEVÉ | SCORE=13 | OBJETS=['person', 'person', 'person', 'backpack']
[16:10:54] ZONE=CAM_piste_decolage | NIVEAU=ÉLEVÉ | SCORE=13 | OBJETS=['person', 'person', 'person', 'backpack']
[16:10:54] ZONE=CAM_piste_decolage | NIVEAU=ÉLEVÉ | SCORE=13 | OBJETS=['person', 'person', 'person', 'backpack']
[16:10:55] ZONE=CAM_piste_decolage | NIVEAU=ÉLEVÉ | SCORE=14 | OBJETS=['person', 'person', 'person', 'backpack', 'backpack']
[16:10:55] ZONE=CAM_piste_decolage | NIVEAU=ÉLEVÉ | SCORE=12 | OBJETS=['person', 'person', 'person']
[16:10:55] ZONE=CAM_piste_decolage | NIVEAU=ÉLEVÉ | SCORE=16 | OBJETS=['person', 'person', 'person', 'person']
[16:10:55] ZONE=CAM_piste_decolage | NIVEAU=ÉLEVÉ | SCORE=13 | OBJETS=['person', 'person', 'person', 'backpack']
[16:10:55] ZONE=CAM_piste_decolage | NIVEAU=ÉLEVÉ | SCORE=13 | OBJETS=['person', 'person', 'person', 'backpack']
[16:10:56] ZONE=CAM_piste_decolage | NIVEAU=ÉLEVÉ | SCORE=13 | OBJETS=['person', 'person', 'person', 'backpack']
[16:10:56] ZONE=CAM_piste_decolage | NIVEAU=ÉLEVÉ | SCORE=12 | OBJETS=['person', 'person', 'person']
[16:10:56] ZONE=CAM_piste_decolage | NIVEAU=ÉLEVÉ | SCORE=13 | OBJETS=['person', 'person', 'person', 'backpack']
[16:10:56] ZONE=CAM_piste_decolage | NIVEAU=ÉLEVÉ | SCORE=13 | OBJETS=['person', 'person', 'person', 'backpack']
[16:10:56] ZONE=CAM_piste_decolage | NIVEAU=ÉLEVÉ | SCORE=12 | OBJETS=['person', 'person', 'person']
[16:10:56] ZONE=CAM_piste_decolage | NIVEAU=ÉLEVÉ | SCORE=12 | OBJETS=['person', 'person', 'person']
[16:10:56] ZONE=CAM_piste_decolage | NIVEAU=ÉLEVÉ | SCORE=12 | OBJETS=['person', 'person', 'person']
[16:10:57] ZONE=CAM_piste_decolage | NIVEAU=ÉLEVÉ | SCORE=12 | OBJETS=['person', 'person', 'person']
[16:10:57] ZONE=CAM_piste_decolage | NIVEAU=ÉLEVÉ | SCORE=12 | OBJETS=['person', 'person', 'person']
[16:10:57] ZONE=CAM_piste_decolage | NIVEAU=ÉLEVÉ | SCORE=12 | OBJETS=['person', 'person', 'person']
[16:10:57] ZONE=CAM_piste_decolage | NIVEAU=ÉLEVÉ | SCORE=12 | OBJETS=['person', 'person', 'person']
[16:10:57] ZONE=CAM_piste_decolage | NIVEAU=ÉLEVÉ | SCORE=12 | OBJETS=['person', 'person', 'person']
[16:10:57] ZONE=CAM_piste_decolage | NIVEAU=ÉLEVÉ | SCORE=12 | OBJETS=['person', 'person', 'person']
[16:10:57] ZONE=CAM_piste_decolage | NIVEAU=ÉLEVÉ | SCORE=12 | OBJETS=['person', 'person', 'person']
[16:10:58] ZONE=CAM_piste_decolage | NIVEAU=ÉLEVÉ | SCORE=12 | OBJETS=['person', 'person', 'person']
[16:10:58] ZONE=CAM_piste_decolage | NIVEAU=ÉLEVÉ | SCORE=12 | OBJETS=['person', 'person', 'person']
[16:10:58] ZONE=CAM_piste_decolage | NIVEAU=ÉLEVÉ | SCORE=12 | OBJETS=['person', 'person', 'person']
[16:10:58] ZONE=CAM_piste_decolage | NIVEAU=ÉLEVÉ | SCORE=13 | OBJETS=['person', 'person', 'person', 'backpack']
[16:10:58] ZONE=CAM_piste_decolage | NIVEAU=ÉLEVÉ | SCORE=12 | OBJETS=['person', 'person', 'person']
[16:10:58] ZONE=CAM_piste_decolage | NIVEAU=ÉLEVÉ | SCORE=13 | OBJETS=['person', 'person', 'person', 'backpack']
[16:10:58] ZONE=CAM_piste_decolage | NIVEAU=ÉLEVÉ | SCORE=12 | OBJETS=['person', 'person', 'person']
[16:10:58] ZONE=CAM_piste_decolage | NIVEAU=ÉLEVÉ | SCORE=12 | OBJETS=['person', 'person', 'person']
[16:10:59] ZONE=CAM_piste_decolage | NIVEAU=ÉLEVÉ | SCORE=13 | OBJETS=['person', 'person', 'person', 'backpack']
[16:10:59] ZONE=CAM_piste_decolage | NIVEAU=ÉLEVÉ | SCORE=12 | OBJETS=['person', 'person', 'person']
[16:10:59] ZONE=CAM_piste_decolage | NIVEAU=ÉLEVÉ | SCORE=13 | OBJETS=['person', 'backpack', 'person', 'person']
[16:10:59] ZONE=CAM_piste_decolage | NIVEAU=ÉLEVÉ | SCORE=13 | OBJETS=['person', 'person', 'person', 'backpack']
[16:10:59] ZONE=CAM_piste_decolage | NIVEAU=ÉLEVÉ | SCORE=13 | OBJETS=['person', 'person', 'person', 'backpack']
[16:10:59] ZONE=CAM_piste_decolage | NIVEAU=ÉLEVÉ | SCORE=13 | OBJETS=['person', 'backpack', 'person', 'person']
[16:10:59] ZONE=CAM_piste_decolage | NIVEAU=ÉLEVÉ | SCORE=13 | OBJETS=['person', 'backpack', 'person', 'person']
[16:11:00] ZONE=CAM_piste_decolage | NIVEAU=ÉLEVÉ | SCORE=13 | OBJETS=['backpack', 'person', 'person', 'person']
[16:11:00] ZONE=CAM_piste_decolage | NIVEAU=ÉLEVÉ | SCORE=9 | OBJETS=['person', 'backpack', 'person']
[16:11:00] ZONE=CAM_piste_decolage | NIVEAU=ÉLEVÉ | SCORE=9 | OBJETS=['person', 'person', 'backpack']
[16:11:00] ZONE=CAM_piste_decolage | NIVEAU=ÉLEVÉ | SCORE=10 | OBJETS=['person', 'person', 'backpack', 'backpack']
[16:11:01] ZONE=CAM_piste_decolage | NIVEAU=ÉLEVÉ | SCORE=10 | OBJETS=['person', 'person', 'backpack', 'backpack']
[16:11:01] ZONE=CAM_piste_decolage | NIVEAU=ÉLEVÉ | SCORE=10 | OBJETS=['person', 'person', 'backpack', 'backpack']
[16:11:01] ZONE=CAM_piste_decolage | NIVEAU=ÉLEVÉ | SCORE=8 | OBJETS=['person', 'person']
[16:11:01] ZONE=CAM_piste_decolage | NIVEAU=ÉLEVÉ | SCORE=9 | OBJETS=['person', 'person', 'backpack']
[16:11:02] ZONE=CAM_piste_decolage | NIVEAU=ÉLEVÉ | SCORE=8 | OBJETS=['person', 'person']
[16:11:02] ZONE=CAM_piste_decolage | NIVEAU=ÉLEVÉ | SCORE=8 | OBJETS=['person', 'person']
[16:11:02] ZONE=CAM_piste_decolage | NIVEAU=ÉLEVÉ | SCORE=9 | OBJETS=['person', 'person', 'backpack']
[16:11:02] ZONE=CAM_piste_decolage | NIVEAU=ÉLEVÉ | SCORE=9 | OBJETS=['person', 'person', 'backpack']
[16:11:03] ZONE=CAM_piste_decolage | NIVEAU=ÉLEVÉ | SCORE=9 | OBJETS=['person', 'person', 'backpack']
[16:11:03] ZONE=CAM_piste_decolage | NIVEAU=ÉLEVÉ | SCORE=10 | OBJETS=['person', 'person', 'backpack', 'backpack']
[16:11:03] ZONE=CAM_piste_decolage | NIVEAU=ÉLEVÉ | SCORE=10 | OBJETS=['person', 'person', 'backpack', 'backpack']
[16:11:03] ZONE=CAM_piste_decolage | NIVEAU=ÉLEVÉ | SCORE=10 | OBJETS=['person', 'backpack', 'person', 'backpack']
[16:11:04] ZONE=CAM_piste_decolage | NIVEAU=ÉLEVÉ | SCORE=9 | OBJETS=['person', 'person', 'backpack']
[16:11:04] ZONE=CAM_piste_decolage | NIVEAU=ÉLEVÉ | SCORE=9 | OBJETS=['person', 'backpack', 'person']
[16:11:04] ZONE=CAM_piste_decolage | NIVEAU=ÉLEVÉ | SCORE=10 | OBJETS=['person', 'person', 'backpack', 'backpack']
[16:11:04] ZONE=CAM_piste_decolage | NIVEAU=ÉLEVÉ | SCORE=8 | OBJETS=['person', 'person']
[16:11:04] ZONE=CAM_piste_decolage | NIVEAU=ÉLEVÉ | SCORE=9 | OBJETS=['person', 'person', 'backpack']
[16:11:05] ZONE=CAM_piste_decolage | NIVEAU=ÉLEVÉ | SCORE=9 | OBJETS=['person', 'person', 'backpack']
[16:11:05] ZONE=CAM_piste_decolage | NIVEAU=ÉLEVÉ | SCORE=9 | OBJETS=['person', 'person', 'backpack']
[16:11:05] ZONE=CAM_piste_decolage | NIVEAU=ÉLEVÉ | SCORE=9 | OBJETS=['person', 'person', 'backpack']
[16:11:05] ZONE=CAM_piste_decolage | NIVEAU=ÉLEVÉ | SCORE=13 | OBJETS=['person', 'person', 'backpack', 'person']
[16:11:06] ZONE=CAM_piste_decolage | NIVEAU=ÉLEVÉ | SCORE=13 | OBJETS=['person', 'person', 'backpack', 'person']
[16:11:06] ZONE=CAM_piste_decolage | NIVEAU=ÉLEVÉ | SCORE=12 | OBJETS=['person', 'person', 'person']
[16:11:06] ZONE=CAM_piste_decolage | NIVEAU=ÉLEVÉ | SCORE=13 | OBJETS=['person', 'backpack', 'person', 'person']
[16:11:06] ZONE=CAM_piste_decolage | NIVEAU=ÉLEVÉ | SCORE=9 | OBJETS=['person', 'backpack', 'person']
[16:11:07] ZONE=CAM_piste_decolage | NIVEAU=ÉLEVÉ | SCORE=9 | OBJETS=['person', 'backpack', 'person']
[16:11:07] ZONE=CAM_piste_decolage | NIVEAU=ÉLEVÉ | SCORE=9 | OBJETS=['person', 'backpack', 'person']
[16:11:07] ZONE=CAM_piste_decolage | NIVEAU=ÉLEVÉ | SCORE=10 | OBJETS=['person', 'person', 'backpack', 'backpack']
[16:11:07] ZONE=CAM_piste_decolage | NIVEAU=ÉLEVÉ | SCORE=10 | OBJETS=['person', 'person', 'backpack', 'backpack']
[16:11:07] ZONE=CAM_piste_decolage | NIVEAU=ÉLEVÉ | SCORE=10 | OBJETS=['person', 'person', 'backpack', 'backpack']
[16:11:08] ZONE=CAM_piste_decolage | NIVEAU=ÉLEVÉ | SCORE=10 | OBJETS=['person', 'person', 'backpack', 'backpack']
[16:11:08] ZONE=CAM_piste_decolage | NIVEAU=ÉLEVÉ | SCORE=9 | OBJETS=['person', 'person', 'backpack']
[16:11:08] ZONE=CAM_piste_decolage | NIVEAU=ÉLEVÉ | SCORE=9 | OBJETS=['person', 'person', 'backpack']
[16:11:08] ZONE=CAM_piste_decolage | NIVEAU=ÉLEVÉ | SCORE=9 | OBJETS=['person', 'person', 'backpack']
[16:11:09] ZONE=CAM_piste_decolage | NIVEAU=ÉLEVÉ | SCORE=8 | OBJETS=['person', 'person']
[16:11:09] ZONE=CAM_piste_decolage | NIVEAU=ÉLEVÉ | SCORE=8 | OBJETS=['person', 'person']
[16:11:09] ZONE=CAM_piste_decolage | NIVEAU=ÉLEVÉ | SCORE=8 | OBJETS=['person', 'person']
[16:11:09] ZONE=CAM_piste_decolage | NIVEAU=ÉLEVÉ | SCORE=8 | OBJETS=['person', 'person']
[16:11:09] ZONE=CAM_piste_decolage | NIVEAU=ÉLEVÉ | SCORE=8 | OBJETS=['person', 'person']
[16:11:10] ZONE=CAM_piste_decolage | NIVEAU=ÉLEVÉ | SCORE=8 | OBJETS=['person', 'person']
[16:11:10] ZONE=CAM_piste_decolage | NIVEAU=ÉLEVÉ | SCORE=8 | OBJETS=['person', 'person']
[16:11:10] ZONE=CAM_piste_decolage | NIVEAU=ÉLEVÉ | SCORE=8 | OBJETS=['person', 'person']
[16:11:10] ZONE=CAM_piste_decolage | NIVEAU=ÉLEVÉ | SCORE=8 | OBJETS=['person', 'person']
[16:11:11] ZONE=CAM_piste_decolage | NIVEAU=ÉLEVÉ | SCORE=8 | OBJETS=['person', 'person']
[16:11:11] ZONE=CAM_piste_decolage | NIVEAU=ÉLEVÉ | SCORE=8 | OBJETS=['person', 'person']
[16:11:11] ZONE=CAM_piste_decolage | NIVEAU=ÉLEVÉ | SCORE=8 | OBJETS=['person', 'person']
[16:11:11] ZONE=CAM_piste_decolage | NIVEAU=ÉLEVÉ | SCORE=16 | OBJETS=['person', 'person', 'person', 'person']
[16:11:12] ZONE=CAM_piste_decolage | NIVEAU=ÉLEVÉ | SCORE=12 | OBJETS=['person', 'person', 'person']
[16:11:12] ZONE=CAM_piste_decolage | NIVEAU=ÉLEVÉ | SCORE=12 | OBJETS=['person', 'person', 'person']
[16:11:12] ZONE=CAM_piste_decolage | NIVEAU=ÉLEVÉ | SCORE=12 | OBJETS=['person', 'person', 'person']
[16:11:12] ZONE=CAM_piste_decolage | NIVEAU=ÉLEVÉ | SCORE=12 | OBJETS=['person', 'person', 'person']
[16:11:12] ZONE=CAM_piste_decolage | NIVEAU=ÉLEVÉ | SCORE=12 | OBJETS=['person', 'person', 'person']
[16:11:13] ZONE=CAM_piste_decolage | NIVEAU=ÉLEVÉ | SCORE=12 | OBJETS=['person', 'person', 'person']
[16:11:13] ZONE=CAM_piste_decolage | NIVEAU=ÉLEVÉ | SCORE=12 | OBJETS=['person', 'person', 'person']
[16:11:13] ZONE=CAM_piste_decolage | NIVEAU=ÉLEVÉ | SCORE=16 | OBJETS=['person', 'person', 'person', 'person']
[16:11:13] ZONE=CAM_piste_decolage | NIVEAU=ÉLEVÉ | SCORE=16 | OBJETS=['person', 'person', 'person', 'person']
[16:11:14] ZONE=CAM_piste_decolage | NIVEAU=ÉLEVÉ | SCORE=12 | OBJETS=['person', 'person', 'person']
[16:11:14] ZONE=CAM_piste_decolage | NIVEAU=ÉLEVÉ | SCORE=16 | OBJETS=['person', 'person', 'person', 'person']
[16:11:14] ZONE=CAM_piste_decolage | NIVEAU=ÉLEVÉ | SCORE=16 | OBJETS=['person', 'person', 'person', 'person']
[16:11:14] ZONE=CAM_piste_decolage | NIVEAU=ÉLEVÉ | SCORE=16 | OBJETS=['person', 'person', 'person', 'person']
[16:11:14] ZONE=CAM_piste_decolage | NIVEAU=ÉLEVÉ | SCORE=12 | OBJETS=['person', 'person', 'person']
[16:11:15] ZONE=CAM_piste_decolage | NIVEAU=ÉLEVÉ | SCORE=12 | OBJETS=['person', 'person', 'person']
[16:11:15] ZONE=CAM_piste_decolage | NIVEAU=ÉLEVÉ | SCORE=12 | OBJETS=['person', 'person', 'person']
[16:11:15] ZONE=CAM_piste_decolage | NIVEAU=ÉLEVÉ | SCORE=12 | OBJETS=['person', 'person', 'person']
[16:11:15] ZONE=CAM_piste_decolage | NIVEAU=ÉLEVÉ | SCORE=12 | OBJETS=['person', 'person', 'person']
[16:11:16] ZONE=CAM_piste_decolage | NIVEAU=ÉLEVÉ | SCORE=16 | OBJETS=['person', 'person', 'person', 'person']
[16:11:16] ZONE=CAM_piste_decolage | NIVEAU=ÉLEVÉ | SCORE=12 | OBJETS=['person', 'person', 'person']
[16:11:16] ZONE=CAM_piste_decolage | NIVEAU=ÉLEVÉ | SCORE=12 | OBJETS=['person', 'person', 'person']
[16:11:16] ZONE=CAM_piste_decolage | NIVEAU=ÉLEVÉ | SCORE=12 | OBJETS=['person', 'person', 'person']
[16:11:17] ZONE=CAM_piste_decolage | NIVEAU=ÉLEVÉ | SCORE=12 | OBJETS=['person', 'person', 'person']
[16:11:17] ZONE=CAM_piste_decolage | NIVEAU=ÉLEVÉ | SCORE=12 | OBJETS=['person', 'person', 'person']
[16:11:17] ZONE=CAM_piste_decolage | NIVEAU=ÉLEVÉ | SCORE=12 | OBJETS=['person', 'person', 'person']
[16:11:17] ZONE=CAM_piste_decolage | NIVEAU=ÉLEVÉ | SCORE=12 | OBJETS=['person', 'person', 'person']
[16:11:17] ZONE=CAM_piste_decolage | NIVEAU=ÉLEVÉ | SCORE=12 | OBJETS=['person', 'person', 'person']
[16:11:18] ZONE=CAM_piste_decolage | NIVEAU=ÉLEVÉ | SCORE=16 | OBJETS=['person', 'person', 'person', 'person']
[16:11:18] ZONE=CAM_piste_decolage | NIVEAU=ÉLEVÉ | SCORE=12 | OBJETS=['person', 'person', 'person']
[16:11:18] ZONE=CAM_piste_decolage | NIVEAU=ÉLEVÉ | SCORE=12 | OBJETS=['person', 'person', 'person']
[16:11:18] ZONE=CAM_piste_decolage | NIVEAU=ÉLEVÉ | SCORE=12 | OBJETS=['person', 'person', 'person']
[16:11:19] ZONE=CAM_piste_decolage | NIVEAU=ÉLEVÉ | SCORE=12 | OBJETS=['person', 'person', 'person']
[16:11:19] ZONE=CAM_piste_decolage | NIVEAU=ÉLEVÉ | SCORE=12 | OBJETS=['person', 'person', 'person']
[16:11:19] ZONE=CAM_piste_decolage | NIVEAU=ÉLEVÉ | SCORE=12 | OBJETS=['person', 'person', 'person']
[16:11:19] ZONE=CAM_piste_decolage | NIVEAU=ÉLEVÉ | SCORE=12 | OBJETS=['person', 'person', 'person']
[16:11:20] ZONE=CAM_piste_decolage | NIVEAU=ÉLEVÉ | SCORE=16 | OBJETS=['person', 'person', 'person', 'person']
[16:11:20] ZONE=CAM_piste_decolage | NIVEAU=ÉLEVÉ | SCORE=16 | OBJETS=['person', 'person', 'person', 'person']
[16:11:20] ZONE=CAM_piste_decolage | NIVEAU=ÉLEVÉ | SCORE=16 | OBJETS=['person', 'person', 'person', 'person']
[16:11:20] ZONE=CAM_piste_decolage | NIVEAU=ÉLEVÉ | SCORE=8 | OBJETS=['person', 'person']
[16:11:21] ZONE=CAM_piste_decolage | NIVEAU=ÉLEVÉ | SCORE=8 | OBJETS=['person', 'person']
[16:11:21] ZONE=CAM_piste_decolage | NIVEAU=ÉLEVÉ | SCORE=8 | OBJETS=['person', 'person']
[16:11:21] ZONE=CAM_piste_decolage | NIVEAU=ÉLEVÉ | SCORE=8 | OBJETS=['person', 'person']
[16:11:21] ZONE=CAM_piste_decolage | NIVEAU=ÉLEVÉ | SCORE=8 | OBJETS=['person', 'person']
[16:11:21] ZONE=CAM_piste_decolage | NIVEAU=ÉLEVÉ | SCORE=8 | OBJETS=['person', 'person']
[16:11:22] ZONE=CAM_piste_decolage | NIVEAU=ÉLEVÉ | SCORE=8 | OBJETS=['person', 'person']
[16:11:22] ZONE=CAM_piste_decolage | NIVEAU=ÉLEVÉ | SCORE=8 | OBJETS=['person', 'person']
[16:11:22] ZONE=CAM_piste_decolage | NIVEAU=ÉLEVÉ | SCORE=8 | OBJETS=['person', 'person']
[16:11:22] ZONE=CAM_piste_decolage | NIVEAU=ÉLEVÉ | SCORE=8 | OBJETS=['person', 'person']
[16:11:23] ZONE=CAM_piste_decolage | NIVEAU=ÉLEVÉ | SCORE=8 | OBJETS=['person', 'person']
[16:11:23] ZONE=CAM_piste_decolage | NIVEAU=ÉLEVÉ | SCORE=8 | OBJETS=['person', 'person']
[16:11:23] ZONE=CAM_piste_decolage | NIVEAU=ÉLEVÉ | SCORE=8 | OBJETS=['person', 'person']
[16:11:23] ZONE=CAM_piste_decolage | NIVEAU=ÉLEVÉ | SCORE=8 | OBJETS=['person', 'person']
[16:11:23] ZONE=CAM_piste_decolage | NIVEAU=ÉLEVÉ | SCORE=8 | OBJETS=['person', 'person']
[16:11:24] ZONE=CAM_piste_decolage | NIVEAU=ÉLEVÉ | SCORE=9 | OBJETS=['person', 'person', 'backpack']
[16:11:24] ZONE=CAM_piste_decolage | NIVEAU=ÉLEVÉ | SCORE=9 | OBJETS=['person', 'person', 'backpack']
[16:11:24] ZONE=CAM_piste_decolage | NIVEAU=ÉLEVÉ | SCORE=9 | OBJETS=['person', 'person', 'backpack']
[16:11:24] ZONE=CAM_piste_decolage | NIVEAU=ÉLEVÉ | SCORE=8 | OBJETS=['person', 'person']
[16:11:25] ZONE=CAM_piste_decolage | NIVEAU=ÉLEVÉ | SCORE=8 | OBJETS=['person', 'person']
[16:11:25] ZONE=CAM_piste_decolage | NIVEAU=ÉLEVÉ | SCORE=8 | OBJETS=['person', 'person']
[16:11:25] ZONE=CAM_piste_decolage | NIVEAU=ÉLEVÉ | SCORE=9 | OBJETS=['person', 'person', 'backpack']
[16:11:25] ZONE=CAM_piste_decolage | NIVEAU=ÉLEVÉ | SCORE=8 | OBJETS=['person', 'person']
[16:11:26] ZONE=CAM_piste_decolage | NIVEAU=ÉLEVÉ | SCORE=8 | OBJETS=['person', 'person']
[16:11:26] ZONE=CAM_piste_decolage | NIVEAU=ÉLEVÉ | SCORE=8 | OBJETS=['person', 'person']
[16:11:26] ZONE=CAM_piste_decolage | NIVEAU=ÉLEVÉ | SCORE=8 | OBJETS=['person', 'person']
[16:11:26] ZONE=CAM_piste_decolage | NIVEAU=ÉLEVÉ | SCORE=9 | OBJETS=['person', 'person', 'backpack']
[16:11:26] ZONE=CAM_piste_decolage | NIVEAU=ÉLEVÉ | SCORE=9 | OBJETS=['person', 'person', 'backpack']
[16:11:27] ZONE=CAM_piste_decolage | NIVEAU=ÉLEVÉ | SCORE=9 | OBJETS=['person', 'person', 'backpack']
[16:11:27] ZONE=CAM_piste_decolage | NIVEAU=ÉLEVÉ | SCORE=9 | OBJETS=['person', 'person', 'backpack']
[16:11:27] ZONE=CAM_piste_decolage | NIVEAU=ÉLEVÉ | SCORE=8 | OBJETS=['person', 'person']
[16:11:27] ZONE=CAM_piste_decolage | NIVEAU=ÉLEVÉ | SCORE=9 | OBJETS=['person', 'person', 'backpack']
[16:11:28] ZONE=CAM_piste_decolage | NIVEAU=ÉLEVÉ | SCORE=9 | OBJETS=['person', 'person', 'backpack']
[16:11:28] ZONE=CAM_piste_decolage | NIVEAU=ÉLEVÉ | SCORE=8 | OBJETS=['person', 'person']
[16:11:28] ZONE=CAM_piste_decolage | NIVEAU=ÉLEVÉ | SCORE=8 | OBJETS=['person', 'person']
[16:11:28] ZONE=CAM_piste_decolage | NIVEAU=ÉLEVÉ | SCORE=9 | OBJETS=['person', 'person', 'backpack']
[16:11:29] ZONE=CAM_piste_decolage | NIVEAU=ÉLEVÉ | SCORE=8 | OBJETS=['person', 'person']
[16:11:29] ZONE=CAM_piste_decolage | NIVEAU=ÉLEVÉ | SCORE=8 | OBJETS=['person', 'person']
[16:11:29] ZONE=CAM_piste_decolage | NIVEAU=ÉLEVÉ | SCORE=9 | OBJETS=['person', 'person', 'backpack']
[16:11:29] ZONE=CAM_piste_decolage | NIVEAU=ÉLEVÉ | SCORE=8 | OBJETS=['person', 'person']
[16:11:29] ZONE=CAM_piste_decolage | NIVEAU=ÉLEVÉ | SCORE=8 | OBJETS=['person', 'person']
[16:11:30] ZONE=CAM_piste_decolage | NIVEAU=ÉLEVÉ | SCORE=8 | OBJETS=['person', 'person']
[16:11:30] ZONE=CAM_piste_decolage | NIVEAU=ÉLEVÉ | SCORE=9 | OBJETS=['person', 'person', 'backpack']
[16:11:30] ZONE=CAM_piste_decolage | NIVEAU=ÉLEVÉ | SCORE=8 | OBJETS=['person', 'person']
[16:11:30] ZONE=CAM_piste_decolage | NIVEAU=ÉLEVÉ | SCORE=9 | OBJETS=['person', 'person', 'backpack']
[16:11:31] ZONE=CAM_piste_decolage | NIVEAU=ÉLEVÉ | SCORE=8 | OBJETS=['person', 'person']
[16:11:31] ZONE=CAM_piste_decolage | NIVEAU=ÉLEVÉ | SCORE=8 | OBJETS=['person', 'person']
[16:11:31] ZONE=CAM_piste_decolage | NIVEAU=ÉLEVÉ | SCORE=8 | OBJETS=['person', 'person']
[16:11:31] ZONE=CAM_piste_decolage | NIVEAU=ÉLEVÉ | SCORE=12 | OBJETS=['person', 'person', 'person']
[16:11:32] ZONE=CAM_piste_decolage | NIVEAU=ÉLEVÉ | SCORE=8 | OBJETS=['person', 'person']
[16:11:32] ZONE=CAM_piste_decolage | NIVEAU=ÉLEVÉ | SCORE=12 | OBJETS=['person', 'person', 'person']
[16:11:32] ZONE=CAM_piste_decolage | NIVEAU=ÉLEVÉ | SCORE=13 | OBJETS=['person', 'person', 'person', 'backpack']
[16:11:32] ZONE=CAM_piste_decolage | NIVEAU=ÉLEVÉ | SCORE=16 | OBJETS=['person', 'person', 'person', 'person']
[16:11:32] ZONE=CAM_piste_decolage | NIVEAU=ÉLEVÉ | SCORE=16 | OBJETS=['person', 'person', 'person', 'person']
[16:11:33] ZONE=CAM_piste_decolage | NIVEAU=ÉLEVÉ | SCORE=12 | OBJETS=['person', 'person', 'person']
[16:11:33] ZONE=CAM_piste_decolage | NIVEAU=ÉLEVÉ | SCORE=16 | OBJETS=['person', 'person', 'person', 'person']
[16:11:33] ZONE=CAM_piste_decolage | NIVEAU=ÉLEVÉ | SCORE=16 | OBJETS=['person', 'person', 'person', 'person']
[16:11:33] ZONE=CAM_piste_decolage | NIVEAU=ÉLEVÉ | SCORE=16 | OBJETS=['person', 'person', 'person', 'person']
[16:11:34] ZONE=CAM_piste_decolage | NIVEAU=ÉLEVÉ | SCORE=16 | OBJETS=['person', 'person', 'person', 'person']
[16:11:34] ZONE=CAM_piste_decolage | NIVEAU=ÉLEVÉ | SCORE=16 | OBJETS=['person', 'person', 'person', 'person']
[16:11:34] ZONE=CAM_piste_decolage | NIVEAU=ÉLEVÉ | SCORE=12 | OBJETS=['person', 'person', 'person']
[16:11:34] ZONE=CAM_piste_decolage | NIVEAU=ÉLEVÉ | SCORE=16 | OBJETS=['person', 'person', 'person', 'person']
[16:11:35] ZONE=CAM_piste_decolage | NIVEAU=ÉLEVÉ | SCORE=12 | OBJETS=['person', 'person', 'person']
[16:11:35] ZONE=CAM_piste_decolage | NIVEAU=ÉLEVÉ | SCORE=12 | OBJETS=['person', 'person', 'person']
[16:11:35] ZONE=CAM_piste_decolage | NIVEAU=ÉLEVÉ | SCORE=12 | OBJETS=['person', 'person', 'person']
[16:11:35] ZONE=CAM_piste_decolage | NIVEAU=ÉLEVÉ | SCORE=12 | OBJETS=['person', 'person', 'person']
[16:11:36] ZONE=CAM_piste_decolage | NIVEAU=ÉLEVÉ | SCORE=16 | OBJETS=['person', 'person', 'person', 'person']
[16:11:36] ZONE=CAM_piste_decolage | NIVEAU=ÉLEVÉ | SCORE=16 | OBJETS=['person', 'person', 'person', 'person']
[16:11:36] ZONE=CAM_piste_decolage | NIVEAU=ÉLEVÉ | SCORE=12 | OBJETS=['person', 'person', 'person']
[16:11:36] ZONE=CAM_piste_decolage | NIVEAU=ÉLEVÉ | SCORE=16 | OBJETS=['person', 'person', 'person', 'person']
[16:11:36] ZONE=CAM_piste_decolage | NIVEAU=ÉLEVÉ | SCORE=12 | OBJETS=['person', 'person', 'person']
[16:11:37] ZONE=CAM_piste_decolage | NIVEAU=ÉLEVÉ | SCORE=12 | OBJETS=['person', 'person', 'person']
[16:11:37] ZONE=CAM_piste_decolage | NIVEAU=ÉLEVÉ | SCORE=12 | OBJETS=['person', 'person', 'person']
[16:11:37] ZONE=CAM_piste_decolage | NIVEAU=ÉLEVÉ | SCORE=12 | OBJETS=['person', 'person', 'person']
[16:11:37] ZONE=CAM_piste_decolage | NIVEAU=ÉLEVÉ | SCORE=12 | OBJETS=['person', 'person', 'person']
[16:11:38] ZONE=CAM_piste_decolage | NIVEAU=ÉLEVÉ | SCORE=12 | OBJETS=['person', 'person', 'person']
[16:11:38] ZONE=CAM_piste_decolage | NIVEAU=ÉLEVÉ | SCORE=12 | OBJETS=['person', 'person', 'person']
[16:11:38] ZONE=CAM_piste_decolage | NIVEAU=ÉLEVÉ | SCORE=12 | OBJETS=['person', 'person', 'person']
[16:11:38] ZONE=CAM_piste_decolage | NIVEAU=ÉLEVÉ | SCORE=8 | OBJETS=['person', 'person']
[16:11:39] ZONE=CAM_piste_decolage | NIVEAU=ÉLEVÉ | SCORE=8 | OBJETS=['person', 'person']
[16:11:39] ZONE=CAM_piste_decolage | NIVEAU=ÉLEVÉ | SCORE=8 | OBJETS=['person', 'person']
[16:11:39] ZONE=CAM_piste_decolage | NIVEAU=ÉLEVÉ | SCORE=8 | OBJETS=['person', 'person']
[16:11:39] ZONE=CAM_piste_decolage | NIVEAU=ÉLEVÉ | SCORE=8 | OBJETS=['person', 'person']
[16:11:39] ZONE=CAM_piste_decolage | NIVEAU=ÉLEVÉ | SCORE=8 | OBJETS=['person', 'person']
[16:11:40] ZONE=CAM_piste_decolage | NIVEAU=ÉLEVÉ | SCORE=8 | OBJETS=['person', 'person']
[16:11:40] ZONE=CAM_piste_decolage | NIVEAU=ÉLEVÉ | SCORE=8 | OBJETS=['person', 'person']
[16:11:40] ZONE=CAM_piste_decolage | NIVEAU=ÉLEVÉ | SCORE=12 | OBJETS=['person', 'person', 'person']
[16:11:40] ZONE=CAM_piste_decolage | NIVEAU=ÉLEVÉ | SCORE=8 | OBJETS=['person', 'person']
[16:11:41] ZONE=CAM_piste_decolage | NIVEAU=ÉLEVÉ | SCORE=8 | OBJETS=['person', 'person']
[16:11:41] ZONE=CAM_piste_decolage | NIVEAU=ÉLEVÉ | SCORE=8 | OBJETS=['person', 'person']
[16:11:41] ZONE=CAM_piste_decolage | NIVEAU=ÉLEVÉ | SCORE=8 | OBJETS=['person', 'person']
[16:11:41] ZONE=CAM_piste_decolage | NIVEAU=ÉLEVÉ | SCORE=12 | OBJETS=['person', 'person', 'person']
[16:11:42] ZONE=CAM_piste_decolage | NIVEAU=ÉLEVÉ | SCORE=12 | OBJETS=['person', 'person', 'person']
[16:11:42] ZONE=CAM_piste_decolage | NIVEAU=ÉLEVÉ | SCORE=8 | OBJETS=['person', 'person']
[16:11:42] ZONE=CAM_piste_decolage | NIVEAU=ÉLEVÉ | SCORE=12 | OBJETS=['person', 'person', 'person']
[16:11:42] ZONE=CAM_piste_decolage | NIVEAU=ÉLEVÉ | SCORE=12 | OBJETS=['person', 'person', 'person']
[16:11:43] ZONE=CAM_piste_decolage | NIVEAU=ÉLEVÉ | SCORE=12 | OBJETS=['person', 'person', 'person']
[16:11:43] ZONE=CAM_piste_decolage | NIVEAU=ÉLEVÉ | SCORE=8 | OBJETS=['person', 'person']
[16:11:43] ZONE=CAM_piste_decolage | NIVEAU=ÉLEVÉ | SCORE=12 | OBJETS=['person', 'person', 'person']
[16:11:43] ZONE=CAM_piste_decolage | NIVEAU=ÉLEVÉ | SCORE=8 | OBJETS=['person', 'person']
[16:11:43] ZONE=CAM_piste_decolage | NIVEAU=ÉLEVÉ | SCORE=12 | OBJETS=['person', 'person', 'person']
[16:11:44] ZONE=CAM_piste_decolage | NIVEAU=ÉLEVÉ | SCORE=16 | OBJETS=['person', 'person', 'person', 'person']
[16:11:44] ZONE=CAM_piste_decolage | NIVEAU=ÉLEVÉ | SCORE=16 | OBJETS=['person', 'person', 'person', 'person']
[16:11:44] ZONE=CAM_piste_decolage | NIVEAU=ÉLEVÉ | SCORE=12 | OBJETS=['person', 'person', 'person']
[16:11:44] ZONE=CAM_piste_decolage | NIVEAU=ÉLEVÉ | SCORE=12 | OBJETS=['person', 'person', 'person']
[16:11:45] ZONE=CAM_piste_decolage | NIVEAU=ÉLEVÉ | SCORE=16 | OBJETS=['person', 'person', 'person', 'person']
[16:11:45] ZONE=CAM_piste_decolage | NIVEAU=ÉLEVÉ | SCORE=12 | OBJETS=['person', 'person', 'person']
[16:11:45] ZONE=CAM_piste_decolage | NIVEAU=ÉLEVÉ | SCORE=16 | OBJETS=['person', 'person', 'person', 'person']
[16:11:45] ZONE=CAM_piste_decolage | NIVEAU=ÉLEVÉ | SCORE=12 | OBJETS=['person', 'person', 'person']
[16:11:45] ZONE=CAM_piste_decolage | NIVEAU=ÉLEVÉ | SCORE=12 | OBJETS=['person', 'person', 'person']
[16:11:46] ZONE=CAM_piste_decolage | NIVEAU=ÉLEVÉ | SCORE=16 | OBJETS=['person', 'person', 'person', 'person']
[16:11:46] ZONE=CAM_piste_decolage | NIVEAU=ÉLEVÉ | SCORE=12 | OBJETS=['person', 'person', 'person']
[16:11:46] ZONE=CAM_piste_decolage | NIVEAU=ÉLEVÉ | SCORE=16 | OBJETS=['person', 'person', 'person', 'person']
[16:11:46] ZONE=CAM_piste_decolage | NIVEAU=ÉLEVÉ | SCORE=16 | OBJETS=['person', 'person', 'person', 'person']
[16:11:47] ZONE=CAM_piste_decolage | NIVEAU=ÉLEVÉ | SCORE=16 | OBJETS=['person', 'person', 'person', 'person']
[16:11:47] ZONE=CAM_piste_decolage | NIVEAU=ÉLEVÉ | SCORE=12 | OBJETS=['person', 'person', 'person']
[16:11:47] ZONE=CAM_piste_decolage | NIVEAU=ÉLEVÉ | SCORE=12 | OBJETS=['person', 'person', 'person']
[16:11:47] ZONE=CAM_piste_decolage | NIVEAU=ÉLEVÉ | SCORE=12 | OBJETS=['person', 'person', 'person']
[16:11:48] ZONE=CAM_piste_decolage | NIVEAU=ÉLEVÉ | SCORE=12 | OBJETS=['person', 'person', 'person']
[16:11:48] ZONE=CAM_piste_decolage | NIVEAU=ÉLEVÉ | SCORE=12 | OBJETS=['person', 'person', 'person']
[16:11:48] ZONE=CAM_piste_decolage | NIVEAU=ÉLEVÉ | SCORE=12 | OBJETS=['person', 'person', 'person']
[16:11:48] ZONE=CAM_piste_decolage | NIVEAU=ÉLEVÉ | SCORE=12 | OBJETS=['person', 'person', 'person']
[16:11:49] ZONE=CAM_piste_decolage | NIVEAU=ÉLEVÉ | SCORE=8 | OBJETS=['person', 'person']
[16:11:49] ZONE=CAM_piste_decolage | NIVEAU=ÉLEVÉ | SCORE=8 | OBJETS=['person', 'person']
[16:11:49] ZONE=CAM_piste_decolage | NIVEAU=ÉLEVÉ | SCORE=8 | OBJETS=['person', 'person']
[16:11:49] ZONE=CAM_piste_decolage | NIVEAU=ÉLEVÉ | SCORE=12 | OBJETS=['person', 'person', 'person']
[16:11:49] ZONE=CAM_piste_decolage | NIVEAU=ÉLEVÉ | SCORE=8 | OBJETS=['person', 'person']
[16:11:50] ZONE=CAM_piste_decolage | NIVEAU=ÉLEVÉ | SCORE=8 | OBJETS=['person', 'person']
[16:11:50] ZONE=CAM_piste_decolage | NIVEAU=ÉLEVÉ | SCORE=8 | OBJETS=['person', 'person']
[16:11:50] ZONE=CAM_piste_decolage | NIVEAU=ÉLEVÉ | SCORE=12 | OBJETS=['person', 'person', 'person']
[16:11:50] ZONE=CAM_piste_decolage | NIVEAU=ÉLEVÉ | SCORE=8 | OBJETS=['person', 'person']
[16:11:51] ZONE=CAM_piste_decolage | NIVEAU=ÉLEVÉ | SCORE=12 | OBJETS=['person', 'person', 'person']
[16:11:51] ZONE=CAM_piste_decolage | NIVEAU=ÉLEVÉ | SCORE=8 | OBJETS=['person', 'person']
[16:11:51] ZONE=CAM_piste_decolage | NIVEAU=ÉLEVÉ | SCORE=12 | OBJETS=['person', 'person', 'person']
[16:11:51] ZONE=CAM_piste_decolage | NIVEAU=ÉLEVÉ | SCORE=12 | OBJETS=['person', 'person', 'person']
[16:11:52] ZONE=CAM_piste_decolage | NIVEAU=ÉLEVÉ | SCORE=8 | OBJETS=['person', 'person']
[16:11:52] ZONE=CAM_piste_decolage | NIVEAU=ÉLEVÉ | SCORE=12 | OBJETS=['person', 'person', 'person']
[16:11:52] ZONE=CAM_piste_decolage | NIVEAU=ÉLEVÉ | SCORE=8 | OBJETS=['person', 'person']
[16:11:52] ZONE=CAM_piste_decolage | NIVEAU=ÉLEVÉ | SCORE=12 | OBJETS=['person', 'person', 'person']
[16:11:52] ZONE=CAM_piste_decolage | NIVEAU=ÉLEVÉ | SCORE=12 | OBJETS=['person', 'person', 'person']
[16:11:53] ZONE=CAM_piste_decolage | NIVEAU=ÉLEVÉ | SCORE=8 | OBJETS=['person', 'person']
[16:11:53] ZONE=CAM_piste_decolage | NIVEAU=ÉLEVÉ | SCORE=12 | OBJETS=['person', 'person', 'person']
[16:11:53] ZONE=CAM_piste_decolage | NIVEAU=ÉLEVÉ | SCORE=8 | OBJETS=['person', 'person']
[16:11:53] ZONE=CAM_piste_decolage | NIVEAU=ÉLEVÉ | SCORE=8 | OBJETS=['person', 'person']
[16:11:54] ZONE=CAM_piste_decolage | NIVEAU=ÉLEVÉ | SCORE=12 | OBJETS=['person', 'person', 'person']
[16:11:54] ZONE=CAM_piste_decolage | NIVEAU=ÉLEVÉ | SCORE=8 | OBJETS=['person', 'person']
[16:11:54] ZONE=CAM_piste_decolage | NIVEAU=ÉLEVÉ | SCORE=8 | OBJETS=['person', 'person']
[16:11:54] ZONE=CAM_piste_decolage | NIVEAU=ÉLEVÉ | SCORE=8 | OBJETS=['person', 'person']
[16:11:55] ZONE=CAM_piste_decolage | NIVEAU=ÉLEVÉ | SCORE=12 | OBJETS=['person', 'person', 'person']
[16:11:55] ZONE=CAM_piste_decolage | NIVEAU=ÉLEVÉ | SCORE=9 | OBJETS=['person', 'person', 'backpack']
[16:11:55] ZONE=CAM_piste_decolage | NIVEAU=ÉLEVÉ | SCORE=8 | OBJETS=['person', 'person']
[16:11:55] ZONE=CAM_piste_decolage | NIVEAU=ÉLEVÉ | SCORE=12 | OBJETS=['person', 'person', 'person']
[16:11:55] ZONE=CAM_piste_decolage | NIVEAU=ÉLEVÉ | SCORE=12 | OBJETS=['person', 'person', 'person']
[16:11:56] ZONE=CAM_piste_decolage | NIVEAU=ÉLEVÉ | SCORE=8 | OBJETS=['person', 'person']
[16:11:56] ZONE=CAM_piste_decolage | NIVEAU=ÉLEVÉ | SCORE=12 | OBJETS=['person', 'person', 'person']
[16:11:56] ZONE=CAM_piste_decolage | NIVEAU=ÉLEVÉ | SCORE=12 | OBJETS=['person', 'person', 'person']
[16:11:56] ZONE=CAM_piste_decolage | NIVEAU=ÉLEVÉ | SCORE=8 | OBJETS=['person', 'person']
[16:11:57] ZONE=CAM_piste_decolage | NIVEAU=MOYEN | SCORE=4 | OBJETS=['person']
[16:11:57] ZONE=CAM_piste_decolage | NIVEAU=ÉLEVÉ | SCORE=8 | OBJETS=['person', 'person']
[16:11:57] ZONE=CAM_piste_decolage | NIVEAU=ÉLEVÉ | SCORE=8 | OBJETS=['person', 'person']
[16:11:57] ZONE=CAM_piste_decolage | NIVEAU=ÉLEVÉ | SCORE=9 | OBJETS=['person', 'person', 'backpack']
[16:11:58] ZONE=CAM_piste_decolage | NIVEAU=ÉLEVÉ | SCORE=8 | OBJETS=['person', 'person']
[16:11:58] ZONE=CAM_piste_decolage | NIVEAU=ÉLEVÉ | SCORE=8 | OBJETS=['person', 'person']
[16:11:58] ZONE=CAM_piste_decolage | NIVEAU=ÉLEVÉ | SCORE=8 | OBJETS=['person', 'person']
[16:11:58] ZONE=CAM_piste_decolage | NIVEAU=ÉLEVÉ | SCORE=8 | OBJETS=['person', 'person']
[16:11:59] ZONE=CAM_piste_decolage | NIVEAU=ÉLEVÉ | SCORE=8 | OBJETS=['person', 'person']
[16:11:59] ZONE=CAM_piste_decolage | NIVEAU=ÉLEVÉ | SCORE=8 | OBJETS=['person', 'person']
[16:11:59] ZONE=CAM_piste_decolage | NIVEAU=ÉLEVÉ | SCORE=8 | OBJETS=['person', 'person']
[16:11:59] ZONE=CAM_piste_decolage | NIVEAU=ÉLEVÉ | SCORE=8 | OBJETS=['person', 'person']
[16:11:59] ZONE=CAM_piste_decolage | NIVEAU=ÉLEVÉ | SCORE=8 | OBJETS=['person', 'person']
[16:12:00] ZONE=CAM_piste_decolage | NIVEAU=MOYEN | SCORE=4 | OBJETS=['person']
[16:12:00] ZONE=CAM_piste_decolage | NIVEAU=MOYEN | SCORE=4 | OBJETS=['person']
[16:12:00] ZONE=CAM_piste_decolage | NIVEAU=ÉLEVÉ | SCORE=8 | OBJETS=['person', 'person']
[16:12:00] ZONE=CAM_piste_decolage | NIVEAU=ÉLEVÉ | SCORE=8 | OBJETS=['person', 'person']
[16:12:00] ZONE=CAM_piste_decolage | NIVEAU=MOYEN | SCORE=4 | OBJETS=['person']
[16:12:00] ZONE=CAM_piste_decolage | NIVEAU=ÉLEVÉ | SCORE=7 | OBJETS=['person', 'dog']
[16:12:00] ZONE=CAM_piste_decolage | NIVEAU=ÉLEVÉ | SCORE=8 | OBJETS=['person', 'person']
[16:12:01] ZONE=CAM_piste_decolage | NIVEAU=MOYEN | SCORE=4 | OBJETS=['person']
[16:12:01] ZONE=CAM_piste_decolage | NIVEAU=MOYEN | SCORE=4 | OBJETS=['person']
[16:12:01] ZONE=CAM_piste_decolage | NIVEAU=MOYEN | SCORE=4 | OBJETS=['person']
[16:12:01] ZONE=CAM_piste_decolage | NIVEAU=MOYEN | SCORE=4 | OBJETS=['person']
[16:12:04] ZONE=CAM_piste_decolage | NIVEAU=MOYEN | SCORE=4 | OBJETS=['person']
[16:12:04] ZONE=CAM_piste_decolage | NIVEAU=MOYEN | SCORE=4 | OBJETS=['person']
[16:12:04] ZONE=CAM_piste_decolage | NIVEAU=MOYEN | SCORE=4 | OBJETS=['person']
[16:12:05] ZONE=CAM_piste_decolage | NIVEAU=MOYEN | SCORE=4 | OBJETS=['person']
[16:12:05] ZONE=CAM_piste_decolage | NIVEAU=MOYEN | SCORE=4 | OBJETS=['person']
[16:12:05] ZONE=CAM_piste_decolage | NIVEAU=MOYEN | SCORE=4 | OBJETS=['person']
[16:12:05] ZONE=CAM_piste_decolage | NIVEAU=MOYEN | SCORE=4 | OBJETS=['person']
[16:12:05] ZONE=CAM_piste_decolage | NIVEAU=MOYEN | SCORE=4 | OBJETS=['person']
[16:12:05] ZONE=CAM_piste_decolage | NIVEAU=MOYEN | SCORE=4 | OBJETS=['person']
[16:12:05] ZONE=CAM_piste_decolage | NIVEAU=MOYEN | SCORE=4 | OBJETS=['person']
[16:12:06] ZONE=CAM_piste_decolage | NIVEAU=MOYEN | SCORE=4 | OBJETS=['person']
[16:12:06] ZONE=CAM_piste_decolage | NIVEAU=MOYEN | SCORE=4 | OBJETS=['person']
[16:12:06] ZONE=CAM_piste_decolage | NIVEAU=MOYEN | SCORE=4 | OBJETS=['person']
[16:12:06] ZONE=CAM_piste_decolage | NIVEAU=MOYEN | SCORE=4 | OBJETS=['person']
[16:12:06] ZONE=CAM_piste_decolage | NIVEAU=MOYEN | SCORE=4 | OBJETS=['person']
[16:12:06] ZONE=CAM_piste_decolage | NIVEAU=MOYEN | SCORE=4 | OBJETS=['person']
[16:12:06] ZONE=CAM_piste_decolage | NIVEAU=MOYEN | SCORE=4 | OBJETS=['person']
[16:12:07] ZONE=CAM_piste_decolage | NIVEAU=MOYEN | SCORE=4 | OBJETS=['person']
[16:12:07] ZONE=CAM_piste_decolage | NIVEAU=MOYEN | SCORE=4 | OBJETS=['person']
[16:12:07] ZONE=CAM_piste_decolage | NIVEAU=MOYEN | SCORE=4 | OBJETS=['person']
[16:12:07] ZONE=CAM_piste_decolage | NIVEAU=MOYEN | SCORE=4 | OBJETS=['person']
[16:12:07] ZONE=CAM_piste_decolage | NIVEAU=MOYEN | SCORE=4 | OBJETS=['person']
[16:12:07] ZONE=CAM_piste_decolage | NIVEAU=MOYEN | SCORE=4 | OBJETS=['person']
[16:12:07] ZONE=CAM_piste_decolage | NIVEAU=MOYEN | SCORE=4 | OBJETS=['person']
[16:12:07] ZONE=CAM_piste_decolage | NIVEAU=MOYEN | SCORE=4 | OBJETS=['person']
[16:12:08] ZONE=CAM_piste_decolage | NIVEAU=MOYEN | SCORE=4 | OBJETS=['person']
[16:12:08] ZONE=CAM_piste_decolage | NIVEAU=MOYEN | SCORE=4 | OBJETS=['person']
[16:12:08] ZONE=CAM_piste_decolage | NIVEAU=MOYEN | SCORE=4 | OBJETS=['person']
[16:12:08] ZONE=CAM_piste_decolage | NIVEAU=ÉLEVÉ | SCORE=8 | OBJETS=['person', 'person']
[16:12:08] ZONE=CAM_piste_decolage | NIVEAU=MOYEN | SCORE=4 | OBJETS=['person']
[16:12:08] ZONE=CAM_piste_decolage | NIVEAU=MOYEN | SCORE=4 | OBJETS=['person']
[16:12:08] ZONE=CAM_piste_decolage | NIVEAU=MOYEN | SCORE=4 | OBJETS=['person']
[16:12:09] ZONE=CAM_piste_decolage | NIVEAU=MOYEN | SCORE=4 | OBJETS=['person']
[16:12:09] ZONE=CAM_piste_decolage | NIVEAU=MOYEN | SCORE=4 | OBJETS=['person']
[16:12:09] ZONE=CAM_piste_decolage | NIVEAU=MOYEN | SCORE=4 | OBJETS=['person']
[16:12:09] ZONE=CAM_piste_decolage | NIVEAU=MOYEN | SCORE=4 | OBJETS=['person']
[16:12:09] ZONE=CAM_piste_decolage | NIVEAU=MOYEN | SCORE=4 | OBJETS=['person']
[16:12:09] ZONE=CAM_piste_decolage | NIVEAU=MOYEN | SCORE=4 | OBJETS=['person']
[16:12:09] ZONE=CAM_piste_decolage | NIVEAU=MOYEN | SCORE=4 | OBJETS=['person']
[16:12:09] ZONE=CAM_piste_decolage | NIVEAU=MOYEN | SCORE=4 | OBJETS=['person']
[16:12:10] ZONE=CAM_piste_decolage | NIVEAU=MOYEN | SCORE=4 | OBJETS=['person']
[16:12:10] ZONE=CAM_piste_decolage | NIVEAU=MOYEN | SCORE=4 | OBJETS=['person']
[16:12:10] ZONE=CAM_piste_decolage | NIVEAU=MOYEN | SCORE=4 | OBJETS=['person']
[16:12:10] ZONE=CAM_piste_decolage | NIVEAU=MOYEN | SCORE=4 | OBJETS=['person']
[16:12:10] ZONE=CAM_piste_decolage | NIVEAU=MOYEN | SCORE=4 | OBJETS=['person']
[16:12:10] ZONE=CAM_piste_decolage | NIVEAU=MOYEN | SCORE=4 | OBJETS=['person']
[16:12:10] ZONE=CAM_piste_decolage | NIVEAU=MOYEN | SCORE=4 | OBJETS=['person']
[16:12:11] ZONE=CAM_piste_decolage | NIVEAU=MOYEN | SCORE=4 | OBJETS=['person']
[16:12:11] ZONE=CAM_piste_decolage | NIVEAU=MOYEN | SCORE=4 | OBJETS=['person']
[16:12:11] ZONE=CAM_piste_decolage | NIVEAU=MOYEN | SCORE=4 | OBJETS=['person']
[16:12:11] ZONE=CAM_piste_decolage | NIVEAU=MOYEN | SCORE=4 | OBJETS=['person']
[16:12:11] ZONE=CAM_piste_decolage | NIVEAU=MOYEN | SCORE=4 | OBJETS=['person']
[16:12:11] ZONE=CAM_piste_decolage | NIVEAU=MOYEN | SCORE=4 | OBJETS=['person']
[16:12:11] ZONE=CAM_piste_decolage | NIVEAU=MOYEN | SCORE=4 | OBJETS=['person']
[16:12:11] ZONE=CAM_piste_decolage | NIVEAU=MOYEN | SCORE=4 | OBJETS=['person']
[16:12:12] ZONE=CAM_piste_decolage | NIVEAU=MOYEN | SCORE=4 | OBJETS=['person']
[16:12:12] ZONE=CAM_piste_decolage | NIVEAU=MOYEN | SCORE=4 | OBJETS=['person']
[16:12:12] ZONE=CAM_piste_decolage | NIVEAU=MOYEN | SCORE=4 | OBJETS=['person']
[16:12:12] ZONE=CAM_piste_decolage | NIVEAU=MOYEN | SCORE=4 | OBJETS=['person']
[16:12:12] ZONE=CAM_piste_decolage | NIVEAU=MOYEN | SCORE=4 | OBJETS=['person']
[16:12:12] ZONE=CAM_piste_decolage | NIVEAU=MOYEN | SCORE=4 | OBJETS=['person']
[16:12:12] ZONE=CAM_piste_decolage | NIVEAU=MOYEN | SCORE=4 | OBJETS=['person']
[16:12:12] ZONE=CAM_piste_decolage | NIVEAU=MOYEN | SCORE=4 | OBJETS=['person']
[16:12:13] ZONE=CAM_piste_decolage | NIVEAU=MOYEN | SCORE=4 | OBJETS=['person']
[16:12:13] ZONE=CAM_piste_decolage | NIVEAU=MOYEN | SCORE=4 | OBJETS=['person']
[16:12:13] ZONE=CAM_piste_decolage | NIVEAU=MOYEN | SCORE=4 | OBJETS=['person']
[16:12:13] ZONE=CAM_piste_decolage | NIVEAU=MOYEN | SCORE=4 | OBJETS=['person']
[16:12:13] ZONE=CAM_piste_decolage | NIVEAU=MOYEN | SCORE=4 | OBJETS=['person']
[16:12:13] ZONE=CAM_piste_decolage | NIVEAU=MOYEN | SCORE=4 | OBJETS=['person']
[16:12:13] ZONE=CAM_piste_decolage | NIVEAU=MOYEN | SCORE=4 | OBJETS=['person']
[16:12:13] ZONE=CAM_piste_decolage | NIVEAU=MOYEN | SCORE=4 | OBJETS=['person']
[16:12:14] ZONE=CAM_piste_decolage | NIVEAU=MOYEN | SCORE=4 | OBJETS=['person']
[16:12:14] ZONE=CAM_piste_decolage | NIVEAU=MOYEN | SCORE=4 | OBJETS=['person']
[16:12:14] ZONE=CAM_piste_decolage | NIVEAU=MOYEN | SCORE=4 | OBJETS=['person']
[16:12:14] ZONE=CAM_piste_decolage | NIVEAU=MOYEN | SCORE=4 | OBJETS=['person']
[16:12:14] ZONE=CAM_piste_decolage | NIVEAU=MOYEN | SCORE=4 | OBJETS=['person']
[16:12:14] ZONE=CAM_piste_decolage | NIVEAU=MOYEN | SCORE=4 | OBJETS=['person']
[16:12:14] ZONE=CAM_piste_decolage | NIVEAU=MOYEN | SCORE=4 | OBJETS=['person']
[16:12:15] ZONE=CAM_piste_decolage | NIVEAU=MOYEN | SCORE=4 | OBJETS=['person']
[16:12:15] ZONE=CAM_piste_decolage | NIVEAU=MOYEN | SCORE=4 | OBJETS=['person']
[16:12:15] ZONE=CAM_piste_decolage | NIVEAU=MOYEN | SCORE=4 | OBJETS=['person']
[16:12:15] ZONE=CAM_piste_decolage | NIVEAU=MOYEN | SCORE=4 | OBJETS=['person']
[16:12:15] ZONE=CAM_piste_decolage | NIVEAU=MOYEN | SCORE=4 | OBJETS=['person']
[16:12:15] ZONE=CAM_piste_decolage | NIVEAU=MOYEN | SCORE=4 | OBJETS=['person']
[16:12:16] ZONE=CAM_piste_decolage | NIVEAU=MOYEN | SCORE=4 | OBJETS=['person']
[16:12:16] ZONE=CAM_piste_decolage | NIVEAU=MOYEN | SCORE=4 | OBJETS=['person']
[16:12:16] ZONE=CAM_piste_decolage | NIVEAU=MOYEN | SCORE=4 | OBJETS=['person']
[16:12:16] ZONE=CAM_piste_decolage | NIVEAU=MOYEN | SCORE=4 | OBJETS=['person']
[16:12:16] ZONE=CAM_piste_decolage | NIVEAU=MOYEN | SCORE=4 | OBJETS=['person']
[16:12:16] ZONE=CAM_piste_decolage | NIVEAU=MOYEN | SCORE=4 | OBJETS=['person']
[16:12:16] ZONE=CAM_piste_decolage | NIVEAU=MOYEN | SCORE=4 | OBJETS=['person']
[16:12:16] ZONE=CAM_piste_decolage | NIVEAU=MOYEN | SCORE=4 | OBJETS=['person']
[16:12:17] ZONE=CAM_piste_decolage | NIVEAU=MOYEN | SCORE=5 | OBJETS=['person', 'backpack']
[16:12:17] ZONE=CAM_piste_decolage | NIVEAU=MOYEN | SCORE=5 | OBJETS=['person', 'backpack']
[16:12:17] ZONE=CAM_piste_decolage | NIVEAU=MOYEN | SCORE=4 | OBJETS=['person']
[16:12:17] ZONE=CAM_piste_decolage | NIVEAU=MOYEN | SCORE=4 | OBJETS=['person']
[16:12:17] ZONE=CAM_piste_decolage | NIVEAU=MOYEN | SCORE=4 | OBJETS=['person']
[16:12:17] ZONE=CAM_piste_decolage | NIVEAU=MOYEN | SCORE=5 | OBJETS=['person', 'backpack']
[16:12:17] ZONE=CAM_piste_decolage | NIVEAU=MOYEN | SCORE=4 | OBJETS=['person']
[16:12:18] ZONE=CAM_piste_decolage | NIVEAU=MOYEN | SCORE=4 | OBJETS=['person']
[16:12:18] ZONE=CAM_piste_decolage | NIVEAU=MOYEN | SCORE=5 | OBJETS=['person', 'backpack']
[16:12:18] ZONE=CAM_piste_decolage | NIVEAU=MOYEN | SCORE=4 | OBJETS=['person']
[16:12:18] ZONE=CAM_piste_decolage | NIVEAU=MOYEN | SCORE=4 | OBJETS=['person']
[16:12:18] ZONE=CAM_piste_decolage | NIVEAU=MOYEN | SCORE=4 | OBJETS=['person']
[16:12:18] ZONE=CAM_piste_decolage | NIVEAU=MOYEN | SCORE=4 | OBJETS=['person']
[16:12:18] ZONE=CAM_piste_decolage | NIVEAU=MOYEN | SCORE=4 | OBJETS=['person']
[16:12:19] ZONE=CAM_piste_decolage | NIVEAU=MOYEN | SCORE=4 | OBJETS=['person']
[16:12:19] ZONE=CAM_piste_decolage | NIVEAU=MOYEN | SCORE=4 | OBJETS=['person']
[16:12:19] ZONE=CAM_piste_decolage | NIVEAU=MOYEN | SCORE=4 | OBJETS=['person']
[16:12:19] ZONE=CAM_piste_decolage | NIVEAU=MOYEN | SCORE=4 | OBJETS=['person']
[16:12:19] ZONE=CAM_piste_decolage | NIVEAU=MOYEN | SCORE=4 | OBJETS=['person']
[16:12:19] ZONE=CAM_piste_decolage | NIVEAU=MOYEN | SCORE=4 | OBJETS=['person']
[16:12:19] ZONE=CAM_piste_decolage | NIVEAU=MOYEN | SCORE=4 | OBJETS=['person']
[16:12:19] ZONE=CAM_piste_decolage | NIVEAU=MOYEN | SCORE=4 | OBJETS=['person']
[16:12:20] ZONE=CAM_piste_decolage | NIVEAU=MOYEN | SCORE=4 | OBJETS=['person']
[16:12:20] ZONE=CAM_piste_decolage | NIVEAU=MOYEN | SCORE=4 | OBJETS=['person']
[16:12:20] ZONE=CAM_piste_decolage | NIVEAU=MOYEN | SCORE=4 | OBJETS=['person']
[16:12:20] ZONE=CAM_piste_decolage | NIVEAU=MOYEN | SCORE=4 | OBJETS=['person']
[16:12:20] ZONE=CAM_piste_decolage | NIVEAU=MOYEN | SCORE=4 | OBJETS=['person']
[16:12:20] ZONE=CAM_piste_decolage | NIVEAU=MOYEN | SCORE=4 | OBJETS=['person']
[16:12:20] ZONE=CAM_piste_decolage | NIVEAU=MOYEN | SCORE=4 | OBJETS=['person']
[16:12:21] ZONE=CAM_piste_decolage | NIVEAU=MOYEN | SCORE=4 | OBJETS=['person']
[16:12:21] ZONE=CAM_piste_decolage | NIVEAU=MOYEN | SCORE=4 | OBJETS=['person']
[16:12:21] ZONE=CAM_piste_decolage | NIVEAU=MOYEN | SCORE=4 | OBJETS=['person']
[16:12:21] ZONE=CAM_piste_decolage | NIVEAU=MOYEN | SCORE=4 | OBJETS=['person']
[16:12:21] ZONE=CAM_piste_decolage | NIVEAU=MOYEN | SCORE=4 | OBJETS=['person']
[16:12:21] ZONE=CAM_piste_decolage | NIVEAU=MOYEN | SCORE=4 | OBJETS=['person']
[16:12:22] ZONE=CAM_piste_decolage | NIVEAU=MOYEN | SCORE=4 | OBJETS=['person']
[16:12:22] ZONE=CAM_piste_decolage | NIVEAU=MOYEN | SCORE=4 | OBJETS=['person']
[16:12:22] ZONE=CAM_piste_decolage | NIVEAU=MOYEN | SCORE=4 | OBJETS=['person']
[16:12:22] ZONE=CAM_piste_decolage | NIVEAU=MOYEN | SCORE=4 | OBJETS=['person']
[16:12:22] ZONE=CAM_piste_decolage | NIVEAU=MOYEN | SCORE=4 | OBJETS=['person']
[16:12:22] ZONE=CAM_piste_decolage | NIVEAU=MOYEN | SCORE=4 | OBJETS=['person']
[16:12:23] ZONE=CAM_piste_decolage | NIVEAU=MOYEN | SCORE=4 | OBJETS=['person']
[16:12:23] ZONE=CAM_piste_decolage | NIVEAU=MOYEN | SCORE=4 | OBJETS=['person']
[16:12:23] ZONE=CAM_piste_decolage | NIVEAU=MOYEN | SCORE=4 | OBJETS=['person']
[16:12:23] ZONE=CAM_piste_decolage | NIVEAU=MOYEN | SCORE=4 | OBJETS=['person']
[16:12:23] ZONE=CAM_piste_decolage | NIVEAU=MOYEN | SCORE=4 | OBJETS=['person']
[16:12:23] ZONE=CAM_piste_decolage | NIVEAU=MOYEN | SCORE=4 | OBJETS=['person']
[16:12:23] ZONE=CAM_piste_decolage | NIVEAU=MOYEN | SCORE=4 | OBJETS=['person']
[16:12:24] ZONE=CAM_piste_decolage | NIVEAU=MOYEN | SCORE=4 | OBJETS=['person']
[16:12:24] ZONE=CAM_piste_decolage | NIVEAU=MOYEN | SCORE=4 | OBJETS=['person']
[16:12:24] ZONE=CAM_piste_decolage | NIVEAU=MOYEN | SCORE=4 | OBJETS=['person']
[16:12:24] ZONE=CAM_piste_decolage | NIVEAU=MOYEN | SCORE=4 | OBJETS=['person']
[16:12:24] ZONE=CAM_piste_decolage | NIVEAU=MOYEN | SCORE=4 | OBJETS=['person']
[16:12:24] ZONE=CAM_piste_decolage | NIVEAU=MOYEN | SCORE=4 | OBJETS=['person']
[16:12:25] ZONE=CAM_piste_decolage | NIVEAU=MOYEN | SCORE=4 | OBJETS=['person']
[16:12:25] ZONE=CAM_piste_decolage | NIVEAU=MOYEN | SCORE=4 | OBJETS=['person']
[16:12:25] ZONE=CAM_piste_decolage | NIVEAU=MOYEN | SCORE=4 | OBJETS=['person']
[16:12:25] ZONE=CAM_piste_decolage | NIVEAU=MOYEN | SCORE=4 | OBJETS=['person']
[16:12:25] ZONE=CAM_piste_decolage | NIVEAU=MOYEN | SCORE=4 | OBJETS=['person']
[16:12:25] ZONE=CAM_piste_decolage | NIVEAU=MOYEN | SCORE=4 | OBJETS=['person']
[16:12:26] ZONE=CAM_piste_decolage | NIVEAU=MOYEN | SCORE=4 | OBJETS=['person']
[16:12:26] ZONE=CAM_piste_decolage | NIVEAU=MOYEN | SCORE=4 | OBJETS=['person']
[16:12:26] ZONE=CAM_piste_decolage | NIVEAU=MOYEN | SCORE=4 | OBJETS=['person']
[16:12:26] ZONE=CAM_piste_decolage | NIVEAU=MOYEN | SCORE=4 | OBJETS=['person']
[16:12:26] ZONE=CAM_piste_decolage | NIVEAU=MOYEN | SCORE=4 | OBJETS=['person']
[16:12:26] ZONE=CAM_piste_decolage | NIVEAU=MOYEN | SCORE=4 | OBJETS=['person']
[16:12:26] ZONE=CAM_piste_decolage | NIVEAU=MOYEN | SCORE=4 | OBJETS=['person']
[16:12:27] ZONE=CAM_piste_decolage | NIVEAU=MOYEN | SCORE=4 | OBJETS=['person']
[16:12:27] ZONE=CAM_piste_decolage | NIVEAU=MOYEN | SCORE=4 | OBJETS=['person']
[16:12:27] ZONE=CAM_piste_decolage | NIVEAU=MOYEN | SCORE=4 | OBJETS=['person']
[16:12:28] ZONE=CAM_piste_decolage | NIVEAU=MOYEN | SCORE=4 | OBJETS=['person']
[16:12:28] ZONE=CAM_piste_decolage | NIVEAU=MOYEN | SCORE=4 | OBJETS=['person']
[16:12:28] ZONE=CAM_piste_decolage | NIVEAU=MOYEN | SCORE=4 | OBJETS=['person']
[16:12:28] ZONE=CAM_piste_decolage | NIVEAU=MOYEN | SCORE=4 | OBJETS=['person']
[16:12:29] ZONE=CAM_piste_decolage | NIVEAU=MOYEN | SCORE=4 | OBJETS=['person']
[16:12:29] ZONE=CAM_piste_decolage | NIVEAU=MOYEN | SCORE=4 | OBJETS=['person']
[16:12:29] ZONE=CAM_piste_decolage | NIVEAU=MOYEN | SCORE=4 | OBJETS=['person']
[16:12:29] ZONE=CAM_piste_decolage | NIVEAU=MOYEN | SCORE=4 | OBJETS=['person']
[16:12:30] ZONE=CAM_piste_decolage | NIVEAU=MOYEN | SCORE=4 | OBJETS=['person']
[16:12:30] ZONE=CAM_piste_decolage | NIVEAU=MOYEN | SCORE=4 | OBJETS=['person']
[16:12:30] ZONE=CAM_piste_decolage | NIVEAU=MOYEN | SCORE=4 | OBJETS=['person']
[16:12:30] ZONE=CAM_piste_decolage | NIVEAU=MOYEN | SCORE=4 | OBJETS=['person']
[16:12:31] ZONE=CAM_piste_decolage | NIVEAU=MOYEN | SCORE=4 | OBJETS=['person']
[16:12:31] ZONE=CAM_piste_decolage | NIVEAU=MOYEN | SCORE=4 | OBJETS=['person']
[16:12:31] ZONE=CAM_piste_decolage | NIVEAU=MOYEN | SCORE=4 | OBJETS=['person']
[16:12:31] ZONE=CAM_piste_decolage | NIVEAU=MOYEN | SCORE=4 | OBJETS=['person']
[16:12:32] ZONE=CAM_piste_decolage | NIVEAU=MOYEN | SCORE=4 | OBJETS=['person']
[16:12:32] ZONE=CAM_piste_decolage | NIVEAU=MOYEN | SCORE=4 | OBJETS=['person']
[16:12:32] ZONE=CAM_piste_decolage | NIVEAU=MOYEN | SCORE=4 | OBJETS=['person']
[16:12:32] ZONE=CAM_piste_decolage | NIVEAU=MOYEN | SCORE=4 | OBJETS=['person']
[16:12:32] ZONE=CAM_piste_decolage | NIVEAU=MOYEN | SCORE=4 | OBJETS=['person']
[16:12:33] ZONE=CAM_piste_decolage | NIVEAU=MOYEN | SCORE=4 | OBJETS=['person']
[16:12:33] ZONE=CAM_piste_decolage | NIVEAU=MOYEN | SCORE=4 | OBJETS=['person']
[16:12:33] ZONE=CAM_piste_decolage | NIVEAU=MOYEN | SCORE=4 | OBJETS=['person']
[16:12:33] ZONE=CAM_piste_decolage | NIVEAU=MOYEN | SCORE=4 | OBJETS=['person']
[16:12:34] ZONE=CAM_piste_decolage | NIVEAU=MOYEN | SCORE=4 | OBJETS=['person']
[16:12:34] ZONE=CAM_piste_decolage | NIVEAU=MOYEN | SCORE=4 | OBJETS=['person']
[16:12:34] ZONE=CAM_piste_decolage | NIVEAU=MOYEN | SCORE=4 | OBJETS=['person']
[16:12:34] ZONE=CAM_piste_decolage | NIVEAU=MOYEN | SCORE=4 | OBJETS=['person']
[16:12:35] ZONE=CAM_piste_decolage | NIVEAU=MOYEN | SCORE=4 | OBJETS=['person']
[16:12:35] ZONE=CAM_piste_decolage | NIVEAU=MOYEN | SCORE=4 | OBJETS=['person']
[16:12:35] ZONE=CAM_piste_decolage | NIVEAU=MOYEN | SCORE=4 | OBJETS=['person']
[16:12:35] ZONE=CAM_piste_decolage | NIVEAU=MOYEN | SCORE=4 | OBJETS=['person']
[16:12:35] ZONE=CAM_piste_decolage | NIVEAU=MOYEN | SCORE=4 | OBJETS=['person']
[16:12:36] ZONE=CAM_piste_decolage | NIVEAU=MOYEN | SCORE=4 | OBJETS=['person']
[16:12:36] ZONE=CAM_piste_decolage | NIVEAU=MOYEN | SCORE=4 | OBJETS=['person']
[16:12:36] ZONE=CAM_piste_decolage | NIVEAU=MOYEN | SCORE=4 | OBJETS=['person']
[16:12:36] ZONE=CAM_piste_decolage | NIVEAU=MOYEN | SCORE=4 | OBJETS=['person']
[16:12:37] ZONE=CAM_piste_decolage | NIVEAU=MOYEN | SCORE=4 | OBJETS=['person']
[16:12:37] ZONE=CAM_piste_decolage | NIVEAU=MOYEN | SCORE=4 | OBJETS=['person']
[16:12:37] ZONE=CAM_piste_decolage | NIVEAU=MOYEN | SCORE=4 | OBJETS=['person']
[16:12:37] ZONE=CAM_piste_decolage | NIVEAU=MOYEN | SCORE=4 | OBJETS=['person']
[16:12:38] ZONE=CAM_piste_decolage | NIVEAU=MOYEN | SCORE=4 | OBJETS=['person']
[16:12:38] ZONE=CAM_piste_decolage | NIVEAU=MOYEN | SCORE=4 | OBJETS=['person']
[16:12:38] ZONE=CAM_piste_decolage | NIVEAU=MOYEN | SCORE=4 | OBJETS=['person']
[16:12:38] ZONE=CAM_piste_decolage | NIVEAU=MOYEN | SCORE=4 | OBJETS=['person']
[16:12:39] ZONE=CAM_piste_decolage | NIVEAU=MOYEN | SCORE=4 | OBJETS=['person']
[16:12:39] ZONE=CAM_piste_decolage | NIVEAU=MOYEN | SCORE=4 | OBJETS=['person']
[16:12:39] ZONE=CAM_piste_decolage | NIVEAU=MOYEN | SCORE=4 | OBJETS=['person']
[16:12:39] ZONE=CAM_piste_decolage | NIVEAU=MOYEN | SCORE=4 | OBJETS=['person']
[16:12:39] ZONE=CAM_piste_decolage | NIVEAU=MOYEN | SCORE=4 | OBJETS=['person']
[16:12:40] ZONE=CAM_piste_decolage | NIVEAU=MOYEN | SCORE=4 | OBJETS=['person']
[16:12:40] ZONE=CAM_piste_decolage | NIVEAU=MOYEN | SCORE=4 | OBJETS=['person']
[16:12:40] ZONE=CAM_piste_decolage | NIVEAU=MOYEN | SCORE=4 | OBJETS=['person']
[16:12:40] ZONE=CAM_piste_decolage | NIVEAU=MOYEN | SCORE=4 | OBJETS=['person']
[16:12:41] ZONE=CAM_piste_decolage | NIVEAU=MOYEN | SCORE=4 | OBJETS=['person']
[16:12:41] ZONE=CAM_piste_decolage | NIVEAU=MOYEN | SCORE=4 | OBJETS=['person']
[16:12:41] ZONE=CAM_piste_decolage | NIVEAU=MOYEN | SCORE=4 | OBJETS=['person']
[16:12:41] ZONE=CAM_piste_decolage | NIVEAU=MOYEN | SCORE=4 | OBJETS=['person']
[16:12:42] ZONE=CAM_piste_decolage | NIVEAU=MOYEN | SCORE=4 | OBJETS=['person']
[16:12:42] ZONE=CAM_piste_decolage | NIVEAU=MOYEN | SCORE=4 | OBJETS=['person']
[16:12:42] ZONE=CAM_piste_decolage | NIVEAU=MOYEN | SCORE=4 | OBJETS=['person']
[16:12:42] ZONE=CAM_piste_decolage | NIVEAU=MOYEN | SCORE=4 | OBJETS=['person']
[16:12:42] ZONE=CAM_piste_decolage | NIVEAU=MOYEN | SCORE=4 | OBJETS=['person']
[16:12:43] ZONE=CAM_piste_decolage | NIVEAU=MOYEN | SCORE=4 | OBJETS=['person']
[16:12:43] ZONE=CAM_piste_decolage | NIVEAU=MOYEN | SCORE=4 | OBJETS=['person']
[16:12:43] ZONE=CAM_piste_decolage | NIVEAU=MOYEN | SCORE=4 | OBJETS=['person']
[16:12:43] ZONE=CAM_piste_decolage | NIVEAU=MOYEN | SCORE=4 | OBJETS=['person']
[16:12:44] ZONE=CAM_piste_decolage | NIVEAU=MOYEN | SCORE=4 | OBJETS=['person']
[16:12:44] ZONE=CAM_piste_decolage | NIVEAU=MOYEN | SCORE=4 | OBJETS=['person']
[16:12:44] ZONE=CAM_piste_decolage | NIVEAU=MOYEN | SCORE=4 | OBJETS=['person']
[16:12:44] ZONE=CAM_piste_decolage | NIVEAU=MOYEN | SCORE=4 | OBJETS=['person']
[16:12:45] ZONE=CAM_piste_decolage | NIVEAU=MOYEN | SCORE=4 | OBJETS=['person']
[16:12:45] ZONE=CAM_piste_decolage | NIVEAU=MOYEN | SCORE=4 | OBJETS=['person']
[16:12:45] ZONE=CAM_piste_decolage | NIVEAU=MOYEN | SCORE=4 | OBJETS=['person']
[16:12:45] ZONE=CAM_piste_decolage | NIVEAU=MOYEN | SCORE=4 | OBJETS=['person']
[16:12:46] ZONE=CAM_piste_decolage | NIVEAU=MOYEN | SCORE=4 | OBJETS=['person']
[16:12:46] ZONE=CAM_piste_decolage | NIVEAU=MOYEN | SCORE=4 | OBJETS=['person']
[16:12:46] ZONE=CAM_piste_decolage | NIVEAU=MOYEN | SCORE=4 | OBJETS=['person']
[16:12:46] ZONE=CAM_piste_decolage | NIVEAU=MOYEN | SCORE=4 | OBJETS=['person']
[16:12:46] ZONE=CAM_piste_decolage | NIVEAU=MOYEN | SCORE=4 | OBJETS=['person']
[16:12:47] ZONE=CAM_piste_decolage | NIVEAU=MOYEN | SCORE=4 | OBJETS=['person']
[16:12:47] ZONE=CAM_piste_decolage | NIVEAU=MOYEN | SCORE=4 | OBJETS=['person']
[16:12:47] ZONE=CAM_piste_decolage | NIVEAU=MOYEN | SCORE=4 | OBJETS=['person']
[16:12:47] ZONE=CAM_piste_decolage | NIVEAU=MOYEN | SCORE=4 | OBJETS=['person']
[16:12:48] ZONE=CAM_piste_decolage | NIVEAU=MOYEN | SCORE=4 | OBJETS=['person']
[16:12:48] ZONE=CAM_piste_decolage | NIVEAU=MOYEN | SCORE=4 | OBJETS=['person']
[16:12:48] ZONE=CAM_piste_decolage | NIVEAU=MOYEN | SCORE=4 | OBJETS=['person']
[16:12:48] ZONE=CAM_piste_decolage | NIVEAU=MOYEN | SCORE=4 | OBJETS=['person']
[16:12:48] ZONE=CAM_piste_decolage | NIVEAU=MOYEN | SCORE=4 | OBJETS=['person']
[16:12:49] ZONE=CAM_piste_decolage | NIVEAU=MOYEN | SCORE=4 | OBJETS=['person']
[16:12:49] ZONE=CAM_piste_decolage | NIVEAU=MOYEN | SCORE=4 | OBJETS=['person']
[16:12:49] ZONE=CAM_piste_decolage | NIVEAU=MOYEN | SCORE=4 | OBJETS=['person']
[16:12:49] ZONE=CAM_piste_decolage | NIVEAU=MOYEN | SCORE=4 | OBJETS=['person']
[16:12:50] ZONE=CAM_piste_decolage | NIVEAU=MOYEN | SCORE=4 | OBJETS=['person']
[16:12:50] ZONE=CAM_piste_decolage | NIVEAU=MOYEN | SCORE=4 | OBJETS=['person']
[16:12:50] ZONE=CAM_piste_decolage | NIVEAU=MOYEN | SCORE=4 | OBJETS=['person']
[16:12:50] ZONE=CAM_piste_decolage | NIVEAU=MOYEN | SCORE=4 | OBJETS=['person']
[16:12:51] ZONE=CAM_piste_decolage | NIVEAU=MOYEN | SCORE=4 | OBJETS=['person']
[16:12:51] ZONE=CAM_piste_decolage | NIVEAU=MOYEN | SCORE=4 | OBJETS=['person']
[16:12:51] ZONE=CAM_piste_decolage | NIVEAU=MOYEN | SCORE=4 | OBJETS=['person']
[16:12:51] ZONE=CAM_piste_decolage | NIVEAU=MOYEN | SCORE=4 | OBJETS=['person']
[16:12:51] ZONE=CAM_piste_decolage | NIVEAU=MOYEN | SCORE=4 | OBJETS=['person']
[16:12:52] ZONE=CAM_piste_decolage | NIVEAU=MOYEN | SCORE=4 | OBJETS=['person']
[16:12:52] ZONE=CAM_piste_decolage | NIVEAU=MOYEN | SCORE=4 | OBJETS=['person']
[16:12:52] ZONE=CAM_piste_decolage | NIVEAU=MOYEN | SCORE=4 | OBJETS=['person']
[16:12:52] ZONE=CAM_piste_decolage | NIVEAU=MOYEN | SCORE=4 | OBJETS=['person']
[16:12:53] ZONE=CAM_piste_decolage | NIVEAU=MOYEN | SCORE=4 | OBJETS=['person']
[16:12:53] ZONE=CAM_piste_decolage | NIVEAU=MOYEN | SCORE=4 | OBJETS=['person']
[16:12:53] ZONE=CAM_piste_decolage | NIVEAU=MOYEN | SCORE=4 | OBJETS=['person']
[16:12:53] ZONE=CAM_piste_decolage | NIVEAU=MOYEN | SCORE=4 | OBJETS=['person']
[16:12:53] ZONE=CAM_piste_decolage | NIVEAU=MOYEN | SCORE=4 | OBJETS=['person']
[16:12:54] ZONE=CAM_piste_decolage | NIVEAU=MOYEN | SCORE=4 | OBJETS=['person']
[16:12:54] ZONE=CAM_piste_decolage | NIVEAU=MOYEN | SCORE=4 | OBJETS=['person']
[16:12:54] ZONE=CAM_piste_decolage | NIVEAU=MOYEN | SCORE=4 | OBJETS=['person']
[16:12:54] ZONE=CAM_piste_decolage | NIVEAU=MOYEN | SCORE=4 | OBJETS=['person']
[16:12:55] ZONE=CAM_piste_decolage | NIVEAU=MOYEN | SCORE=4 | OBJETS=['person']
[16:12:55] ZONE=CAM_piste_decolage | NIVEAU=MOYEN | SCORE=4 | OBJETS=['person']
[16:12:55] ZONE=CAM_piste_decolage | NIVEAU=MOYEN | SCORE=4 | OBJETS=['person']
[16:12:55] ZONE=CAM_piste_decolage | NIVEAU=MOYEN | SCORE=4 | OBJETS=['person']
[16:12:56] ZONE=CAM_piste_decolage | NIVEAU=MOYEN | SCORE=4 | OBJETS=['person']
[16:12:56] ZONE=CAM_piste_decolage | NIVEAU=MOYEN | SCORE=4 | OBJETS=['person']
[16:12:56] ZONE=CAM_piste_decolage | NIVEAU=MOYEN | SCORE=4 | OBJETS=['person']
[16:12:56] ZONE=CAM_piste_decolage | NIVEAU=MOYEN | SCORE=4 | OBJETS=['person']
[16:12:56] ZONE=CAM_piste_decolage | NIVEAU=MOYEN | SCORE=4 | OBJETS=['person']
[16:12:57] ZONE=CAM_piste_decolage | NIVEAU=MOYEN | SCORE=4 | OBJETS=['person']
[16:12:57] ZONE=CAM_piste_decolage | NIVEAU=MOYEN | SCORE=4 | OBJETS=['person']
[16:12:57] ZONE=CAM_piste_decolage | NIVEAU=MOYEN | SCORE=4 | OBJETS=['person']
[16:12:57] ZONE=CAM_piste_decolage | NIVEAU=MOYEN | SCORE=4 | OBJETS=['person']
[16:12:58] ZONE=CAM_piste_decolage | NIVEAU=MOYEN | SCORE=4 | OBJETS=['person']
[16:12:58] ZONE=CAM_piste_decolage | NIVEAU=MOYEN | SCORE=4 | OBJETS=['person']
[16:12:58] ZONE=CAM_piste_decolage | NIVEAU=MOYEN | SCORE=4 | OBJETS=['person']
[16:12:58] ZONE=CAM_piste_decolage | NIVEAU=MOYEN | SCORE=4 | OBJETS=['person']
[16:12:59] ZONE=CAM_piste_decolage | NIVEAU=MOYEN | SCORE=4 | OBJETS=['person']
[16:12:59] ZONE=CAM_piste_decolage | NIVEAU=MOYEN | SCORE=4 | OBJETS=['person']
[16:12:59] ZONE=CAM_piste_decolage | NIVEAU=MOYEN | SCORE=4 | OBJETS=['person']
[16:12:59] ZONE=CAM_piste_decolage | NIVEAU=MOYEN | SCORE=4 | OBJETS=['person']
[16:12:59] ZONE=CAM_piste_decolage | NIVEAU=MOYEN | SCORE=4 | OBJETS=['person']
[16:13:00] ZONE=CAM_piste_decolage | NIVEAU=MOYEN | SCORE=4 | OBJETS=['person']
[16:13:00] ZONE=CAM_piste_decolage | NIVEAU=MOYEN | SCORE=4 | OBJETS=['person']
[16:13:00] ZONE=CAM_piste_decolage | NIVEAU=MOYEN | SCORE=4 | OBJETS=['person']
[16:13:00] ZONE=CAM_piste_decolage | NIVEAU=MOYEN | SCORE=4 | OBJETS=['person']
[16:13:01] ZONE=CAM_piste_decolage | NIVEAU=MOYEN | SCORE=4 | OBJETS=['person']
[16:13:01] ZONE=CAM_piste_decolage | NIVEAU=MOYEN | SCORE=4 | OBJETS=['person']
[16:13:01] ZONE=CAM_piste_decolage | NIVEAU=MOYEN | SCORE=4 | OBJETS=['person']
[16:13:01] ZONE=CAM_piste_decolage | NIVEAU=MOYEN | SCORE=4 | OBJETS=['person']
[16:13:02] ZONE=CAM_piste_decolage | NIVEAU=MOYEN | SCORE=4 | OBJETS=['person']
[16:13:02] ZONE=CAM_piste_decolage | NIVEAU=MOYEN | SCORE=4 | OBJETS=['person']
[16:13:02] ZONE=CAM_piste_decolage | NIVEAU=MOYEN | SCORE=4 | OBJETS=['person']
[16:13:02] ZONE=CAM_piste_decolage | NIVEAU=MOYEN | SCORE=4 | OBJETS=['person']
[16:13:02] ZONE=CAM_piste_decolage | NIVEAU=MOYEN | SCORE=4 | OBJETS=['person']
[16:13:03] ZONE=CAM_piste_decolage | NIVEAU=MOYEN | SCORE=4 | OBJETS=['person']
[16:13:03] ZONE=CAM_piste_decolage | NIVEAU=MOYEN | SCORE=4 | OBJETS=['person']
[16:13:04] ZONE=CAM_piste_decolage | NIVEAU=MOYEN | SCORE=4 | OBJETS=['person']
[16:13:04] ZONE=CAM_piste_decolage | NIVEAU=MOYEN | SCORE=4 | OBJETS=['person']
[16:13:04] ZONE=CAM_piste_decolage | NIVEAU=MOYEN | SCORE=4 | OBJETS=['person']
[16:13:04] ZONE=CAM_piste_decolage | NIVEAU=MOYEN | SCORE=4 | OBJETS=['person']
[16:13:05] ZONE=CAM_piste_decolage | NIVEAU=MOYEN | SCORE=4 | OBJETS=['person']
[16:13:05] ZONE=CAM_piste_decolage | NIVEAU=MOYEN | SCORE=4 | OBJETS=['person']
