[21:38:11] ZONE=CAM_piste_aterisage | NIVEAU=MOYEN | SCORE=4 | OBJETS=['person']
[21:38:20] ZONE=CAM_piste_aterisage | NIVEAU=MOYEN | SCORE=4 | OBJETS=['truck']
[21:38:20] ZONE=CAM_piste_aterisage | NIVEAU=MOYEN | SCORE=4 | OBJETS=['truck']
[21:38:21] ZONE=CAM_piste_aterisage | NIVEAU=ÉLEVÉ | SCORE=8 | OBJETS=['truck', 'truck']
[21:38:21] ZONE=CAM_piste_aterisage | NIVEAU=ÉLEVÉ | SCORE=8 | OBJETS=['truck', 'truck']
[21:38:21] ZONE=CAM_piste_aterisage | NIVEAU=ÉLEVÉ | SCORE=12 | OBJETS=['truck', 'truck', 'truck']
[21:38:22] ZONE=CAM_piste_aterisage | NIVEAU=ÉLEVÉ | SCORE=8 | OBJETS=['truck', 'truck']
[21:38:22] ZONE=CAM_piste_aterisage | NIVEAU=ÉLEVÉ | SCORE=12 | OBJETS=['truck', 'truck', 'truck']
[21:38:22] ZONE=CAM_piste_aterisage | NIVEAU=ÉLEVÉ | SCORE=12 | OBJETS=['truck', 'truck', 'truck']
[21:38:23] ZONE=CAM_piste_aterisage | NIVEAU=ÉLEVÉ | SCORE=12 | OBJETS=['truck', 'truck', 'truck']
[21:38:23] ZONE=CAM_piste_aterisage | NIVEAU=ÉLEVÉ | SCORE=12 | OBJETS=['truck', 'truck', 'truck']
[21:38:23] ZONE=CAM_piste_aterisage | NIVEAU=ÉLEVÉ | SCORE=12 | OBJETS=['truck', 'truck', 'truck']
[21:38:24] ZONE=CAM_piste_aterisage | NIVEAU=ÉLEVÉ | SCORE=12 | OBJETS=['truck', 'truck', 'truck']
[21:38:24] ZONE=CAM_piste_aterisage | NIVEAU=ÉLEVÉ | SCORE=12 | OBJETS=['truck', 'truck', 'truck']
[21:38:24] ZONE=CAM_piste_aterisage | NIVEAU=ÉLEVÉ | SCORE=8 | OBJETS=['truck', 'truck']
[21:38:24] ZONE=CAM_piste_aterisage | NIVEAU=ÉLEVÉ | SCORE=8 | OBJETS=['truck', 'truck']
[21:38:25] ZONE=CAM_piste_aterisage | NIVEAU=ÉLEVÉ | SCORE=8 | OBJETS=['truck', 'truck']
[21:38:25] ZONE=CAM_piste_aterisage | NIVEAU=ÉLEVÉ | SCORE=8 | OBJETS=['truck', 'truck']
[21:38:25] ZONE=CAM_piste_aterisage | NIVEAU=ÉLEVÉ | SCORE=12 | OBJETS=['truck', 'truck', 'truck']
[21:38:25] ZONE=CAM_piste_aterisage | NIVEAU=ÉLEVÉ | SCORE=8 | OBJETS=['truck', 'truck']
[21:38:26] ZONE=CAM_piste_aterisage | NIVEAU=MOYEN | SCORE=4 | OBJETS=['truck']
[21:38:26] ZONE=CAM_piste_aterisage | NIVEAU=MOYEN | SCORE=4 | OBJETS=['truck']
[21:38:26] ZONE=CAM_piste_aterisage | NIVEAU=ÉLEVÉ | SCORE=8 | OBJETS=['truck', 'truck']
[21:38:26] ZONE=CAM_piste_aterisage | NIVEAU=MOYEN | SCORE=4 | OBJETS=['truck']
[21:38:27] ZONE=CAM_piste_aterisage | NIVEAU=ÉLEVÉ | SCORE=8 | OBJETS=['truck', 'truck']
[21:38:27] ZONE=CAM_piste_aterisage | NIVEAU=MOYEN | SCORE=4 | OBJETS=['truck']
[21:38:27] ZONE=CAM_piste_aterisage | NIVEAU=MOYEN | SCORE=4 | OBJETS=['truck']
[21:38:27] ZONE=CAM_piste_aterisage | NIVEAU=MOYEN | SCORE=4 | OBJETS=['truck']
[21:38:28] ZONE=CAM_piste_aterisage | NIVEAU=MOYEN | SCORE=4 | OBJETS=['truck']
[21:38:28] ZONE=CAM_piste_aterisage | NIVEAU=MOYEN | SCORE=4 | OBJETS=['truck']
[21:38:28] ZONE=CAM_piste_aterisage | NIVEAU=ÉLEVÉ | SCORE=8 | OBJETS=['truck', 'truck']
[21:38:28] ZONE=CAM_piste_aterisage | NIVEAU=ÉLEVÉ | SCORE=8 | OBJETS=['truck', 'truck']
[21:38:29] ZONE=CAM_piste_aterisage | NIVEAU=ÉLEVÉ | SCORE=8 | OBJETS=['truck', 'truck']
[21:39:29] ZONE=CAM_piste_aterisage | NIVEAU=ÉLEVÉ | SCORE=8 | OBJETS=['truck', 'truck']
[21:39:29] ZONE=CAM_piste_aterisage | NIVEAU=ÉLEVÉ | SCORE=8 | OBJETS=['truck', 'truck']
[21:39:29] ZONE=CAM_piste_aterisage | NIVEAU=ÉLEVÉ | SCORE=8 | OBJETS=['truck', 'truck']
[21:39:30] ZONE=CAM_piste_aterisage | NIVEAU=ÉLEVÉ | SCORE=8 | OBJETS=['truck', 'truck']
[21:39:30] ZONE=CAM_piste_aterisage | NIVEAU=MOYEN | SCORE=4 | OBJETS=['truck']
[21:39:30] ZONE=CAM_piste_aterisage | NIVEAU=ÉLEVÉ | SCORE=8 | OBJETS=['truck', 'truck']
[21:39:30] ZONE=CAM_piste_aterisage | NIVEAU=ÉLEVÉ | SCORE=8 | OBJETS=['truck', 'truck']
[21:39:31] ZONE=CAM_piste_aterisage | NIVEAU=ÉLEVÉ | SCORE=8 | OBJETS=['truck', 'truck']
[21:39:31] ZONE=CAM_piste_aterisage | NIVEAU=ÉLEVÉ | SCORE=8 | OBJETS=['truck', 'truck']
[21:39:31] ZONE=CAM_piste_aterisage | NIVEAU=MOYEN | SCORE=4 | OBJETS=['truck']
[21:39:31] ZONE=CAM_piste_aterisage | NIVEAU=MOYEN | SCORE=4 | OBJETS=['truck']
[21:39:32] ZONE=CAM_piste_aterisage | NIVEAU=MOYEN | SCORE=4 | OBJETS=['truck']
[21:39:32] ZONE=CAM_piste_aterisage | NIVEAU=MOYEN | SCORE=4 | OBJETS=['truck']
[21:39:32] ZONE=CAM_piste_aterisage | NIVEAU=MOYEN | SCORE=4 | OBJETS=['truck']
[21:39:32] ZONE=CAM_piste_aterisage | NIVEAU=ÉLEVÉ | SCORE=8 | OBJETS=['truck', 'truck']
[21:39:32] ZONE=CAM_piste_aterisage | NIVEAU=MOYEN | SCORE=4 | OBJETS=['truck']
[21:39:33] ZONE=CAM_piste_aterisage | NIVEAU=MOYEN | SCORE=4 | OBJETS=['truck']
[21:39:33] ZONE=CAM_piste_aterisage | NIVEAU=MOYEN | SCORE=4 | OBJETS=['truck']
[21:39:33] ZONE=CAM_piste_aterisage | NIVEAU=ÉLEVÉ | SCORE=8 | OBJETS=['truck', 'truck']
[21:39:33] ZONE=CAM_piste_aterisage | NIVEAU=ÉLEVÉ | SCORE=8 | OBJETS=['truck', 'truck']
[21:39:34] ZONE=CAM_piste_aterisage | NIVEAU=ÉLEVÉ | SCORE=8 | OBJETS=['truck', 'truck']
[21:39:34] ZONE=CAM_piste_aterisage | NIVEAU=ÉLEVÉ | SCORE=8 | OBJETS=['truck', 'truck']
[21:39:34] ZONE=CAM_piste_aterisage | NIVEAU=ÉLEVÉ | SCORE=8 | OBJETS=['truck', 'truck']
[21:39:34] ZONE=CAM_piste_aterisage | NIVEAU=ÉLEVÉ | SCORE=8 | OBJETS=['truck', 'truck']
[21:39:34] ZONE=CAM_piste_aterisage | NIVEAU=ÉLEVÉ | SCORE=8 | OBJETS=['truck', 'truck']
[21:39:35] ZONE=CAM_piste_aterisage | NIVEAU=ÉLEVÉ | SCORE=8 | OBJETS=['truck', 'truck']
[21:39:35] ZONE=CAM_piste_aterisage | NIVEAU=ÉLEVÉ | SCORE=8 | OBJETS=['truck', 'truck']
[21:39:35] ZONE=CAM_piste_aterisage | NIVEAU=ÉLEVÉ | SCORE=8 | OBJETS=['truck', 'truck']
[21:39:35] ZONE=CAM_piste_aterisage | NIVEAU=ÉLEVÉ | SCORE=8 | OBJETS=['truck', 'truck']
[21:39:36] ZONE=CAM_piste_aterisage | NIVEAU=ÉLEVÉ | SCORE=8 | OBJETS=['truck', 'truck']
[21:40:28] ZONE=CAM_piste_aterisage | NIVEAU=MOYEN | SCORE=4 | OBJETS=['person']
[21:40:29] ZONE=CAM_piste_aterisage | NIVEAU=MOYEN | SCORE=4 | OBJETS=['person']
[21:40:30] ZONE=CAM_piste_aterisage | NIVEAU=MOYEN | SCORE=4 | OBJETS=['person']
[21:41:02] ZONE=CAM_piste_aterisage | NIVEAU=MOYEN | SCORE=4 | OBJETS=['truck']
[21:41:02] ZONE=CAM_piste_aterisage | NIVEAU=MOYEN | SCORE=4 | OBJETS=['truck']
[21:41:02] ZONE=CAM_piste_aterisage | NIVEAU=MOYEN | SCORE=4 | OBJETS=['truck']
[21:41:03] ZONE=CAM_piste_aterisage | NIVEAU=MOYEN | SCORE=4 | OBJETS=['truck']
[21:41:03] ZONE=CAM_piste_aterisage | NIVEAU=ÉLEVÉ | SCORE=8 | OBJETS=['truck', 'person']
[21:41:03] ZONE=CAM_piste_aterisage | NIVEAU=ÉLEVÉ | SCORE=6 | OBJETS=['truck', 'car']
[21:41:04] ZONE=CAM_piste_aterisage | NIVEAU=MOYEN | SCORE=4 | OBJETS=['truck']
[21:41:04] ZONE=CAM_piste_aterisage | NIVEAU=MOYEN | SCORE=4 | OBJETS=['truck']
[21:41:04] ZONE=CAM_piste_aterisage | NIVEAU=ÉLEVÉ | SCORE=8 | OBJETS=['truck', 'person']
[21:41:05] ZONE=CAM_piste_aterisage | NIVEAU=ÉLEVÉ | SCORE=8 | OBJETS=['truck', 'person']
[21:41:05] ZONE=CAM_piste_aterisage | NIVEAU=ÉLEVÉ | SCORE=6 | OBJETS=['truck', 'car']
[21:41:05] ZONE=CAM_piste_aterisage | NIVEAU=ÉLEVÉ | SCORE=8 | OBJETS=['truck', 'person']
[21:41:05] ZONE=CAM_piste_aterisage | NIVEAU=ÉLEVÉ | SCORE=8 | OBJETS=['truck', 'person']
[21:41:06] ZONE=CAM_piste_aterisage | NIVEAU=MOYEN | SCORE=4 | OBJETS=['truck']
[21:41:06] ZONE=CAM_piste_aterisage | NIVEAU=ÉLEVÉ | SCORE=8 | OBJETS=['truck', 'person']
[21:41:06] ZONE=CAM_piste_aterisage | NIVEAU=ÉLEVÉ | SCORE=8 | OBJETS=['truck', 'person']
[21:41:07] ZONE=CAM_piste_aterisage | NIVEAU=ÉLEVÉ | SCORE=8 | OBJETS=['truck', 'person']
[21:41:07] ZONE=CAM_piste_aterisage | NIVEAU=ÉLEVÉ | SCORE=10 | OBJETS=['truck', 'person', 'car']
[21:41:07] ZONE=CAM_piste_aterisage | NIVEAU=ÉLEVÉ | SCORE=8 | OBJETS=['truck', 'person']
[21:41:08] ZONE=CAM_piste_aterisage | NIVEAU=ÉLEVÉ | SCORE=10 | OBJETS=['truck', 'person', 'car']
[21:41:08] ZONE=CAM_piste_aterisage | NIVEAU=ÉLEVÉ | SCORE=8 | OBJETS=['truck', 'person']
[21:41:08] ZONE=CAM_piste_aterisage | NIVEAU=ÉLEVÉ | SCORE=8 | OBJETS=['truck', 'person']
[21:41:08] ZONE=CAM_piste_aterisage | NIVEAU=ÉLEVÉ | SCORE=6 | OBJETS=['truck', 'car']
[21:41:09] ZONE=CAM_piste_aterisage | NIVEAU=ÉLEVÉ | SCORE=6 | OBJETS=['truck', 'car']
[21:41:09] ZONE=CAM_piste_aterisage | NIVEAU=MOYEN | SCORE=4 | OBJETS=['truck']
[21:41:09] ZONE=CAM_piste_aterisage | NIVEAU=MOYEN | SCORE=4 | OBJETS=['truck']
[21:41:10] ZONE=CAM_piste_aterisage | NIVEAU=ÉLEVÉ | SCORE=8 | OBJETS=['truck', 'person']
[21:41:10] ZONE=CAM_piste_aterisage | NIVEAU=MOYEN | SCORE=4 | OBJETS=['truck']
[21:41:10] ZONE=CAM_piste_aterisage | NIVEAU=MOYEN | SCORE=4 | OBJETS=['truck']
[21:41:10] ZONE=CAM_piste_aterisage | NIVEAU=MOYEN | SCORE=4 | OBJETS=['truck']
[21:41:11] ZONE=CAM_piste_aterisage | NIVEAU=ÉLEVÉ | SCORE=10 | OBJETS=['truck', 'car', 'person']
[21:41:11] ZONE=CAM_piste_aterisage | NIVEAU=ÉLEVÉ | SCORE=10 | OBJETS=['truck', 'car', 'person']
[21:41:11] ZONE=CAM_piste_aterisage | NIVEAU=ÉLEVÉ | SCORE=10 | OBJETS=['truck', 'car', 'person']
[21:41:12] ZONE=CAM_piste_aterisage | NIVEAU=ÉLEVÉ | SCORE=10 | OBJETS=['truck', 'car', 'person']
[21:41:12] ZONE=CAM_piste_aterisage | NIVEAU=MOYEN | SCORE=4 | OBJETS=['truck']
[21:41:12] ZONE=CAM_piste_aterisage | NIVEAU=MOYEN | SCORE=4 | OBJETS=['truck']
[21:41:13] ZONE=CAM_piste_aterisage | NIVEAU=MOYEN | SCORE=4 | OBJETS=['truck']
[21:41:13] ZONE=CAM_piste_aterisage | NIVEAU=MOYEN | SCORE=4 | OBJETS=['truck']
[21:41:13] ZONE=CAM_piste_aterisage | NIVEAU=MOYEN | SCORE=4 | OBJETS=['truck']
[21:41:13] ZONE=CAM_piste_aterisage | NIVEAU=MOYEN | SCORE=4 | OBJETS=['truck']
[21:41:14] ZONE=CAM_piste_aterisage | NIVEAU=ÉLEVÉ | SCORE=6 | OBJETS=['truck', 'car']
[21:41:14] ZONE=CAM_piste_aterisage | NIVEAU=ÉLEVÉ | SCORE=10 | OBJETS=['car', 'truck', 'person']
[21:41:15] ZONE=CAM_piste_aterisage | NIVEAU=ÉLEVÉ | SCORE=6 | OBJETS=['car', 'truck']
[21:41:15] ZONE=CAM_piste_aterisage | NIVEAU=ÉLEVÉ | SCORE=10 | OBJETS=['truck', 'person', 'car']
[21:41:15] ZONE=CAM_piste_aterisage | NIVEAU=ÉLEVÉ | SCORE=10 | OBJETS=['truck', 'person', 'car']
[21:41:16] ZONE=CAM_piste_aterisage | NIVEAU=ÉLEVÉ | SCORE=10 | OBJETS=['truck', 'car', 'person']
[21:41:16] ZONE=CAM_piste_aterisage | NIVEAU=ÉLEVÉ | SCORE=6 | OBJETS=['car', 'person']
[21:41:16] ZONE=CAM_piste_aterisage | NIVEAU=ÉLEVÉ | SCORE=6 | OBJETS=['car', 'person']
[21:41:17] ZONE=CAM_piste_aterisage | NIVEAU=ÉLEVÉ | SCORE=8 | OBJETS=['truck', 'person']
[21:41:17] ZONE=CAM_piste_aterisage | NIVEAU=ÉLEVÉ | SCORE=8 | OBJETS=['truck', 'person']
[21:41:17] ZONE=CAM_piste_aterisage | NIVEAU=ÉLEVÉ | SCORE=10 | OBJETS=['truck', 'person', 'car']
[21:41:17] ZONE=CAM_piste_aterisage | NIVEAU=ÉLEVÉ | SCORE=8 | OBJETS=['truck', 'person']
[21:41:18] ZONE=CAM_piste_aterisage | NIVEAU=MOYEN | SCORE=4 | OBJETS=['truck']
[21:41:18] ZONE=CAM_piste_aterisage | NIVEAU=MOYEN | SCORE=4 | OBJETS=['truck']
[21:41:18] ZONE=CAM_piste_aterisage | NIVEAU=MOYEN | SCORE=4 | OBJETS=['truck']
[21:41:18] ZONE=CAM_piste_aterisage | NIVEAU=MOYEN | SCORE=4 | OBJETS=['truck']
[21:41:19] ZONE=CAM_piste_aterisage | NIVEAU=MOYEN | SCORE=4 | OBJETS=['truck']
[21:41:19] ZONE=CAM_piste_aterisage | NIVEAU=ÉLEVÉ | SCORE=8 | OBJETS=['truck', 'person']
[21:41:19] ZONE=CAM_piste_aterisage | NIVEAU=ÉLEVÉ | SCORE=8 | OBJETS=['truck', 'person']
[21:41:20] ZONE=CAM_piste_aterisage | NIVEAU=ÉLEVÉ | SCORE=8 | OBJETS=['truck', 'person']
[21:41:20] ZONE=CAM_piste_aterisage | NIVEAU=ÉLEVÉ | SCORE=8 | OBJETS=['truck', 'person']
[21:41:20] ZONE=CAM_piste_aterisage | NIVEAU=ÉLEVÉ | SCORE=8 | OBJETS=['truck', 'person']
[21:41:21] ZONE=CAM_piste_aterisage | NIVEAU=ÉLEVÉ | SCORE=8 | OBJETS=['truck', 'person']
[21:41:21] ZONE=CAM_piste_aterisage | NIVEAU=ÉLEVÉ | SCORE=8 | OBJETS=['truck', 'person']
[21:41:21] ZONE=CAM_piste_aterisage | NIVEAU=MOYEN | SCORE=4 | OBJETS=['truck']
[21:41:22] ZONE=CAM_piste_aterisage | NIVEAU=MOYEN | SCORE=4 | OBJETS=['truck']
[21:41:22] ZONE=CAM_piste_aterisage | NIVEAU=MOYEN | SCORE=4 | OBJETS=['truck']
[21:41:22] ZONE=CAM_piste_aterisage | NIVEAU=MOYEN | SCORE=4 | OBJETS=['truck']
[21:41:23] ZONE=CAM_piste_aterisage | NIVEAU=MOYEN | SCORE=4 | OBJETS=['truck']
[21:41:23] ZONE=CAM_piste_aterisage | NIVEAU=MOYEN | SCORE=4 | OBJETS=['truck']
[21:41:23] ZONE=CAM_piste_aterisage | NIVEAU=ÉLEVÉ | SCORE=8 | OBJETS=['truck', 'truck']
[21:41:23] ZONE=CAM_piste_aterisage | NIVEAU=ÉLEVÉ | SCORE=8 | OBJETS=['truck', 'truck']
[21:41:24] ZONE=CAM_piste_aterisage | NIVEAU=ÉLEVÉ | SCORE=8 | OBJETS=['truck', 'truck']
[21:41:24] ZONE=CAM_piste_aterisage | NIVEAU=ÉLEVÉ | SCORE=12 | OBJETS=['truck', 'truck', 'person']
[21:41:24] ZONE=CAM_piste_aterisage | NIVEAU=ÉLEVÉ | SCORE=12 | OBJETS=['truck', 'truck', 'person']
[21:41:24] ZONE=CAM_piste_aterisage | NIVEAU=ÉLEVÉ | SCORE=8 | OBJETS=['truck', 'truck']
[21:41:25] ZONE=CAM_piste_aterisage | NIVEAU=ÉLEVÉ | SCORE=12 | OBJETS=['truck', 'truck', 'person']
[21:41:25] ZONE=CAM_piste_aterisage | NIVEAU=ÉLEVÉ | SCORE=12 | OBJETS=['truck', 'truck', 'person']
[21:41:25] ZONE=CAM_piste_aterisage | NIVEAU=ÉLEVÉ | SCORE=12 | OBJETS=['truck', 'truck', 'person']
[21:41:26] ZONE=CAM_piste_aterisage | NIVEAU=ÉLEVÉ | SCORE=8 | OBJETS=['truck', 'person']
[21:41:26] ZONE=CAM_piste_aterisage | NIVEAU=ÉLEVÉ | SCORE=12 | OBJETS=['truck', 'truck', 'person']
[21:41:26] ZONE=CAM_piste_aterisage | NIVEAU=ÉLEVÉ | SCORE=8 | OBJETS=['truck', 'truck']
[21:41:26] ZONE=CAM_piste_aterisage | NIVEAU=ÉLEVÉ | SCORE=8 | OBJETS=['truck', 'truck']
[21:41:27] ZONE=CAM_piste_aterisage | NIVEAU=ÉLEVÉ | SCORE=8 | OBJETS=['truck', 'truck']
[21:41:27] ZONE=CAM_piste_aterisage | NIVEAU=ÉLEVÉ | SCORE=12 | OBJETS=['truck', 'person', 'truck']
[21:41:27] ZONE=CAM_piste_aterisage | NIVEAU=ÉLEVÉ | SCORE=12 | OBJETS=['truck', 'person', 'truck']
[21:41:27] ZONE=CAM_piste_aterisage | NIVEAU=ÉLEVÉ | SCORE=12 | OBJETS=['truck', 'truck', 'person']
[21:41:28] ZONE=CAM_piste_aterisage | NIVEAU=ÉLEVÉ | SCORE=12 | OBJETS=['truck', 'truck', 'person']
[21:41:28] ZONE=CAM_piste_aterisage | NIVEAU=ÉLEVÉ | SCORE=12 | OBJETS=['truck', 'truck', 'person']
[21:41:28] ZONE=CAM_piste_aterisage | NIVEAU=ÉLEVÉ | SCORE=12 | OBJETS=['truck', 'truck', 'person']
[21:41:29] ZONE=CAM_piste_aterisage | NIVEAU=ÉLEVÉ | SCORE=12 | OBJETS=['truck', 'truck', 'person']
[21:41:29] ZONE=CAM_piste_aterisage | NIVEAU=ÉLEVÉ | SCORE=12 | OBJETS=['truck', 'truck', 'person']
[21:41:29] ZONE=CAM_piste_aterisage | NIVEAU=ÉLEVÉ | SCORE=12 | OBJETS=['truck', 'truck', 'person']
[21:41:29] ZONE=CAM_piste_aterisage | NIVEAU=ÉLEVÉ | SCORE=12 | OBJETS=['truck', 'truck', 'person']
[21:41:29] ZONE=CAM_piste_aterisage | NIVEAU=ÉLEVÉ | SCORE=12 | OBJETS=['truck', 'truck', 'person']
[21:41:30] ZONE=CAM_piste_aterisage | NIVEAU=ÉLEVÉ | SCORE=12 | OBJETS=['truck', 'truck', 'person']
[21:41:30] ZONE=CAM_piste_aterisage | NIVEAU=ÉLEVÉ | SCORE=12 | OBJETS=['truck', 'truck', 'person']
[21:41:30] ZONE=CAM_piste_aterisage | NIVEAU=ÉLEVÉ | SCORE=12 | OBJETS=['truck', 'truck', 'person']
[21:41:30] ZONE=CAM_piste_aterisage | NIVEAU=ÉLEVÉ | SCORE=8 | OBJETS=['truck', 'person']
[21:41:31] ZONE=CAM_piste_aterisage | NIVEAU=ÉLEVÉ | SCORE=8 | OBJETS=['truck', 'person']
[21:41:31] ZONE=CAM_piste_aterisage | NIVEAU=MOYEN | SCORE=4 | OBJETS=['truck']
[21:41:31] ZONE=CAM_piste_aterisage | NIVEAU=MOYEN | SCORE=4 | OBJETS=['truck']
[21:41:31] ZONE=CAM_piste_aterisage | NIVEAU=MOYEN | SCORE=4 | OBJETS=['truck']
[21:41:32] ZONE=CAM_piste_aterisage | NIVEAU=MOYEN | SCORE=4 | OBJETS=['truck']
[21:41:32] ZONE=CAM_piste_aterisage | NIVEAU=MOYEN | SCORE=4 | OBJETS=['truck']
[21:41:32] ZONE=CAM_piste_aterisage | NIVEAU=MOYEN | SCORE=4 | OBJETS=['truck']
[21:41:32] ZONE=CAM_piste_aterisage | NIVEAU=MOYEN | SCORE=4 | OBJETS=['truck']
[21:41:33] ZONE=CAM_piste_aterisage | NIVEAU=ÉLEVÉ | SCORE=12 | OBJETS=['truck', 'person', 'truck']
[21:41:33] ZONE=CAM_piste_aterisage | NIVEAU=ÉLEVÉ | SCORE=12 | OBJETS=['truck', 'truck', 'person']
[21:41:33] ZONE=CAM_piste_aterisage | NIVEAU=ÉLEVÉ | SCORE=8 | OBJETS=['truck', 'truck']
[21:41:33] ZONE=CAM_piste_aterisage | NIVEAU=ÉLEVÉ | SCORE=8 | OBJETS=['truck', 'truck']
[21:41:33] ZONE=CAM_piste_aterisage | NIVEAU=MOYEN | SCORE=4 | OBJETS=['truck']
[21:41:34] ZONE=CAM_piste_aterisage | NIVEAU=ÉLEVÉ | SCORE=8 | OBJETS=['truck', 'truck']
[21:41:34] ZONE=CAM_piste_aterisage | NIVEAU=MOYEN | SCORE=4 | OBJETS=['truck']
[21:41:35] ZONE=CAM_piste_aterisage | NIVEAU=MOYEN | SCORE=4 | OBJETS=['truck']
[21:41:35] ZONE=CAM_piste_aterisage | NIVEAU=MOYEN | SCORE=4 | OBJETS=['truck']
[21:41:39] ZONE=CAM_piste_aterisage | NIVEAU=MOYEN | SCORE=4 | OBJETS=['truck']
[21:41:40] ZONE=CAM_piste_aterisage | NIVEAU=MOYEN | SCORE=4 | OBJETS=['truck']
[21:41:41] ZONE=CAM_piste_aterisage | NIVEAU=ÉLEVÉ | SCORE=12 | OBJETS=['person', 'person', 'truck']
[21:41:41] ZONE=CAM_piste_aterisage | NIVEAU=ÉLEVÉ | SCORE=12 | OBJETS=['person', 'person', 'truck']
[21:41:41] ZONE=CAM_piste_aterisage | NIVEAU=ÉLEVÉ | SCORE=12 | OBJETS=['person', 'person', 'truck']
[21:41:41] ZONE=CAM_piste_aterisage | NIVEAU=ÉLEVÉ | SCORE=12 | OBJETS=['person', 'person', 'truck']
[21:41:42] ZONE=CAM_piste_aterisage | NIVEAU=ÉLEVÉ | SCORE=12 | OBJETS=['person', 'person', 'truck']
[21:41:42] ZONE=CAM_piste_aterisage | NIVEAU=ÉLEVÉ | SCORE=12 | OBJETS=['person', 'person', 'truck']
[21:41:42] ZONE=CAM_piste_aterisage | NIVEAU=ÉLEVÉ | SCORE=12 | OBJETS=['person', 'person', 'truck']
[21:41:42] ZONE=CAM_piste_aterisage | NIVEAU=ÉLEVÉ | SCORE=12 | OBJETS=['person', 'person', 'truck']
[21:41:43] ZONE=CAM_piste_aterisage | NIVEAU=ÉLEVÉ | SCORE=12 | OBJETS=['person', 'person', 'truck']
[21:41:43] ZONE=CAM_piste_aterisage | NIVEAU=ÉLEVÉ | SCORE=12 | OBJETS=['person', 'person', 'truck']
[21:41:43] ZONE=CAM_piste_aterisage | NIVEAU=ÉLEVÉ | SCORE=12 | OBJETS=['person', 'person', 'truck']
[21:41:43] ZONE=CAM_piste_aterisage | NIVEAU=ÉLEVÉ | SCORE=12 | OBJETS=['person', 'person', 'truck']
[21:41:44] ZONE=CAM_piste_aterisage | NIVEAU=ÉLEVÉ | SCORE=12 | OBJETS=['person', 'person', 'truck']
[21:41:44] ZONE=CAM_piste_aterisage | NIVEAU=ÉLEVÉ | SCORE=12 | OBJETS=['person', 'person', 'truck']
[21:41:44] ZONE=CAM_piste_aterisage | NIVEAU=ÉLEVÉ | SCORE=12 | OBJETS=['person', 'person', 'truck']
[21:41:44] ZONE=CAM_piste_aterisage | NIVEAU=ÉLEVÉ | SCORE=12 | OBJETS=['person', 'person', 'truck']
[21:41:45] ZONE=CAM_piste_aterisage | NIVEAU=ÉLEVÉ | SCORE=12 | OBJETS=['person', 'person', 'truck']
[21:41:45] ZONE=CAM_piste_aterisage | NIVEAU=ÉLEVÉ | SCORE=12 | OBJETS=['person', 'person', 'truck']
[21:41:45] ZONE=CAM_piste_aterisage | NIVEAU=ÉLEVÉ | SCORE=12 | OBJETS=['person', 'person', 'truck']
[21:41:46] ZONE=CAM_piste_aterisage | NIVEAU=ÉLEVÉ | SCORE=12 | OBJETS=['person', 'person', 'truck']
[21:41:46] ZONE=CAM_piste_aterisage | NIVEAU=ÉLEVÉ | SCORE=14 | OBJETS=['person', 'person', 'truck', 'car']
[21:41:46] ZONE=CAM_piste_aterisage | NIVEAU=ÉLEVÉ | SCORE=14 | OBJETS=['person', 'person', 'truck', 'car']
[21:41:46] ZONE=CAM_piste_aterisage | NIVEAU=ÉLEVÉ | SCORE=14 | OBJETS=['person', 'person', 'truck', 'car']
[21:41:47] ZONE=CAM_piste_aterisage | NIVEAU=ÉLEVÉ | SCORE=12 | OBJETS=['person', 'person', 'truck']
[21:41:47] ZONE=CAM_piste_aterisage | NIVEAU=ÉLEVÉ | SCORE=12 | OBJETS=['person', 'person', 'truck']
[21:41:47] ZONE=CAM_piste_aterisage | NIVEAU=ÉLEVÉ | SCORE=14 | OBJETS=['person', 'person', 'truck', 'car']
[21:41:47] ZONE=CAM_piste_aterisage | NIVEAU=ÉLEVÉ | SCORE=12 | OBJETS=['person', 'person', 'truck']
[21:41:48] ZONE=CAM_piste_aterisage | NIVEAU=ÉLEVÉ | SCORE=12 | OBJETS=['person', 'person', 'truck']
[21:41:48] ZONE=CAM_piste_aterisage | NIVEAU=ÉLEVÉ | SCORE=12 | OBJETS=['person', 'person', 'truck']
[21:41:48] ZONE=CAM_piste_aterisage | NIVEAU=ÉLEVÉ | SCORE=12 | OBJETS=['person', 'person', 'truck']
[21:41:48] ZONE=CAM_piste_aterisage | NIVEAU=ÉLEVÉ | SCORE=12 | OBJETS=['person', 'person', 'truck']
[21:41:49] ZONE=CAM_piste_aterisage | NIVEAU=ÉLEVÉ | SCORE=12 | OBJETS=['person', 'person', 'truck']
[21:41:49] ZONE=CAM_piste_aterisage | NIVEAU=ÉLEVÉ | SCORE=12 | OBJETS=['person', 'person', 'truck']
[21:41:49] ZONE=CAM_piste_aterisage | NIVEAU=ÉLEVÉ | SCORE=12 | OBJETS=['person', 'person', 'truck']
[21:41:49] ZONE=CAM_piste_aterisage | NIVEAU=ÉLEVÉ | SCORE=12 | OBJETS=['person', 'person', 'truck']
[21:41:50] ZONE=CAM_piste_aterisage | NIVEAU=ÉLEVÉ | SCORE=12 | OBJETS=['person', 'person', 'truck']
[21:41:50] ZONE=CAM_piste_aterisage | NIVEAU=ÉLEVÉ | SCORE=12 | OBJETS=['person', 'person', 'truck']
[21:41:51] ZONE=CAM_piste_aterisage | NIVEAU=ÉLEVÉ | SCORE=12 | OBJETS=['person', 'person', 'truck']
[21:42:14] ZONE=CAM_piste_aterisage | NIVEAU=MOYEN | SCORE=4 | OBJETS=['person']
[21:42:14] ZONE=CAM_piste_aterisage | NIVEAU=MOYEN | SCORE=4 | OBJETS=['person']
[21:42:14] ZONE=CAM_piste_aterisage | NIVEAU=MOYEN | SCORE=4 | OBJETS=['person']
[21:42:14] ZONE=CAM_piste_aterisage | NIVEAU=MOYEN | SCORE=4 | OBJETS=['person']
[21:42:15] ZONE=CAM_piste_aterisage | NIVEAU=MOYEN | SCORE=4 | OBJETS=['person']
[21:42:15] ZONE=CAM_piste_aterisage | NIVEAU=MOYEN | SCORE=4 | OBJETS=['person']
[21:42:15] ZONE=CAM_piste_aterisage | NIVEAU=MOYEN | SCORE=4 | OBJETS=['person']
[21:42:16] ZONE=CAM_piste_aterisage | NIVEAU=MOYEN | SCORE=4 | OBJETS=['person']
[21:42:16] ZONE=CAM_piste_aterisage | NIVEAU=MOYEN | SCORE=4 | OBJETS=['person']
[21:42:16] ZONE=CAM_piste_aterisage | NIVEAU=MOYEN | SCORE=4 | OBJETS=['person']
[21:42:16] ZONE=CAM_piste_aterisage | NIVEAU=MOYEN | SCORE=4 | OBJETS=['person']
[21:42:17] ZONE=CAM_piste_aterisage | NIVEAU=MOYEN | SCORE=4 | OBJETS=['person']
[21:42:17] ZONE=CAM_piste_aterisage | NIVEAU=MOYEN | SCORE=4 | OBJETS=['person']
[21:42:17] ZONE=CAM_piste_aterisage | NIVEAU=MOYEN | SCORE=4 | OBJETS=['person']
[21:42:18] ZONE=CAM_piste_aterisage | NIVEAU=MOYEN | SCORE=4 | OBJETS=['person']
[21:42:18] ZONE=CAM_piste_aterisage | NIVEAU=MOYEN | SCORE=4 | OBJETS=['person']
[21:42:18] ZONE=CAM_piste_aterisage | NIVEAU=MOYEN | SCORE=4 | OBJETS=['person']
[21:42:19] ZONE=CAM_piste_aterisage | NIVEAU=MOYEN | SCORE=4 | OBJETS=['person']
[21:42:19] ZONE=CAM_piste_aterisage | NIVEAU=MOYEN | SCORE=4 | OBJETS=['person']
[21:42:19] ZONE=CAM_piste_aterisage | NIVEAU=MOYEN | SCORE=4 | OBJETS=['person']
[21:42:19] ZONE=CAM_piste_aterisage | NIVEAU=MOYEN | SCORE=4 | OBJETS=['person']
[21:42:20] ZONE=CAM_piste_aterisage | NIVEAU=MOYEN | SCORE=4 | OBJETS=['person']
[21:42:20] ZONE=CAM_piste_aterisage | NIVEAU=MOYEN | SCORE=4 | OBJETS=['person']
[21:42:20] ZONE=CAM_piste_aterisage | NIVEAU=MOYEN | SCORE=4 | OBJETS=['person']
[21:42:21] ZONE=CAM_piste_aterisage | NIVEAU=MOYEN | SCORE=4 | OBJETS=['person']
[21:42:21] ZONE=CAM_piste_aterisage | NIVEAU=MOYEN | SCORE=4 | OBJETS=['person']
[21:42:21] ZONE=CAM_piste_aterisage | NIVEAU=MOYEN | SCORE=4 | OBJETS=['person']
[21:42:22] ZONE=CAM_piste_aterisage | NIVEAU=MOYEN | SCORE=4 | OBJETS=['person']
[21:42:22] ZONE=CAM_piste_aterisage | NIVEAU=MOYEN | SCORE=4 | OBJETS=['person']
[21:42:23] ZONE=CAM_piste_aterisage | NIVEAU=MOYEN | SCORE=4 | OBJETS=['person']
[21:42:23] ZONE=CAM_piste_aterisage | NIVEAU=MOYEN | SCORE=4 | OBJETS=['person']
[21:42:23] ZONE=CAM_piste_aterisage | NIVEAU=MOYEN | SCORE=4 | OBJETS=['person']
[21:42:24] ZONE=CAM_piste_aterisage | NIVEAU=MOYEN | SCORE=4 | OBJETS=['person']
[21:42:24] ZONE=CAM_piste_aterisage | NIVEAU=MOYEN | SCORE=4 | OBJETS=['person']
[21:42:24] ZONE=CAM_piste_aterisage | NIVEAU=MOYEN | SCORE=4 | OBJETS=['person']
[21:42:24] ZONE=CAM_piste_aterisage | NIVEAU=MOYEN | SCORE=4 | OBJETS=['person']
[21:42:25] ZONE=CAM_piste_aterisage | NIVEAU=MOYEN | SCORE=4 | OBJETS=['person']
[21:42:25] ZONE=CAM_piste_aterisage | NIVEAU=MOYEN | SCORE=4 | OBJETS=['person']
[21:42:25] ZONE=CAM_piste_aterisage | NIVEAU=MOYEN | SCORE=4 | OBJETS=['person']
[21:42:26] ZONE=CAM_piste_aterisage | NIVEAU=MOYEN | SCORE=4 | OBJETS=['person']
[21:42:26] ZONE=CAM_piste_aterisage | NIVEAU=MOYEN | SCORE=4 | OBJETS=['person']
[21:42:27] ZONE=CAM_piste_aterisage | NIVEAU=MOYEN | SCORE=4 | OBJETS=['person']
[21:42:27] ZONE=CAM_piste_aterisage | NIVEAU=MOYEN | SCORE=4 | OBJETS=['person']
[21:42:28] ZONE=CAM_piste_aterisage | NIVEAU=MOYEN | SCORE=4 | OBJETS=['person']
[21:42:28] ZONE=CAM_piste_aterisage | NIVEAU=MOYEN | SCORE=4 | OBJETS=['person']
[21:42:28] ZONE=CAM_piste_aterisage | NIVEAU=MOYEN | SCORE=4 | OBJETS=['person']
[21:42:29] ZONE=CAM_piste_aterisage | NIVEAU=MOYEN | SCORE=4 | OBJETS=['person']
[21:42:29] ZONE=CAM_piste_aterisage | NIVEAU=MOYEN | SCORE=4 | OBJETS=['person']
[21:42:30] ZONE=CAM_piste_aterisage | NIVEAU=MOYEN | SCORE=4 | OBJETS=['person']
[21:42:30] ZONE=CAM_piste_aterisage | NIVEAU=MOYEN | SCORE=4 | OBJETS=['person']
[21:42:30] ZONE=CAM_piste_aterisage | NIVEAU=MOYEN | SCORE=4 | OBJETS=['person']
[21:42:31] ZONE=CAM_piste_aterisage | NIVEAU=MOYEN | SCORE=4 | OBJETS=['person']
[21:42:31] ZONE=CAM_piste_aterisage | NIVEAU=MOYEN | SCORE=4 | OBJETS=['person']
[21:42:31] ZONE=CAM_piste_aterisage | NIVEAU=MOYEN | SCORE=4 | OBJETS=['person']
[21:42:32] ZONE=CAM_piste_aterisage | NIVEAU=MOYEN | SCORE=4 | OBJETS=['person']
[21:42:32] ZONE=CAM_piste_aterisage | NIVEAU=MOYEN | SCORE=4 | OBJETS=['person']
[21:42:32] ZONE=CAM_piste_aterisage | NIVEAU=MOYEN | SCORE=4 | OBJETS=['person']
[21:42:33] ZONE=CAM_piste_aterisage | NIVEAU=MOYEN | SCORE=4 | OBJETS=['person']
[21:42:33] ZONE=CAM_piste_aterisage | NIVEAU=MOYEN | SCORE=4 | OBJETS=['person']
[21:42:33] ZONE=CAM_piste_aterisage | NIVEAU=MOYEN | SCORE=4 | OBJETS=['person']
[21:42:33] ZONE=CAM_piste_aterisage | NIVEAU=MOYEN | SCORE=4 | OBJETS=['person']
[21:42:34] ZONE=CAM_piste_aterisage | NIVEAU=MOYEN | SCORE=4 | OBJETS=['person']
[21:42:34] ZONE=CAM_piste_aterisage | NIVEAU=MOYEN | SCORE=4 | OBJETS=['person']
[21:42:34] ZONE=CAM_piste_aterisage | NIVEAU=MOYEN | SCORE=4 | OBJETS=['person']
[21:42:35] ZONE=CAM_piste_aterisage | NIVEAU=MOYEN | SCORE=4 | OBJETS=['person']
[21:42:35] ZONE=CAM_piste_aterisage | NIVEAU=MOYEN | SCORE=4 | OBJETS=['person']
[21:42:35] ZONE=CAM_piste_aterisage | NIVEAU=MOYEN | SCORE=4 | OBJETS=['person']
[21:42:35] ZONE=CAM_piste_aterisage | NIVEAU=MOYEN | SCORE=4 | OBJETS=['person']
[21:42:36] ZONE=CAM_piste_aterisage | NIVEAU=MOYEN | SCORE=4 | OBJETS=['person']
[21:42:36] ZONE=CAM_piste_aterisage | NIVEAU=MOYEN | SCORE=4 | OBJETS=['person']
[21:42:36] ZONE=CAM_piste_aterisage | NIVEAU=MOYEN | SCORE=4 | OBJETS=['person']
[21:42:36] ZONE=CAM_piste_aterisage | NIVEAU=MOYEN | SCORE=4 | OBJETS=['person']
[21:42:37] ZONE=CAM_piste_aterisage | NIVEAU=MOYEN | SCORE=4 | OBJETS=['person']
[21:42:37] ZONE=CAM_piste_aterisage | NIVEAU=MOYEN | SCORE=4 | OBJETS=['person']
[21:42:37] ZONE=CAM_piste_aterisage | NIVEAU=MOYEN | SCORE=4 | OBJETS=['person']
[21:42:37] ZONE=CAM_piste_aterisage | NIVEAU=MOYEN | SCORE=4 | OBJETS=['person']
[21:42:38] ZONE=CAM_piste_aterisage | NIVEAU=MOYEN | SCORE=4 | OBJETS=['person']
[21:42:38] ZONE=CAM_piste_aterisage | NIVEAU=MOYEN | SCORE=4 | OBJETS=['person']
[21:42:38] ZONE=CAM_piste_aterisage | NIVEAU=MOYEN | SCORE=4 | OBJETS=['person']
[21:42:39] ZONE=CAM_piste_aterisage | NIVEAU=MOYEN | SCORE=4 | OBJETS=['person']
[21:42:39] ZONE=CAM_piste_aterisage | NIVEAU=MOYEN | SCORE=4 | OBJETS=['person']
[21:42:39] ZONE=CAM_piste_aterisage | NIVEAU=MOYEN | SCORE=4 | OBJETS=['person']
[21:42:39] ZONE=CAM_piste_aterisage | NIVEAU=MOYEN | SCORE=4 | OBJETS=['person']
[21:42:40] ZONE=CAM_piste_aterisage | NIVEAU=MOYEN | SCORE=4 | OBJETS=['person']
[21:42:40] ZONE=CAM_piste_aterisage | NIVEAU=MOYEN | SCORE=4 | OBJETS=['person']
[21:42:40] ZONE=CAM_piste_aterisage | NIVEAU=MOYEN | SCORE=4 | OBJETS=['person']
[21:42:41] ZONE=CAM_piste_aterisage | NIVEAU=MOYEN | SCORE=4 | OBJETS=['person']
[21:42:41] ZONE=CAM_piste_aterisage | NIVEAU=MOYEN | SCORE=4 | OBJETS=['person']
[21:42:41] ZONE=CAM_piste_aterisage | NIVEAU=MOYEN | SCORE=4 | OBJETS=['person']
[21:42:41] ZONE=CAM_piste_aterisage | NIVEAU=MOYEN | SCORE=4 | OBJETS=['person']
[21:42:42] ZONE=CAM_piste_aterisage | NIVEAU=MOYEN | SCORE=4 | OBJETS=['person']
[21:42:42] ZONE=CAM_piste_aterisage | NIVEAU=MOYEN | SCORE=4 | OBJETS=['person']
[21:42:42] ZONE=CAM_piste_aterisage | NIVEAU=MOYEN | SCORE=4 | OBJETS=['person']
[21:42:42] ZONE=CAM_piste_aterisage | NIVEAU=MOYEN | SCORE=4 | OBJETS=['person']
[21:42:43] ZONE=CAM_piste_aterisage | NIVEAU=MOYEN | SCORE=4 | OBJETS=['person']
[21:42:43] ZONE=CAM_piste_aterisage | NIVEAU=MOYEN | SCORE=4 | OBJETS=['person']
[21:42:44] ZONE=CAM_piste_aterisage | NIVEAU=MOYEN | SCORE=4 | OBJETS=['person']
[21:42:44] ZONE=CAM_piste_aterisage | NIVEAU=MOYEN | SCORE=4 | OBJETS=['person']
[21:42:44] ZONE=CAM_piste_aterisage | NIVEAU=MOYEN | SCORE=4 | OBJETS=['person']
[21:42:45] ZONE=CAM_piste_aterisage | NIVEAU=MOYEN | SCORE=4 | OBJETS=['person']
[21:43:17] ZONE=CAM_piste_aterisage | NIVEAU=MOYEN | SCORE=4 | OBJETS=['person']
[21:43:18] ZONE=CAM_piste_aterisage | NIVEAU=MOYEN | SCORE=4 | OBJETS=['person']
[21:43:18] ZONE=CAM_piste_aterisage | NIVEAU=MOYEN | SCORE=4 | OBJETS=['person']
[21:43:18] ZONE=CAM_piste_aterisage | NIVEAU=MOYEN | SCORE=4 | OBJETS=['person']
[21:43:19] ZONE=CAM_piste_aterisage | NIVEAU=MOYEN | SCORE=4 | OBJETS=['person']
[21:43:19] ZONE=CAM_piste_aterisage | NIVEAU=MOYEN | SCORE=4 | OBJETS=['person']
[21:43:19] ZONE=CAM_piste_aterisage | NIVEAU=MOYEN | SCORE=4 | OBJETS=['person']
[21:43:19] ZONE=CAM_piste_aterisage | NIVEAU=MOYEN | SCORE=4 | OBJETS=['person']
[21:43:20] ZONE=CAM_piste_aterisage | NIVEAU=MOYEN | SCORE=4 | OBJETS=['person']
[21:43:20] ZONE=CAM_piste_aterisage | NIVEAU=MOYEN | SCORE=4 | OBJETS=['person']
[21:43:20] ZONE=CAM_piste_aterisage | NIVEAU=MOYEN | SCORE=4 | OBJETS=['person']
[21:43:21] ZONE=CAM_piste_aterisage | NIVEAU=MOYEN | SCORE=4 | OBJETS=['person']
[21:43:21] ZONE=CAM_piste_aterisage | NIVEAU=MOYEN | SCORE=4 | OBJETS=['person']
[21:43:21] ZONE=CAM_piste_aterisage | NIVEAU=MOYEN | SCORE=4 | OBJETS=['person']
[21:43:22] ZONE=CAM_piste_aterisage | NIVEAU=MOYEN | SCORE=4 | OBJETS=['person']
[21:43:22] ZONE=CAM_piste_aterisage | NIVEAU=MOYEN | SCORE=4 | OBJETS=['person']
[21:43:22] ZONE=CAM_piste_aterisage | NIVEAU=MOYEN | SCORE=4 | OBJETS=['person']
[21:43:23] ZONE=CAM_piste_aterisage | NIVEAU=MOYEN | SCORE=4 | OBJETS=['person']
[21:43:23] ZONE=CAM_piste_aterisage | NIVEAU=MOYEN | SCORE=4 | OBJETS=['person']
[21:43:23] ZONE=CAM_piste_aterisage | NIVEAU=MOYEN | SCORE=4 | OBJETS=['person']
[21:43:24] ZONE=CAM_piste_aterisage | NIVEAU=MOYEN | SCORE=4 | OBJETS=['person']
[21:43:24] ZONE=CAM_piste_aterisage | NIVEAU=MOYEN | SCORE=4 | OBJETS=['person']
[21:43:25] ZONE=CAM_piste_aterisage | NIVEAU=MOYEN | SCORE=4 | OBJETS=['person']
[21:43:25] ZONE=CAM_piste_aterisage | NIVEAU=MOYEN | SCORE=4 | OBJETS=['person']
[21:43:26] ZONE=CAM_piste_aterisage | NIVEAU=MOYEN | SCORE=4 | OBJETS=['person']
[21:43:26] ZONE=CAM_piste_aterisage | NIVEAU=MOYEN | SCORE=4 | OBJETS=['person']
[21:43:27] ZONE=CAM_piste_aterisage | NIVEAU=MOYEN | SCORE=4 | OBJETS=['person']
[21:43:27] ZONE=CAM_piste_aterisage | NIVEAU=MOYEN | SCORE=4 | OBJETS=['person']
[21:43:27] ZONE=CAM_piste_aterisage | NIVEAU=MOYEN | SCORE=4 | OBJETS=['person']
[21:43:28] ZONE=CAM_piste_aterisage | NIVEAU=MOYEN | SCORE=4 | OBJETS=['person']
[21:43:28] ZONE=CAM_piste_aterisage | NIVEAU=MOYEN | SCORE=4 | OBJETS=['person']
[21:43:28] ZONE=CAM_piste_aterisage | NIVEAU=MOYEN | SCORE=4 | OBJETS=['person']
[21:43:29] ZONE=CAM_piste_aterisage | NIVEAU=MOYEN | SCORE=4 | OBJETS=['person']
[21:43:29] ZONE=CAM_piste_aterisage | NIVEAU=MOYEN | SCORE=4 | OBJETS=['person']
[21:43:29] ZONE=CAM_piste_aterisage | NIVEAU=MOYEN | SCORE=4 | OBJETS=['person']
[21:43:30] ZONE=CAM_piste_aterisage | NIVEAU=MOYEN | SCORE=4 | OBJETS=['person']
[21:43:30] ZONE=CAM_piste_aterisage | NIVEAU=MOYEN | SCORE=4 | OBJETS=['person']
[21:43:30] ZONE=CAM_piste_aterisage | NIVEAU=MOYEN | SCORE=4 | OBJETS=['person']
[21:43:31] ZONE=CAM_piste_aterisage | NIVEAU=MOYEN | SCORE=4 | OBJETS=['person']
[21:43:31] ZONE=CAM_piste_aterisage | NIVEAU=MOYEN | SCORE=4 | OBJETS=['person']
[21:43:31] ZONE=CAM_piste_aterisage | NIVEAU=MOYEN | SCORE=4 | OBJETS=['person']
[21:43:31] ZONE=CAM_piste_aterisage | NIVEAU=MOYEN | SCORE=4 | OBJETS=['person']
[21:43:32] ZONE=CAM_piste_aterisage | NIVEAU=MOYEN | SCORE=4 | OBJETS=['person']
[21:43:32] ZONE=CAM_piste_aterisage | NIVEAU=MOYEN | SCORE=4 | OBJETS=['person']
[21:43:32] ZONE=CAM_piste_aterisage | NIVEAU=MOYEN | SCORE=4 | OBJETS=['person']
[21:43:33] ZONE=CAM_piste_aterisage | NIVEAU=MOYEN | SCORE=4 | OBJETS=['person']
[21:43:33] ZONE=CAM_piste_aterisage | NIVEAU=MOYEN | SCORE=4 | OBJETS=['person']
[21:43:33] ZONE=CAM_piste_aterisage | NIVEAU=MOYEN | SCORE=4 | OBJETS=['person']
[21:43:33] ZONE=CAM_piste_aterisage | NIVEAU=MOYEN | SCORE=4 | OBJETS=['person']
[21:43:34] ZONE=CAM_piste_aterisage | NIVEAU=MOYEN | SCORE=4 | OBJETS=['person']
[21:43:34] ZONE=CAM_piste_aterisage | NIVEAU=MOYEN | SCORE=4 | OBJETS=['person']
[21:43:34] ZONE=CAM_piste_aterisage | NIVEAU=MOYEN | SCORE=4 | OBJETS=['person']
[21:43:35] ZONE=CAM_piste_aterisage | NIVEAU=MOYEN | SCORE=4 | OBJETS=['person']
[21:43:35] ZONE=CAM_piste_aterisage | NIVEAU=MOYEN | SCORE=4 | OBJETS=['person']
[21:43:35] ZONE=CAM_piste_aterisage | NIVEAU=MOYEN | SCORE=4 | OBJETS=['person']
[21:43:36] ZONE=CAM_piste_aterisage | NIVEAU=MOYEN | SCORE=4 | OBJETS=['person']
[21:43:36] ZONE=CAM_piste_aterisage | NIVEAU=MOYEN | SCORE=4 | OBJETS=['person']
[21:43:36] ZONE=CAM_piste_aterisage | NIVEAU=MOYEN | SCORE=4 | OBJETS=['person']
[21:43:37] ZONE=CAM_piste_aterisage | NIVEAU=MOYEN | SCORE=4 | OBJETS=['person']
[21:43:37] ZONE=CAM_piste_aterisage | NIVEAU=MOYEN | SCORE=4 | OBJETS=['person']
[21:43:37] ZONE=CAM_piste_aterisage | NIVEAU=MOYEN | SCORE=4 | OBJETS=['person']
[21:43:38] ZONE=CAM_piste_aterisage | NIVEAU=MOYEN | SCORE=4 | OBJETS=['person']
[21:43:38] ZONE=CAM_piste_aterisage | NIVEAU=MOYEN | SCORE=4 | OBJETS=['person']
[21:43:38] ZONE=CAM_piste_aterisage | NIVEAU=MOYEN | SCORE=4 | OBJETS=['person']
[21:43:39] ZONE=CAM_piste_aterisage | NIVEAU=MOYEN | SCORE=5 | OBJETS=['person', 'suitcase']
[21:43:39] ZONE=CAM_piste_aterisage | NIVEAU=MOYEN | SCORE=4 | OBJETS=['person']
[21:43:39] ZONE=CAM_piste_aterisage | NIVEAU=MOYEN | SCORE=4 | OBJETS=['person']
[21:43:39] ZONE=CAM_piste_aterisage | NIVEAU=MOYEN | SCORE=4 | OBJETS=['person']
[21:43:40] ZONE=CAM_piste_aterisage | NIVEAU=MOYEN | SCORE=4 | OBJETS=['person']
[21:43:40] ZONE=CAM_piste_aterisage | NIVEAU=MOYEN | SCORE=4 | OBJETS=['person']
[21:43:40] ZONE=CAM_piste_aterisage | NIVEAU=MOYEN | SCORE=4 | OBJETS=['person']
[21:43:41] ZONE=CAM_piste_aterisage | NIVEAU=MOYEN | SCORE=4 | OBJETS=['person']
[21:43:41] ZONE=CAM_piste_aterisage | NIVEAU=MOYEN | SCORE=5 | OBJETS=['person', 'suitcase']
[21:43:41] ZONE=CAM_piste_aterisage | NIVEAU=MOYEN | SCORE=5 | OBJETS=['person', 'suitcase']
[21:43:42] ZONE=CAM_piste_aterisage | NIVEAU=MOYEN | SCORE=4 | OBJETS=['person']
[21:43:42] ZONE=CAM_piste_aterisage | NIVEAU=MOYEN | SCORE=4 | OBJETS=['person']
[21:43:42] ZONE=CAM_piste_aterisage | NIVEAU=MOYEN | SCORE=4 | OBJETS=['person']
[21:43:43] ZONE=CAM_piste_aterisage | NIVEAU=MOYEN | SCORE=4 | OBJETS=['person']
[21:43:43] ZONE=CAM_piste_aterisage | NIVEAU=MOYEN | SCORE=4 | OBJETS=['person']
[21:43:43] ZONE=CAM_piste_aterisage | NIVEAU=MOYEN | SCORE=4 | OBJETS=['person']
[21:43:43] ZONE=CAM_piste_aterisage | NIVEAU=MOYEN | SCORE=4 | OBJETS=['person']
[21:43:44] ZONE=CAM_piste_aterisage | NIVEAU=MOYEN | SCORE=4 | OBJETS=['person']
[21:43:44] ZONE=CAM_piste_aterisage | NIVEAU=MOYEN | SCORE=4 | OBJETS=['person']
[21:43:44] ZONE=CAM_piste_aterisage | NIVEAU=MOYEN | SCORE=4 | OBJETS=['person']
[21:43:44] ZONE=CAM_piste_aterisage | NIVEAU=MOYEN | SCORE=4 | OBJETS=['person']
[21:43:45] ZONE=CAM_piste_aterisage | NIVEAU=MOYEN | SCORE=4 | OBJETS=['person']
[21:43:45] ZONE=CAM_piste_aterisage | NIVEAU=MOYEN | SCORE=4 | OBJETS=['person']
[21:43:45] ZONE=CAM_piste_aterisage | NIVEAU=MOYEN | SCORE=4 | OBJETS=['person']
[21:43:46] ZONE=CAM_piste_aterisage | NIVEAU=MOYEN | SCORE=4 | OBJETS=['person']
[21:43:46] ZONE=CAM_piste_aterisage | NIVEAU=MOYEN | SCORE=4 | OBJETS=['person']
[21:43:46] ZONE=CAM_piste_aterisage | NIVEAU=MOYEN | SCORE=4 | OBJETS=['person']
[21:43:47] ZONE=CAM_piste_aterisage | NIVEAU=MOYEN | SCORE=4 | OBJETS=['person']
[21:43:47] ZONE=CAM_piste_aterisage | NIVEAU=MOYEN | SCORE=4 | OBJETS=['person']
[21:43:47] ZONE=CAM_piste_aterisage | NIVEAU=MOYEN | SCORE=4 | OBJETS=['person']
[21:43:48] ZONE=CAM_piste_aterisage | NIVEAU=MOYEN | SCORE=4 | OBJETS=['person']
[21:43:48] ZONE=CAM_piste_aterisage | NIVEAU=MOYEN | SCORE=4 | OBJETS=['person']
[21:43:48] ZONE=CAM_piste_aterisage | NIVEAU=MOYEN | SCORE=4 | OBJETS=['person']
[21:43:48] ZONE=CAM_piste_aterisage | NIVEAU=MOYEN | SCORE=4 | OBJETS=['person']
[21:43:49] ZONE=CAM_piste_aterisage | NIVEAU=MOYEN | SCORE=4 | OBJETS=['person']
[21:43:49] ZONE=CAM_piste_aterisage | NIVEAU=MOYEN | SCORE=4 | OBJETS=['person']
[21:43:49] ZONE=CAM_piste_aterisage | NIVEAU=MOYEN | SCORE=4 | OBJETS=['person']
[21:43:50] ZONE=CAM_piste_aterisage | NIVEAU=MOYEN | SCORE=4 | OBJETS=['person']
[21:43:50] ZONE=CAM_piste_aterisage | NIVEAU=MOYEN | SCORE=4 | OBJETS=['person']
[21:43:50] ZONE=CAM_piste_aterisage | NIVEAU=MOYEN | SCORE=4 | OBJETS=['person']
[21:43:50] ZONE=CAM_piste_aterisage | NIVEAU=MOYEN | SCORE=4 | OBJETS=['person']
[21:43:51] ZONE=CAM_piste_aterisage | NIVEAU=MOYEN | SCORE=4 | OBJETS=['person']
[21:43:51] ZONE=CAM_piste_aterisage | NIVEAU=MOYEN | SCORE=4 | OBJETS=['person']
[21:43:51] ZONE=CAM_piste_aterisage | NIVEAU=MOYEN | SCORE=4 | OBJETS=['person']
[21:43:52] ZONE=CAM_piste_aterisage | NIVEAU=MOYEN | SCORE=4 | OBJETS=['person']
[21:43:52] ZONE=CAM_piste_aterisage | NIVEAU=MOYEN | SCORE=4 | OBJETS=['person']
[21:43:52] ZONE=CAM_piste_aterisage | NIVEAU=MOYEN | SCORE=4 | OBJETS=['person']
[21:43:53] ZONE=CAM_piste_aterisage | NIVEAU=MOYEN | SCORE=4 | OBJETS=['person']
[21:43:53] ZONE=CAM_piste_aterisage | NIVEAU=MOYEN | SCORE=4 | OBJETS=['person']
[21:43:53] ZONE=CAM_piste_aterisage | NIVEAU=MOYEN | SCORE=4 | OBJETS=['person']
[21:43:53] ZONE=CAM_piste_aterisage | NIVEAU=MOYEN | SCORE=4 | OBJETS=['person']
[21:43:54] ZONE=CAM_piste_aterisage | NIVEAU=MOYEN | SCORE=4 | OBJETS=['person']
[21:43:54] ZONE=CAM_piste_aterisage | NIVEAU=MOYEN | SCORE=4 | OBJETS=['person']
[21:43:54] ZONE=CAM_piste_aterisage | NIVEAU=MOYEN | SCORE=4 | OBJETS=['person']
[21:43:54] ZONE=CAM_piste_aterisage | NIVEAU=MOYEN | SCORE=4 | OBJETS=['person']
[21:43:55] ZONE=CAM_piste_aterisage | NIVEAU=MOYEN | SCORE=4 | OBJETS=['person']
[21:43:55] ZONE=CAM_piste_aterisage | NIVEAU=MOYEN | SCORE=4 | OBJETS=['person']
[21:43:55] ZONE=CAM_piste_aterisage | NIVEAU=MOYEN | SCORE=4 | OBJETS=['person']
[21:43:55] ZONE=CAM_piste_aterisage | NIVEAU=MOYEN | SCORE=4 | OBJETS=['person']
[21:43:56] ZONE=CAM_piste_aterisage | NIVEAU=MOYEN | SCORE=4 | OBJETS=['person']
[21:43:56] ZONE=CAM_piste_aterisage | NIVEAU=MOYEN | SCORE=4 | OBJETS=['person']
[21:43:56] ZONE=CAM_piste_aterisage | NIVEAU=MOYEN | SCORE=4 | OBJETS=['person']
[21:43:56] ZONE=CAM_piste_aterisage | NIVEAU=MOYEN | SCORE=4 | OBJETS=['person']
[21:43:56] ZONE=CAM_piste_aterisage | NIVEAU=MOYEN | SCORE=4 | OBJETS=['person']
[21:43:57] ZONE=CAM_piste_aterisage | NIVEAU=MOYEN | SCORE=4 | OBJETS=['person']
[21:43:57] ZONE=CAM_piste_aterisage | NIVEAU=MOYEN | SCORE=4 | OBJETS=['person']
[21:43:57] ZONE=CAM_piste_aterisage | NIVEAU=MOYEN | SCORE=4 | OBJETS=['person']
[21:43:57] ZONE=CAM_piste_aterisage | NIVEAU=MOYEN | SCORE=4 | OBJETS=['person']
[21:43:58] ZONE=CAM_piste_aterisage | NIVEAU=MOYEN | SCORE=4 | OBJETS=['person']
[21:43:58] ZONE=CAM_piste_aterisage | NIVEAU=MOYEN | SCORE=4 | OBJETS=['person']
[21:43:58] ZONE=CAM_piste_aterisage | NIVEAU=MOYEN | SCORE=4 | OBJETS=['person']
[21:43:58] ZONE=CAM_piste_aterisage | NIVEAU=MOYEN | SCORE=4 | OBJETS=['person']
[21:43:59] ZONE=CAM_piste_aterisage | NIVEAU=MOYEN | SCORE=4 | OBJETS=['person']
[21:43:59] ZONE=CAM_piste_aterisage | NIVEAU=MOYEN | SCORE=4 | OBJETS=['person']
[21:43:59] ZONE=CAM_piste_aterisage | NIVEAU=MOYEN | SCORE=4 | OBJETS=['person']
[21:44:00] ZONE=CAM_piste_aterisage | NIVEAU=MOYEN | SCORE=4 | OBJETS=['person']
[21:44:00] ZONE=CAM_piste_aterisage | NIVEAU=MOYEN | SCORE=4 | OBJETS=['person']
[21:44:00] ZONE=CAM_piste_aterisage | NIVEAU=MOYEN | SCORE=4 | OBJETS=['person']
[21:44:01] ZONE=CAM_piste_aterisage | NIVEAU=MOYEN | SCORE=4 | OBJETS=['person']
[21:44:01] ZONE=CAM_piste_aterisage | NIVEAU=MOYEN | SCORE=4 | OBJETS=['person']
[21:44:01] ZONE=CAM_piste_aterisage | NIVEAU=MOYEN | SCORE=4 | OBJETS=['person']
[21:44:01] ZONE=CAM_piste_aterisage | NIVEAU=MOYEN | SCORE=4 | OBJETS=['person']
[21:44:02] ZONE=CAM_piste_aterisage | NIVEAU=MOYEN | SCORE=4 | OBJETS=['person']
[21:44:02] ZONE=CAM_piste_aterisage | NIVEAU=MOYEN | SCORE=4 | OBJETS=['person']
[21:44:02] ZONE=CAM_piste_aterisage | NIVEAU=MOYEN | SCORE=4 | OBJETS=['person']
[21:44:03] ZONE=CAM_piste_aterisage | NIVEAU=MOYEN | SCORE=4 | OBJETS=['person']
[21:44:03] ZONE=CAM_piste_aterisage | NIVEAU=MOYEN | SCORE=4 | OBJETS=['person']
[21:44:03] ZONE=CAM_piste_aterisage | NIVEAU=MOYEN | SCORE=4 | OBJETS=['person']
[21:44:03] ZONE=CAM_piste_aterisage | NIVEAU=MOYEN | SCORE=4 | OBJETS=['person']
[21:44:04] ZONE=CAM_piste_aterisage | NIVEAU=MOYEN | SCORE=4 | OBJETS=['person']
[21:44:04] ZONE=CAM_piste_aterisage | NIVEAU=MOYEN | SCORE=4 | OBJETS=['person']
[21:44:04] ZONE=CAM_piste_aterisage | NIVEAU=MOYEN | SCORE=5 | OBJETS=['person', 'handbag']
[21:44:04] ZONE=CAM_piste_aterisage | NIVEAU=MOYEN | SCORE=5 | OBJETS=['person', 'handbag']
[21:44:05] ZONE=CAM_piste_aterisage | NIVEAU=MOYEN | SCORE=5 | OBJETS=['person', 'handbag']
[21:44:05] ZONE=CAM_piste_aterisage | NIVEAU=MOYEN | SCORE=5 | OBJETS=['person', 'handbag']
[21:44:05] ZONE=CAM_piste_aterisage | NIVEAU=MOYEN | SCORE=4 | OBJETS=['person']
[21:44:05] ZONE=CAM_piste_aterisage | NIVEAU=MOYEN | SCORE=4 | OBJETS=['person']
[21:44:06] ZONE=CAM_piste_aterisage | NIVEAU=MOYEN | SCORE=4 | OBJETS=['person']
[21:44:06] ZONE=CAM_piste_aterisage | NIVEAU=MOYEN | SCORE=4 | OBJETS=['person']
[21:44:06] ZONE=CAM_piste_aterisage | NIVEAU=MOYEN | SCORE=4 | OBJETS=['person']
[21:44:06] ZONE=CAM_piste_aterisage | NIVEAU=MOYEN | SCORE=4 | OBJETS=['person']
[21:44:07] ZONE=CAM_piste_aterisage | NIVEAU=MOYEN | SCORE=4 | OBJETS=['person']
[21:44:07] ZONE=CAM_piste_aterisage | NIVEAU=MOYEN | SCORE=4 | OBJETS=['person']
[21:44:07] ZONE=CAM_piste_aterisage | NIVEAU=MOYEN | SCORE=4 | OBJETS=['person']
[21:44:07] ZONE=CAM_piste_aterisage | NIVEAU=MOYEN | SCORE=4 | OBJETS=['person']
[21:44:08] ZONE=CAM_piste_aterisage | NIVEAU=MOYEN | SCORE=4 | OBJETS=['person']
[21:44:08] ZONE=CAM_piste_aterisage | NIVEAU=MOYEN | SCORE=4 | OBJETS=['person']
[21:44:08] ZONE=CAM_piste_aterisage | NIVEAU=MOYEN | SCORE=4 | OBJETS=['person']
[21:44:08] ZONE=CAM_piste_aterisage | NIVEAU=MOYEN | SCORE=4 | OBJETS=['person']
[21:44:09] ZONE=CAM_piste_aterisage | NIVEAU=MOYEN | SCORE=4 | OBJETS=['person']
[21:44:09] ZONE=CAM_piste_aterisage | NIVEAU=MOYEN | SCORE=4 | OBJETS=['person']
[21:44:09] ZONE=CAM_piste_aterisage | NIVEAU=MOYEN | SCORE=4 | OBJETS=['person']
[21:44:10] ZONE=CAM_piste_aterisage | NIVEAU=MOYEN | SCORE=4 | OBJETS=['person']
[21:44:10] ZONE=CAM_piste_aterisage | NIVEAU=MOYEN | SCORE=4 | OBJETS=['person']
[21:44:10] ZONE=CAM_piste_aterisage | NIVEAU=MOYEN | SCORE=4 | OBJETS=['person']
[21:44:11] ZONE=CAM_piste_aterisage | NIVEAU=MOYEN | SCORE=4 | OBJETS=['person']
[21:44:11] ZONE=CAM_piste_aterisage | NIVEAU=MOYEN | SCORE=4 | OBJETS=['person']
[21:44:12] ZONE=CAM_piste_aterisage | NIVEAU=MOYEN | SCORE=4 | OBJETS=['person']
[21:44:12] ZONE=CAM_piste_aterisage | NIVEAU=MOYEN | SCORE=4 | OBJETS=['person']
[21:44:12] ZONE=CAM_piste_aterisage | NIVEAU=MOYEN | SCORE=4 | OBJETS=['person']
[21:44:13] ZONE=CAM_piste_aterisage | NIVEAU=MOYEN | SCORE=4 | OBJETS=['person']
[21:44:13] ZONE=CAM_piste_aterisage | NIVEAU=MOYEN | SCORE=4 | OBJETS=['person']
[21:44:13] ZONE=CAM_piste_aterisage | NIVEAU=MOYEN | SCORE=4 | OBJETS=['person']
[21:44:14] ZONE=CAM_piste_aterisage | NIVEAU=MOYEN | SCORE=4 | OBJETS=['person']
[21:44:14] ZONE=CAM_piste_aterisage | NIVEAU=MOYEN | SCORE=4 | OBJETS=['person']
[21:44:14] ZONE=CAM_piste_aterisage | NIVEAU=MOYEN | SCORE=4 | OBJETS=['person']
[21:44:15] ZONE=CAM_piste_aterisage | NIVEAU=MOYEN | SCORE=4 | OBJETS=['person']
[21:44:15] ZONE=CAM_piste_aterisage | NIVEAU=MOYEN | SCORE=4 | OBJETS=['person']
[21:44:16] ZONE=CAM_piste_aterisage | NIVEAU=MOYEN | SCORE=4 | OBJETS=['person']
[21:44:16] ZONE=CAM_piste_aterisage | NIVEAU=MOYEN | SCORE=4 | OBJETS=['person']
[21:44:17] ZONE=CAM_piste_aterisage | NIVEAU=MOYEN | SCORE=4 | OBJETS=['person']
[21:44:17] ZONE=CAM_piste_aterisage | NIVEAU=MOYEN | SCORE=4 | OBJETS=['person']
[21:44:18] ZONE=CAM_piste_aterisage | NIVEAU=MOYEN | SCORE=4 | OBJETS=['person']
[21:44:18] ZONE=CAM_piste_aterisage | NIVEAU=MOYEN | SCORE=4 | OBJETS=['person']
[21:44:19] ZONE=CAM_piste_aterisage | NIVEAU=MOYEN | SCORE=4 | OBJETS=['person']
[21:44:19] ZONE=CAM_piste_aterisage | NIVEAU=MOYEN | SCORE=4 | OBJETS=['person']
[21:44:20] ZONE=CAM_piste_aterisage | NIVEAU=MOYEN | SCORE=4 | OBJETS=['person']
[21:44:20] ZONE=CAM_piste_aterisage | NIVEAU=MOYEN | SCORE=4 | OBJETS=['person']
[21:44:20] ZONE=CAM_piste_aterisage | NIVEAU=MOYEN | SCORE=4 | OBJETS=['person']
[21:44:21] ZONE=CAM_piste_aterisage | NIVEAU=MOYEN | SCORE=4 | OBJETS=['person']
[21:44:21] ZONE=CAM_piste_aterisage | NIVEAU=MOYEN | SCORE=4 | OBJETS=['person']
[21:44:22] ZONE=CAM_piste_aterisage | NIVEAU=MOYEN | SCORE=4 | OBJETS=['person']
[21:44:22] ZONE=CAM_piste_aterisage | NIVEAU=MOYEN | SCORE=4 | OBJETS=['person']
[21:44:23] ZONE=CAM_piste_aterisage | NIVEAU=MOYEN | SCORE=4 | OBJETS=['person']
[21:44:23] ZONE=CAM_piste_aterisage | NIVEAU=MOYEN | SCORE=4 | OBJETS=['truck']
[21:44:23] ZONE=CAM_piste_aterisage | NIVEAU=MOYEN | SCORE=4 | OBJETS=['truck']
[21:44:24] ZONE=CAM_piste_aterisage | NIVEAU=MOYEN | SCORE=4 | OBJETS=['truck']
[21:44:24] ZONE=CAM_piste_aterisage | NIVEAU=MOYEN | SCORE=4 | OBJETS=['truck']
[21:44:24] ZONE=CAM_piste_aterisage | NIVEAU=MOYEN | SCORE=4 | OBJETS=['truck']
[21:44:24] ZONE=CAM_piste_aterisage | NIVEAU=MOYEN | SCORE=4 | OBJETS=['truck']
[21:44:25] ZONE=CAM_piste_aterisage | NIVEAU=MOYEN | SCORE=4 | OBJETS=['truck']
[21:44:25] ZONE=CAM_piste_aterisage | NIVEAU=MOYEN | SCORE=4 | OBJETS=['truck']
[21:44:25] ZONE=CAM_piste_aterisage | NIVEAU=MOYEN | SCORE=4 | OBJETS=['truck']
[21:44:25] ZONE=CAM_piste_aterisage | NIVEAU=MOYEN | SCORE=4 | OBJETS=['truck']
[21:44:26] ZONE=CAM_piste_aterisage | NIVEAU=MOYEN | SCORE=4 | OBJETS=['truck']
[21:44:26] ZONE=CAM_piste_aterisage | NIVEAU=MOYEN | SCORE=4 | OBJETS=['truck']
[21:44:26] ZONE=CAM_piste_aterisage | NIVEAU=MOYEN | SCORE=4 | OBJETS=['truck']
[21:44:27] ZONE=CAM_piste_aterisage | NIVEAU=MOYEN | SCORE=4 | OBJETS=['truck']
[21:44:27] ZONE=CAM_piste_aterisage | NIVEAU=MOYEN | SCORE=4 | OBJETS=['truck']
[21:44:27] ZONE=CAM_piste_aterisage | NIVEAU=MOYEN | SCORE=4 | OBJETS=['truck']
[21:44:28] ZONE=CAM_piste_aterisage | NIVEAU=MOYEN | SCORE=4 | OBJETS=['truck']
[21:44:28] ZONE=CAM_piste_aterisage | NIVEAU=MOYEN | SCORE=4 | OBJETS=['truck']
[21:44:28] ZONE=CAM_piste_aterisage | NIVEAU=MOYEN | SCORE=4 | OBJETS=['truck']
[21:44:29] ZONE=CAM_piste_aterisage | NIVEAU=MOYEN | SCORE=4 | OBJETS=['truck']
[21:44:29] ZONE=CAM_piste_aterisage | NIVEAU=MOYEN | SCORE=4 | OBJETS=['truck']
[21:44:29] ZONE=CAM_piste_aterisage | NIVEAU=MOYEN | SCORE=4 | OBJETS=['truck']
[21:44:30] ZONE=CAM_piste_aterisage | NIVEAU=MOYEN | SCORE=4 | OBJETS=['truck']
[21:44:30] ZONE=CAM_piste_aterisage | NIVEAU=MOYEN | SCORE=4 | OBJETS=['truck']
[21:44:30] ZONE=CAM_piste_aterisage | NIVEAU=MOYEN | SCORE=4 | OBJETS=['truck']
[21:44:31] ZONE=CAM_piste_aterisage | NIVEAU=MOYEN | SCORE=4 | OBJETS=['truck']
[21:44:31] ZONE=CAM_piste_aterisage | NIVEAU=MOYEN | SCORE=4 | OBJETS=['truck']
[21:44:31] ZONE=CAM_piste_aterisage | NIVEAU=MOYEN | SCORE=4 | OBJETS=['truck']
[21:44:32] ZONE=CAM_piste_aterisage | NIVEAU=MOYEN | SCORE=4 | OBJETS=['truck']
[21:44:32] ZONE=CAM_piste_aterisage | NIVEAU=MOYEN | SCORE=4 | OBJETS=['truck']
[21:44:32] ZONE=CAM_piste_aterisage | NIVEAU=MOYEN | SCORE=4 | OBJETS=['truck']
[21:44:33] ZONE=CAM_piste_aterisage | NIVEAU=MOYEN | SCORE=4 | OBJETS=['truck']
[21:44:33] ZONE=CAM_piste_aterisage | NIVEAU=MOYEN | SCORE=4 | OBJETS=['truck']
[21:44:33] ZONE=CAM_piste_aterisage | NIVEAU=MOYEN | SCORE=4 | OBJETS=['truck']
[21:44:34] ZONE=CAM_piste_aterisage | NIVEAU=MOYEN | SCORE=4 | OBJETS=['truck']
[21:44:34] ZONE=CAM_piste_aterisage | NIVEAU=MOYEN | SCORE=4 | OBJETS=['truck']
[21:44:34] ZONE=CAM_piste_aterisage | NIVEAU=MOYEN | SCORE=4 | OBJETS=['truck']
[21:44:34] ZONE=CAM_piste_aterisage | NIVEAU=MOYEN | SCORE=4 | OBJETS=['truck']
[21:44:35] ZONE=CAM_piste_aterisage | NIVEAU=MOYEN | SCORE=4 | OBJETS=['truck']
[21:44:35] ZONE=CAM_piste_aterisage | NIVEAU=MOYEN | SCORE=4 | OBJETS=['truck']
[21:44:35] ZONE=CAM_piste_aterisage | NIVEAU=MOYEN | SCORE=4 | OBJETS=['truck']
[21:44:35] ZONE=CAM_piste_aterisage | NIVEAU=MOYEN | SCORE=4 | OBJETS=['truck']
[21:44:36] ZONE=CAM_piste_aterisage | NIVEAU=MOYEN | SCORE=4 | OBJETS=['truck']
[21:44:36] ZONE=CAM_piste_aterisage | NIVEAU=MOYEN | SCORE=4 | OBJETS=['truck']
[21:44:36] ZONE=CAM_piste_aterisage | NIVEAU=MOYEN | SCORE=4 | OBJETS=['truck']
[21:44:37] ZONE=CAM_piste_aterisage | NIVEAU=MOYEN | SCORE=4 | OBJETS=['truck']
[21:44:37] ZONE=CAM_piste_aterisage | NIVEAU=MOYEN | SCORE=4 | OBJETS=['truck']
[21:44:38] ZONE=CAM_piste_aterisage | NIVEAU=MOYEN | SCORE=4 | OBJETS=['truck']
[21:44:38] ZONE=CAM_piste_aterisage | NIVEAU=MOYEN | SCORE=4 | OBJETS=['truck']
[21:44:38] ZONE=CAM_piste_aterisage | NIVEAU=MOYEN | SCORE=4 | OBJETS=['truck']
[21:44:38] ZONE=CAM_piste_aterisage | NIVEAU=MOYEN | SCORE=4 | OBJETS=['truck']
[21:44:39] ZONE=CAM_piste_aterisage | NIVEAU=MOYEN | SCORE=4 | OBJETS=['truck']
[21:44:39] ZONE=CAM_piste_aterisage | NIVEAU=MOYEN | SCORE=4 | OBJETS=['truck']
[21:44:39] ZONE=CAM_piste_aterisage | NIVEAU=MOYEN | SCORE=4 | OBJETS=['truck']
[21:44:39] ZONE=CAM_piste_aterisage | NIVEAU=MOYEN | SCORE=4 | OBJETS=['truck']
[21:44:40] ZONE=CAM_piste_aterisage | NIVEAU=MOYEN | SCORE=4 | OBJETS=['truck']
[21:44:40] ZONE=CAM_piste_aterisage | NIVEAU=MOYEN | SCORE=4 | OBJETS=['truck']
[21:44:40] ZONE=CAM_piste_aterisage | NIVEAU=MOYEN | SCORE=4 | OBJETS=['truck']
[21:44:41] ZONE=CAM_piste_aterisage | NIVEAU=MOYEN | SCORE=4 | OBJETS=['truck']
[21:44:41] ZONE=CAM_piste_aterisage | NIVEAU=MOYEN | SCORE=4 | OBJETS=['truck']
[21:44:41] ZONE=CAM_piste_aterisage | NIVEAU=MOYEN | SCORE=4 | OBJETS=['truck']
[21:44:41] ZONE=CAM_piste_aterisage | NIVEAU=MOYEN | SCORE=4 | OBJETS=['truck']
[21:44:42] ZONE=CAM_piste_aterisage | NIVEAU=MOYEN | SCORE=4 | OBJETS=['truck']
[21:44:42] ZONE=CAM_piste_aterisage | NIVEAU=MOYEN | SCORE=4 | OBJETS=['truck']
[21:44:42] ZONE=CAM_piste_aterisage | NIVEAU=MOYEN | SCORE=4 | OBJETS=['truck']
[21:44:43] ZONE=CAM_piste_aterisage | NIVEAU=MOYEN | SCORE=4 | OBJETS=['truck']
[21:44:43] ZONE=CAM_piste_aterisage | NIVEAU=MOYEN | SCORE=4 | OBJETS=['truck']
[21:44:43] ZONE=CAM_piste_aterisage | NIVEAU=MOYEN | SCORE=4 | OBJETS=['truck']
[21:44:43] ZONE=CAM_piste_aterisage | NIVEAU=MOYEN | SCORE=4 | OBJETS=['truck']
[21:44:44] ZONE=CAM_piste_aterisage | NIVEAU=MOYEN | SCORE=4 | OBJETS=['truck']
[21:44:44] ZONE=CAM_piste_aterisage | NIVEAU=MOYEN | SCORE=4 | OBJETS=['truck']
[21:44:44] ZONE=CAM_piste_aterisage | NIVEAU=MOYEN | SCORE=4 | OBJETS=['truck']
[21:44:44] ZONE=CAM_piste_aterisage | NIVEAU=MOYEN | SCORE=4 | OBJETS=['truck']
[21:44:45] ZONE=CAM_piste_aterisage | NIVEAU=MOYEN | SCORE=4 | OBJETS=['truck']
[21:44:45] ZONE=CAM_piste_aterisage | NIVEAU=MOYEN | SCORE=4 | OBJETS=['truck']
[21:44:45] ZONE=CAM_piste_aterisage | NIVEAU=MOYEN | SCORE=4 | OBJETS=['truck']
[21:44:46] ZONE=CAM_piste_aterisage | NIVEAU=MOYEN | SCORE=4 | OBJETS=['truck']
[21:44:46] ZONE=CAM_piste_aterisage | NIVEAU=MOYEN | SCORE=4 | OBJETS=['truck']
[21:44:46] ZONE=CAM_piste_aterisage | NIVEAU=MOYEN | SCORE=4 | OBJETS=['truck']
[21:44:47] ZONE=CAM_piste_aterisage | NIVEAU=MOYEN | SCORE=4 | OBJETS=['truck']
[21:44:47] ZONE=CAM_piste_aterisage | NIVEAU=MOYEN | SCORE=4 | OBJETS=['truck']
[21:44:47] ZONE=CAM_piste_aterisage | NIVEAU=MOYEN | SCORE=4 | OBJETS=['truck']
[21:44:48] ZONE=CAM_piste_aterisage | NIVEAU=MOYEN | SCORE=4 | OBJETS=['truck']
[21:44:48] ZONE=CAM_piste_aterisage | NIVEAU=MOYEN | SCORE=4 | OBJETS=['truck']
[21:44:48] ZONE=CAM_piste_aterisage | NIVEAU=MOYEN | SCORE=4 | OBJETS=['truck']
[21:44:49] ZONE=CAM_piste_aterisage | NIVEAU=MOYEN | SCORE=4 | OBJETS=['truck']
[21:44:49] ZONE=CAM_piste_aterisage | NIVEAU=MOYEN | SCORE=4 | OBJETS=['truck']
[21:44:49] ZONE=CAM_piste_aterisage | NIVEAU=MOYEN | SCORE=4 | OBJETS=['truck']
[21:44:49] ZONE=CAM_piste_aterisage | NIVEAU=MOYEN | SCORE=4 | OBJETS=['truck']
[21:44:50] ZONE=CAM_piste_aterisage | NIVEAU=MOYEN | SCORE=4 | OBJETS=['truck']
[21:44:50] ZONE=CAM_piste_aterisage | NIVEAU=MOYEN | SCORE=4 | OBJETS=['truck']
[21:44:50] ZONE=CAM_piste_aterisage | NIVEAU=MOYEN | SCORE=4 | OBJETS=['truck']
[21:44:51] ZONE=CAM_piste_aterisage | NIVEAU=MOYEN | SCORE=4 | OBJETS=['truck']
[21:44:51] ZONE=CAM_piste_aterisage | NIVEAU=MOYEN | SCORE=4 | OBJETS=['truck']
[21:44:51] ZONE=CAM_piste_aterisage | NIVEAU=MOYEN | SCORE=4 | OBJETS=['truck']
[21:44:52] ZONE=CAM_piste_aterisage | NIVEAU=MOYEN | SCORE=4 | OBJETS=['truck']
[21:44:52] ZONE=CAM_piste_aterisage | NIVEAU=MOYEN | SCORE=4 | OBJETS=['truck']
[21:44:52] ZONE=CAM_piste_aterisage | NIVEAU=MOYEN | SCORE=4 | OBJETS=['truck']
[21:44:53] ZONE=CAM_piste_aterisage | NIVEAU=MOYEN | SCORE=4 | OBJETS=['truck']
[21:44:53] ZONE=CAM_piste_aterisage | NIVEAU=MOYEN | SCORE=4 | OBJETS=['truck']
[21:44:53] ZONE=CAM_piste_aterisage | NIVEAU=MOYEN | SCORE=4 | OBJETS=['truck']
[21:44:54] ZONE=CAM_piste_aterisage | NIVEAU=MOYEN | SCORE=4 | OBJETS=['truck']
[21:44:54] ZONE=CAM_piste_aterisage | NIVEAU=MOYEN | SCORE=4 | OBJETS=['truck']
[21:44:54] ZONE=CAM_piste_aterisage | NIVEAU=MOYEN | SCORE=4 | OBJETS=['truck']
[21:45:10] ZONE=CAM_piste_aterisage | NIVEAU=MOYEN | SCORE=4 | OBJETS=['person']
[21:45:10] ZONE=CAM_piste_aterisage | NIVEAU=MOYEN | SCORE=4 | OBJETS=['person']
[21:45:10] ZONE=CAM_piste_aterisage | NIVEAU=MOYEN | SCORE=4 | OBJETS=['person']
[21:45:11] ZONE=CAM_piste_aterisage | NIVEAU=MOYEN | SCORE=4 | OBJETS=['person']
[21:45:11] ZONE=CAM_piste_aterisage | NIVEAU=MOYEN | SCORE=4 | OBJETS=['person']
[21:45:11] ZONE=CAM_piste_aterisage | NIVEAU=MOYEN | SCORE=4 | OBJETS=['person']
[21:45:12] ZONE=CAM_piste_aterisage | NIVEAU=MOYEN | SCORE=4 | OBJETS=['person']
[21:45:12] ZONE=CAM_piste_aterisage | NIVEAU=MOYEN | SCORE=4 | OBJETS=['person']
[21:45:12] ZONE=CAM_piste_aterisage | NIVEAU=MOYEN | SCORE=4 | OBJETS=['person']
[21:45:12] ZONE=CAM_piste_aterisage | NIVEAU=MOYEN | SCORE=4 | OBJETS=['person']
[21:45:13] ZONE=CAM_piste_aterisage | NIVEAU=MOYEN | SCORE=4 | OBJETS=['person']
[21:45:13] ZONE=CAM_piste_aterisage | NIVEAU=MOYEN | SCORE=4 | OBJETS=['person']
[21:45:13] ZONE=CAM_piste_aterisage | NIVEAU=MOYEN | SCORE=4 | OBJETS=['person']
[21:45:14] ZONE=CAM_piste_aterisage | NIVEAU=MOYEN | SCORE=4 | OBJETS=['person']
[21:45:14] ZONE=CAM_piste_aterisage | NIVEAU=MOYEN | SCORE=4 | OBJETS=['person']
[21:45:14] ZONE=CAM_piste_aterisage | NIVEAU=MOYEN | SCORE=4 | OBJETS=['person']
[21:45:14] ZONE=CAM_piste_aterisage | NIVEAU=MOYEN | SCORE=4 | OBJETS=['person']
[21:45:15] ZONE=CAM_piste_aterisage | NIVEAU=MOYEN | SCORE=4 | OBJETS=['person']
[21:45:15] ZONE=CAM_piste_aterisage | NIVEAU=MOYEN | SCORE=4 | OBJETS=['person']
[21:45:15] ZONE=CAM_piste_aterisage | NIVEAU=MOYEN | SCORE=4 | OBJETS=['person']
[21:45:16] ZONE=CAM_piste_aterisage | NIVEAU=MOYEN | SCORE=4 | OBJETS=['person']
[21:45:16] ZONE=CAM_piste_aterisage | NIVEAU=MOYEN | SCORE=4 | OBJETS=['person']
[21:45:16] ZONE=CAM_piste_aterisage | NIVEAU=MOYEN | SCORE=4 | OBJETS=['person']
[21:45:16] ZONE=CAM_piste_aterisage | NIVEAU=MOYEN | SCORE=4 | OBJETS=['person']
[21:45:17] ZONE=CAM_piste_aterisage | NIVEAU=MOYEN | SCORE=4 | OBJETS=['person']
[21:45:17] ZONE=CAM_piste_aterisage | NIVEAU=MOYEN | SCORE=4 | OBJETS=['person']
[21:45:17] ZONE=CAM_piste_aterisage | NIVEAU=MOYEN | SCORE=4 | OBJETS=['person']
[21:45:18] ZONE=CAM_piste_aterisage | NIVEAU=MOYEN | SCORE=4 | OBJETS=['person']
[21:45:18] ZONE=CAM_piste_aterisage | NIVEAU=MOYEN | SCORE=4 | OBJETS=['person']
[21:45:18] ZONE=CAM_piste_aterisage | NIVEAU=MOYEN | SCORE=4 | OBJETS=['person']
[21:45:18] ZONE=CAM_piste_aterisage | NIVEAU=MOYEN | SCORE=4 | OBJETS=['person']
[21:45:19] ZONE=CAM_piste_aterisage | NIVEAU=MOYEN | SCORE=4 | OBJETS=['person']
[21:45:19] ZONE=CAM_piste_aterisage | NIVEAU=MOYEN | SCORE=4 | OBJETS=['person']
[21:45:19] ZONE=CAM_piste_aterisage | NIVEAU=MOYEN | SCORE=4 | OBJETS=['person']
[21:45:20] ZONE=CAM_piste_aterisage | NIVEAU=MOYEN | SCORE=4 | OBJETS=['person']
[21:45:20] ZONE=CAM_piste_aterisage | NIVEAU=MOYEN | SCORE=4 | OBJETS=['person']
[21:45:20] ZONE=CAM_piste_aterisage | NIVEAU=MOYEN | SCORE=4 | OBJETS=['person']
[21:45:21] ZONE=CAM_piste_aterisage | NIVEAU=MOYEN | SCORE=4 | OBJETS=['person']
[21:45:21] ZONE=CAM_piste_aterisage | NIVEAU=MOYEN | SCORE=4 | OBJETS=['person']
[21:45:21] ZONE=CAM_piste_aterisage | NIVEAU=MOYEN | SCORE=4 | OBJETS=['person']
[21:45:21] ZONE=CAM_piste_aterisage | NIVEAU=MOYEN | SCORE=4 | OBJETS=['person']
[21:45:22] ZONE=CAM_piste_aterisage | NIVEAU=MOYEN | SCORE=4 | OBJETS=['person']
[21:45:22] ZONE=CAM_piste_aterisage | NIVEAU=MOYEN | SCORE=4 | OBJETS=['person']
[21:45:22] ZONE=CAM_piste_aterisage | NIVEAU=MOYEN | SCORE=4 | OBJETS=['person']
[21:45:23] ZONE=CAM_piste_aterisage | NIVEAU=MOYEN | SCORE=4 | OBJETS=['person']
[21:45:23] ZONE=CAM_piste_aterisage | NIVEAU=MOYEN | SCORE=4 | OBJETS=['person']
[21:45:23] ZONE=CAM_piste_aterisage | NIVEAU=MOYEN | SCORE=4 | OBJETS=['person']
[21:45:23] ZONE=CAM_piste_aterisage | NIVEAU=MOYEN | SCORE=4 | OBJETS=['person']
[21:45:24] ZONE=CAM_piste_aterisage | NIVEAU=MOYEN | SCORE=4 | OBJETS=['person']
[21:45:24] ZONE=CAM_piste_aterisage | NIVEAU=MOYEN | SCORE=4 | OBJETS=['person']
[21:45:24] ZONE=CAM_piste_aterisage | NIVEAU=MOYEN | SCORE=4 | OBJETS=['person']
[21:45:24] ZONE=CAM_piste_aterisage | NIVEAU=MOYEN | SCORE=4 | OBJETS=['person']
[21:45:24] ZONE=CAM_piste_aterisage | NIVEAU=MOYEN | SCORE=4 | OBJETS=['person']
[21:45:25] ZONE=CAM_piste_aterisage | NIVEAU=MOYEN | SCORE=4 | OBJETS=['person']
[21:45:25] ZONE=CAM_piste_aterisage | NIVEAU=MOYEN | SCORE=4 | OBJETS=['person']
[21:45:25] ZONE=CAM_piste_aterisage | NIVEAU=MOYEN | SCORE=4 | OBJETS=['person']
[21:45:25] ZONE=CAM_piste_aterisage | NIVEAU=MOYEN | SCORE=4 | OBJETS=['person']
[21:45:26] ZONE=CAM_piste_aterisage | NIVEAU=MOYEN | SCORE=4 | OBJETS=['person']
[21:45:26] ZONE=CAM_piste_aterisage | NIVEAU=MOYEN | SCORE=4 | OBJETS=['person']
[21:45:26] ZONE=CAM_piste_aterisage | NIVEAU=MOYEN | SCORE=4 | OBJETS=['person']
[21:45:27] ZONE=CAM_piste_aterisage | NIVEAU=MOYEN | SCORE=4 | OBJETS=['person']
[21:45:27] ZONE=CAM_piste_aterisage | NIVEAU=MOYEN | SCORE=4 | OBJETS=['person']
[21:45:27] ZONE=CAM_piste_aterisage | NIVEAU=MOYEN | SCORE=4 | OBJETS=['person']
[21:45:27] ZONE=CAM_piste_aterisage | NIVEAU=MOYEN | SCORE=4 | OBJETS=['person']
[21:45:28] ZONE=CAM_piste_aterisage | NIVEAU=MOYEN | SCORE=4 | OBJETS=['person']
[21:45:28] ZONE=CAM_piste_aterisage | NIVEAU=MOYEN | SCORE=4 | OBJETS=['person']
[21:45:28] ZONE=CAM_piste_aterisage | NIVEAU=MOYEN | SCORE=4 | OBJETS=['person']
[21:45:29] ZONE=CAM_piste_aterisage | NIVEAU=MOYEN | SCORE=4 | OBJETS=['person']
[21:45:29] ZONE=CAM_piste_aterisage | NIVEAU=MOYEN | SCORE=4 | OBJETS=['person']
[21:45:29] ZONE=CAM_piste_aterisage | NIVEAU=MOYEN | SCORE=4 | OBJETS=['person']
[21:45:29] ZONE=CAM_piste_aterisage | NIVEAU=MOYEN | SCORE=4 | OBJETS=['person']
[21:45:30] ZONE=CAM_piste_aterisage | NIVEAU=MOYEN | SCORE=4 | OBJETS=['person']
[21:45:30] ZONE=CAM_piste_aterisage | NIVEAU=MOYEN | SCORE=4 | OBJETS=['person']
[21:45:30] ZONE=CAM_piste_aterisage | NIVEAU=MOYEN | SCORE=4 | OBJETS=['person']
[21:45:30] ZONE=CAM_piste_aterisage | NIVEAU=MOYEN | SCORE=4 | OBJETS=['person']
[21:45:31] ZONE=CAM_piste_aterisage | NIVEAU=MOYEN | SCORE=4 | OBJETS=['person']
[21:45:31] ZONE=CAM_piste_aterisage | NIVEAU=MOYEN | SCORE=4 | OBJETS=['person']
[21:45:31] ZONE=CAM_piste_aterisage | NIVEAU=MOYEN | SCORE=4 | OBJETS=['person']
[21:45:31] ZONE=CAM_piste_aterisage | NIVEAU=MOYEN | SCORE=4 | OBJETS=['person']
[21:45:32] ZONE=CAM_piste_aterisage | NIVEAU=MOYEN | SCORE=4 | OBJETS=['person']
[21:45:32] ZONE=CAM_piste_aterisage | NIVEAU=MOYEN | SCORE=4 | OBJETS=['person']
[21:45:32] ZONE=CAM_piste_aterisage | NIVEAU=MOYEN | SCORE=4 | OBJETS=['person']
[21:45:33] ZONE=CAM_piste_aterisage | NIVEAU=MOYEN | SCORE=4 | OBJETS=['person']
[21:45:33] ZONE=CAM_piste_aterisage | NIVEAU=MOYEN | SCORE=4 | OBJETS=['person']
[21:45:33] ZONE=CAM_piste_aterisage | NIVEAU=MOYEN | SCORE=4 | OBJETS=['person']
[21:45:33] ZONE=CAM_piste_aterisage | NIVEAU=MOYEN | SCORE=4 | OBJETS=['person']
[21:45:34] ZONE=CAM_piste_aterisage | NIVEAU=MOYEN | SCORE=4 | OBJETS=['person']
[21:45:34] ZONE=CAM_piste_aterisage | NIVEAU=MOYEN | SCORE=4 | OBJETS=['person']
[21:45:34] ZONE=CAM_piste_aterisage | NIVEAU=MOYEN | SCORE=4 | OBJETS=['person']
[21:45:34] ZONE=CAM_piste_aterisage | NIVEAU=MOYEN | SCORE=4 | OBJETS=['person']
[21:45:35] ZONE=CAM_piste_aterisage | NIVEAU=MOYEN | SCORE=4 | OBJETS=['person']
[21:45:35] ZONE=CAM_piste_aterisage | NIVEAU=MOYEN | SCORE=4 | OBJETS=['person']
[21:45:35] ZONE=CAM_piste_aterisage | NIVEAU=MOYEN | SCORE=4 | OBJETS=['person']
[21:45:35] ZONE=CAM_piste_aterisage | NIVEAU=MOYEN | SCORE=4 | OBJETS=['person']
[21:45:36] ZONE=CAM_piste_aterisage | NIVEAU=MOYEN | SCORE=4 | OBJETS=['person']
[21:45:36] ZONE=CAM_piste_aterisage | NIVEAU=MOYEN | SCORE=4 | OBJETS=['person']
[21:45:36] ZONE=CAM_piste_aterisage | NIVEAU=MOYEN | SCORE=4 | OBJETS=['person']
[21:45:36] ZONE=CAM_piste_aterisage | NIVEAU=MOYEN | SCORE=4 | OBJETS=['person']
[21:45:37] ZONE=CAM_piste_aterisage | NIVEAU=MOYEN | SCORE=4 | OBJETS=['person']
[21:45:37] ZONE=CAM_piste_aterisage | NIVEAU=MOYEN | SCORE=4 | OBJETS=['person']
[21:45:37] ZONE=CAM_piste_aterisage | NIVEAU=MOYEN | SCORE=4 | OBJETS=['person']
[21:45:38] ZONE=CAM_piste_aterisage | NIVEAU=MOYEN | SCORE=4 | OBJETS=['person']
[21:45:38] ZONE=CAM_piste_aterisage | NIVEAU=MOYEN | SCORE=4 | OBJETS=['person']
[21:45:38] ZONE=CAM_piste_aterisage | NIVEAU=MOYEN | SCORE=4 | OBJETS=['person']
[21:45:38] ZONE=CAM_piste_aterisage | NIVEAU=MOYEN | SCORE=4 | OBJETS=['person']
[21:45:39] ZONE=CAM_piste_aterisage | NIVEAU=MOYEN | SCORE=4 | OBJETS=['person']
[21:45:39] ZONE=CAM_piste_aterisage | NIVEAU=MOYEN | SCORE=4 | OBJETS=['person']
[21:45:39] ZONE=CAM_piste_aterisage | NIVEAU=MOYEN | SCORE=4 | OBJETS=['person']
[21:45:39] ZONE=CAM_piste_aterisage | NIVEAU=MOYEN | SCORE=4 | OBJETS=['person']
[21:45:40] ZONE=CAM_piste_aterisage | NIVEAU=MOYEN | SCORE=4 | OBJETS=['person']
[21:45:40] ZONE=CAM_piste_aterisage | NIVEAU=MOYEN | SCORE=4 | OBJETS=['person']
[21:45:40] ZONE=CAM_piste_aterisage | NIVEAU=MOYEN | SCORE=4 | OBJETS=['person']
[21:45:40] ZONE=CAM_piste_aterisage | NIVEAU=MOYEN | SCORE=4 | OBJETS=['person']
[21:45:41] ZONE=CAM_piste_aterisage | NIVEAU=MOYEN | SCORE=4 | OBJETS=['person']
[21:45:41] ZONE=CAM_piste_aterisage | NIVEAU=MOYEN | SCORE=4 | OBJETS=['person']
[21:45:41] ZONE=CAM_piste_aterisage | NIVEAU=MOYEN | SCORE=4 | OBJETS=['person']
[21:45:41] ZONE=CAM_piste_aterisage | NIVEAU=MOYEN | SCORE=4 | OBJETS=['person']
[21:45:42] ZONE=CAM_piste_aterisage | NIVEAU=MOYEN | SCORE=4 | OBJETS=['person']
[21:45:42] ZONE=CAM_piste_aterisage | NIVEAU=MOYEN | SCORE=4 | OBJETS=['person']
[21:45:43] ZONE=CAM_piste_aterisage | NIVEAU=MOYEN | SCORE=4 | OBJETS=['person']
[21:45:43] ZONE=CAM_piste_aterisage | NIVEAU=MOYEN | SCORE=4 | OBJETS=['person']
[21:45:43] ZONE=CAM_piste_aterisage | NIVEAU=MOYEN | SCORE=4 | OBJETS=['person']
[21:45:44] ZONE=CAM_piste_aterisage | NIVEAU=MOYEN | SCORE=4 | OBJETS=['person']
[21:45:44] ZONE=CAM_piste_aterisage | NIVEAU=MOYEN | SCORE=4 | OBJETS=['person']
[21:45:44] ZONE=CAM_piste_aterisage | NIVEAU=MOYEN | SCORE=4 | OBJETS=['person']
[21:45:45] ZONE=CAM_piste_aterisage | NIVEAU=MOYEN | SCORE=4 | OBJETS=['person']
[21:45:45] ZONE=CAM_piste_aterisage | NIVEAU=MOYEN | SCORE=4 | OBJETS=['person']
[21:45:45] ZONE=CAM_piste_aterisage | NIVEAU=MOYEN | SCORE=4 | OBJETS=['person']
[21:45:45] ZONE=CAM_piste_aterisage | NIVEAU=MOYEN | SCORE=4 | OBJETS=['person']
[21:45:46] ZONE=CAM_piste_aterisage | NIVEAU=MOYEN | SCORE=4 | OBJETS=['person']
[21:45:46] ZONE=CAM_piste_aterisage | NIVEAU=MOYEN | SCORE=4 | OBJETS=['person']
[21:45:46] ZONE=CAM_piste_aterisage | NIVEAU=MOYEN | SCORE=4 | OBJETS=['person']
[21:45:47] ZONE=CAM_piste_aterisage | NIVEAU=MOYEN | SCORE=4 | OBJETS=['person']
[21:45:47] ZONE=CAM_piste_aterisage | NIVEAU=MOYEN | SCORE=4 | OBJETS=['person']
[21:45:47] ZONE=CAM_piste_aterisage | NIVEAU=MOYEN | SCORE=4 | OBJETS=['person']
[21:45:47] ZONE=CAM_piste_aterisage | NIVEAU=MOYEN | SCORE=4 | OBJETS=['person']
[21:45:48] ZONE=CAM_piste_aterisage | NIVEAU=MOYEN | SCORE=4 | OBJETS=['person']
[21:45:48] ZONE=CAM_piste_aterisage | NIVEAU=MOYEN | SCORE=4 | OBJETS=['person']
[21:46:10] ZONE=CAM_piste_aterisage | NIVEAU=MOYEN | SCORE=4 | OBJETS=['person']
[21:46:11] ZONE=CAM_piste_aterisage | NIVEAU=MOYEN | SCORE=4 | OBJETS=['person']
[21:46:11] ZONE=CAM_piste_aterisage | NIVEAU=MOYEN | SCORE=4 | OBJETS=['person']
[21:46:11] ZONE=CAM_piste_aterisage | NIVEAU=MOYEN | SCORE=4 | OBJETS=['person']
[21:46:11] ZONE=CAM_piste_aterisage | NIVEAU=MOYEN | SCORE=4 | OBJETS=['person']
[21:46:12] ZONE=CAM_piste_aterisage | NIVEAU=MOYEN | SCORE=4 | OBJETS=['person']
[21:46:12] ZONE=CAM_piste_aterisage | NIVEAU=MOYEN | SCORE=4 | OBJETS=['person']
[21:46:12] ZONE=CAM_piste_aterisage | NIVEAU=MOYEN | SCORE=4 | OBJETS=['person']
[21:46:13] ZONE=CAM_piste_aterisage | NIVEAU=MOYEN | SCORE=4 | OBJETS=['person']
[21:46:13] ZONE=CAM_piste_aterisage | NIVEAU=MOYEN | SCORE=4 | OBJETS=['person']
[21:46:13] ZONE=CAM_piste_aterisage | NIVEAU=MOYEN | SCORE=4 | OBJETS=['person']
[21:46:13] ZONE=CAM_piste_aterisage | NIVEAU=MOYEN | SCORE=4 | OBJETS=['person']
[21:46:14] ZONE=CAM_piste_aterisage | NIVEAU=MOYEN | SCORE=4 | OBJETS=['person']
[21:46:14] ZONE=CAM_piste_aterisage | NIVEAU=MOYEN | SCORE=4 | OBJETS=['person']
[21:46:14] ZONE=CAM_piste_aterisage | NIVEAU=MOYEN | SCORE=4 | OBJETS=['person']
[21:46:15] ZONE=CAM_piste_aterisage | NIVEAU=MOYEN | SCORE=4 | OBJETS=['person']
[21:46:15] ZONE=CAM_piste_aterisage | NIVEAU=MOYEN | SCORE=4 | OBJETS=['person']
[21:46:15] ZONE=CAM_piste_aterisage | NIVEAU=MOYEN | SCORE=4 | OBJETS=['person']
[21:46:15] ZONE=CAM_piste_aterisage | NIVEAU=MOYEN | SCORE=4 | OBJETS=['person']
[21:46:16] ZONE=CAM_piste_aterisage | NIVEAU=MOYEN | SCORE=4 | OBJETS=['person']
[21:46:16] ZONE=CAM_piste_aterisage | NIVEAU=MOYEN | SCORE=4 | OBJETS=['person']
[21:46:16] ZONE=CAM_piste_aterisage | NIVEAU=MOYEN | SCORE=4 | OBJETS=['person']
[21:46:16] ZONE=CAM_piste_aterisage | NIVEAU=MOYEN | SCORE=4 | OBJETS=['person']
[21:46:17] ZONE=CAM_piste_aterisage | NIVEAU=MOYEN | SCORE=4 | OBJETS=['person']
[21:46:18] ZONE=CAM_piste_aterisage | NIVEAU=MOYEN | SCORE=4 | OBJETS=['person']
[21:46:18] ZONE=CAM_piste_aterisage | NIVEAU=MOYEN | SCORE=4 | OBJETS=['person']
[21:46:18] ZONE=CAM_piste_aterisage | NIVEAU=MOYEN | SCORE=4 | OBJETS=['person']
[21:46:19] ZONE=CAM_piste_aterisage | NIVEAU=MOYEN | SCORE=4 | OBJETS=['person']
[21:46:19] ZONE=CAM_piste_aterisage | NIVEAU=MOYEN | SCORE=4 | OBJETS=['person']
[21:46:20] ZONE=CAM_piste_aterisage | NIVEAU=MOYEN | SCORE=4 | OBJETS=['person']
[21:46:20] ZONE=CAM_piste_aterisage | NIVEAU=MOYEN | SCORE=4 | OBJETS=['person']
[21:46:20] ZONE=CAM_piste_aterisage | NIVEAU=ÉLEVÉ | SCORE=10 | OBJETS=['person', 'truck', 'car']
[21:46:21] ZONE=CAM_piste_aterisage | NIVEAU=ÉLEVÉ | SCORE=10 | OBJETS=['person', 'truck', 'car']
[21:46:21] ZONE=CAM_piste_aterisage | NIVEAU=ÉLEVÉ | SCORE=6 | OBJETS=['person', 'car']
[21:46:21] ZONE=CAM_piste_aterisage | NIVEAU=ÉLEVÉ | SCORE=10 | OBJETS=['person', 'car', 'truck']
[21:46:21] ZONE=CAM_piste_aterisage | NIVEAU=ÉLEVÉ | SCORE=10 | OBJETS=['person', 'car', 'truck']
[21:46:22] ZONE=CAM_piste_aterisage | NIVEAU=ÉLEVÉ | SCORE=8 | OBJETS=['person', 'truck']
[21:46:22] ZONE=CAM_piste_aterisage | NIVEAU=ÉLEVÉ | SCORE=8 | OBJETS=['person', 'truck']
[21:46:22] ZONE=CAM_piste_aterisage | NIVEAU=ÉLEVÉ | SCORE=10 | OBJETS=['person', 'truck', 'car']
[21:46:23] ZONE=CAM_piste_aterisage | NIVEAU=ÉLEVÉ | SCORE=8 | OBJETS=['person', 'truck']
[21:46:23] ZONE=CAM_piste_aterisage | NIVEAU=ÉLEVÉ | SCORE=8 | OBJETS=['person', 'truck']
[21:46:23] ZONE=CAM_piste_aterisage | NIVEAU=ÉLEVÉ | SCORE=8 | OBJETS=['person', 'truck']
[21:46:24] ZONE=CAM_piste_aterisage | NIVEAU=ÉLEVÉ | SCORE=8 | OBJETS=['person', 'truck']
[21:46:24] ZONE=CAM_piste_aterisage | NIVEAU=ÉLEVÉ | SCORE=8 | OBJETS=['person', 'truck']
[21:46:24] ZONE=CAM_piste_aterisage | NIVEAU=ÉLEVÉ | SCORE=8 | OBJETS=['person', 'truck']
[21:46:25] ZONE=CAM_piste_aterisage | NIVEAU=ÉLEVÉ | SCORE=8 | OBJETS=['person', 'truck']
[21:46:25] ZONE=CAM_piste_aterisage | NIVEAU=ÉLEVÉ | SCORE=8 | OBJETS=['person', 'truck']
[21:46:25] ZONE=CAM_piste_aterisage | NIVEAU=ÉLEVÉ | SCORE=8 | OBJETS=['person', 'truck']
[21:46:25] ZONE=CAM_piste_aterisage | NIVEAU=ÉLEVÉ | SCORE=8 | OBJETS=['person', 'truck']
[21:46:25] ZONE=CAM_piste_aterisage | NIVEAU=ÉLEVÉ | SCORE=8 | OBJETS=['person', 'truck']
[21:46:25] ZONE=CAM_piste_aterisage | NIVEAU=ÉLEVÉ | SCORE=8 | OBJETS=['person', 'truck']
[21:46:26] ZONE=CAM_piste_aterisage | NIVEAU=ÉLEVÉ | SCORE=8 | OBJETS=['person', 'truck']
[21:46:26] ZONE=CAM_piste_aterisage | NIVEAU=ÉLEVÉ | SCORE=8 | OBJETS=['person', 'truck']
[21:46:26] ZONE=CAM_piste_aterisage | NIVEAU=ÉLEVÉ | SCORE=8 | OBJETS=['person', 'truck']
[21:46:26] ZONE=CAM_piste_aterisage | NIVEAU=ÉLEVÉ | SCORE=8 | OBJETS=['person', 'truck']
[21:46:26] ZONE=CAM_piste_aterisage | NIVEAU=ÉLEVÉ | SCORE=8 | OBJETS=['person', 'truck']
[21:46:27] ZONE=CAM_piste_aterisage | NIVEAU=ÉLEVÉ | SCORE=8 | OBJETS=['person', 'truck']
[21:46:27] ZONE=CAM_piste_aterisage | NIVEAU=ÉLEVÉ | SCORE=8 | OBJETS=['person', 'truck']
[21:46:27] ZONE=CAM_piste_aterisage | NIVEAU=ÉLEVÉ | SCORE=8 | OBJETS=['person', 'truck']
[21:46:27] ZONE=CAM_piste_aterisage | NIVEAU=ÉLEVÉ | SCORE=8 | OBJETS=['person', 'truck']
[21:46:27] ZONE=CAM_piste_aterisage | NIVEAU=ÉLEVÉ | SCORE=8 | OBJETS=['person', 'truck']
[21:46:28] ZONE=CAM_piste_aterisage | NIVEAU=ÉLEVÉ | SCORE=8 | OBJETS=['person', 'truck']
[21:46:28] ZONE=CAM_piste_aterisage | NIVEAU=ÉLEVÉ | SCORE=8 | OBJETS=['person', 'truck']
[21:46:28] ZONE=CAM_piste_aterisage | NIVEAU=ÉLEVÉ | SCORE=8 | OBJETS=['person', 'truck']
[21:46:28] ZONE=CAM_piste_aterisage | NIVEAU=ÉLEVÉ | SCORE=8 | OBJETS=['person', 'truck']
[21:46:28] ZONE=CAM_piste_aterisage | NIVEAU=ÉLEVÉ | SCORE=8 | OBJETS=['person', 'truck']
[21:46:29] ZONE=CAM_piste_aterisage | NIVEAU=ÉLEVÉ | SCORE=8 | OBJETS=['person', 'truck']
[21:46:29] ZONE=CAM_piste_aterisage | NIVEAU=ÉLEVÉ | SCORE=8 | OBJETS=['person', 'truck']
[21:46:29] ZONE=CAM_piste_aterisage | NIVEAU=ÉLEVÉ | SCORE=8 | OBJETS=['person', 'truck']
[21:46:29] ZONE=CAM_piste_aterisage | NIVEAU=ÉLEVÉ | SCORE=8 | OBJETS=['person', 'truck']
[21:46:30] ZONE=CAM_piste_aterisage | NIVEAU=ÉLEVÉ | SCORE=8 | OBJETS=['person', 'truck']
[21:46:30] ZONE=CAM_piste_aterisage | NIVEAU=ÉLEVÉ | SCORE=8 | OBJETS=['person', 'truck']
[21:46:30] ZONE=CAM_piste_aterisage | NIVEAU=ÉLEVÉ | SCORE=20 | OBJETS=['person', 'person', 'person', 'person', 'person']
[21:46:30] ZONE=CAM_piste_aterisage | NIVEAU=ÉLEVÉ | SCORE=20 | OBJETS=['person', 'person', 'person', 'person', 'person']
[21:46:31] ZONE=CAM_piste_aterisage | NIVEAU=ÉLEVÉ | SCORE=24 | OBJETS=['person', 'person', 'person', 'person', 'person', 'person']
[21:46:31] ZONE=CAM_piste_aterisage | NIVEAU=ÉLEVÉ | SCORE=24 | OBJETS=['person', 'person', 'person', 'person', 'person', 'person']
[21:46:31] ZONE=CAM_piste_aterisage | NIVEAU=ÉLEVÉ | SCORE=24 | OBJETS=['person', 'person', 'person', 'person', 'person', 'person']
[21:46:31] ZONE=CAM_piste_aterisage | NIVEAU=ÉLEVÉ | SCORE=20 | OBJETS=['person', 'person', 'person', 'person', 'person']
[21:46:31] ZONE=CAM_piste_aterisage | NIVEAU=ÉLEVÉ | SCORE=20 | OBJETS=['person', 'person', 'person', 'person', 'person']
[21:46:32] ZONE=CAM_piste_aterisage | NIVEAU=ÉLEVÉ | SCORE=20 | OBJETS=['person', 'person', 'person', 'person', 'person']
[21:46:32] ZONE=CAM_piste_aterisage | NIVEAU=ÉLEVÉ | SCORE=20 | OBJETS=['person', 'person', 'person', 'person', 'person']
[21:46:32] ZONE=CAM_piste_aterisage | NIVEAU=ÉLEVÉ | SCORE=20 | OBJETS=['person', 'person', 'person', 'person', 'person']
[21:46:32] ZONE=CAM_piste_aterisage | NIVEAU=ÉLEVÉ | SCORE=20 | OBJETS=['person', 'person', 'person', 'person', 'person']
[21:46:32] ZONE=CAM_piste_aterisage | NIVEAU=ÉLEVÉ | SCORE=20 | OBJETS=['person', 'person', 'person', 'person', 'person']
[21:46:32] ZONE=CAM_piste_aterisage | NIVEAU=ÉLEVÉ | SCORE=20 | OBJETS=['person', 'person', 'person', 'person', 'person']
[21:46:33] ZONE=CAM_piste_aterisage | NIVEAU=ÉLEVÉ | SCORE=20 | OBJETS=['person', 'person', 'person', 'person', 'person']
[21:46:33] ZONE=CAM_piste_aterisage | NIVEAU=ÉLEVÉ | SCORE=20 | OBJETS=['person', 'person', 'person', 'person', 'person']
[21:46:33] ZONE=CAM_piste_aterisage | NIVEAU=ÉLEVÉ | SCORE=20 | OBJETS=['person', 'person', 'person', 'person', 'person']
[21:46:49] ZONE=CAM_piste_aterisage | NIVEAU=ÉLEVÉ | SCORE=24 | OBJETS=['person', 'person', 'person', 'person', 'person', 'person']
[21:46:49] ZONE=CAM_piste_aterisage | NIVEAU=ÉLEVÉ | SCORE=24 | OBJETS=['person', 'person', 'person', 'person', 'person', 'person']
[21:46:50] ZONE=CAM_piste_aterisage | NIVEAU=ÉLEVÉ | SCORE=24 | OBJETS=['person', 'person', 'person', 'person', 'person', 'person']
[21:46:50] ZONE=CAM_piste_aterisage | NIVEAU=ÉLEVÉ | SCORE=24 | OBJETS=['person', 'person', 'person', 'person', 'person', 'person']
[21:46:50] ZONE=CAM_piste_aterisage | NIVEAU=ÉLEVÉ | SCORE=24 | OBJETS=['person', 'person', 'person', 'person', 'person', 'person']
[21:46:50] ZONE=CAM_piste_aterisage | NIVEAU=ÉLEVÉ | SCORE=24 | OBJETS=['person', 'person', 'person', 'person', 'person', 'person']
[21:46:50] ZONE=CAM_piste_aterisage | NIVEAU=ÉLEVÉ | SCORE=24 | OBJETS=['person', 'person', 'person', 'person', 'person', 'person']
[21:46:51] ZONE=CAM_piste_aterisage | NIVEAU=ÉLEVÉ | SCORE=28 | OBJETS=['person', 'person', 'person', 'person', 'person', 'person', 'truck']
[21:46:51] ZONE=CAM_piste_aterisage | NIVEAU=ÉLEVÉ | SCORE=28 | OBJETS=['person', 'person', 'person', 'person', 'person', 'person', 'truck']
[21:46:51] ZONE=CAM_piste_aterisage | NIVEAU=ÉLEVÉ | SCORE=28 | OBJETS=['person', 'person', 'person', 'person', 'person', 'person', 'truck']
[21:46:51] ZONE=CAM_piste_aterisage | NIVEAU=ÉLEVÉ | SCORE=28 | OBJETS=['person', 'person', 'person', 'person', 'person', 'person', 'truck']
[21:46:51] ZONE=CAM_piste_aterisage | NIVEAU=ÉLEVÉ | SCORE=24 | OBJETS=['person', 'person', 'person', 'person', 'person', 'person']
[21:46:52] ZONE=CAM_piste_aterisage | NIVEAU=ÉLEVÉ | SCORE=20 | OBJETS=['person', 'person', 'person', 'person', 'person']
[21:46:52] ZONE=CAM_piste_aterisage | NIVEAU=ÉLEVÉ | SCORE=20 | OBJETS=['person', 'person', 'person', 'person', 'person']
[21:46:52] ZONE=CAM_piste_aterisage | NIVEAU=ÉLEVÉ | SCORE=24 | OBJETS=['person', 'person', 'person', 'person', 'person', 'truck']
[21:46:52] ZONE=CAM_piste_aterisage | NIVEAU=ÉLEVÉ | SCORE=24 | OBJETS=['person', 'person', 'person', 'person', 'person', 'truck']
[21:46:52] ZONE=CAM_piste_aterisage | NIVEAU=ÉLEVÉ | SCORE=28 | OBJETS=['person', 'person', 'person', 'person', 'person', 'truck', 'truck']
[21:46:53] ZONE=CAM_piste_aterisage | NIVEAU=ÉLEVÉ | SCORE=32 | OBJETS=['person', 'person', 'person', 'person', 'person', 'person', 'truck', 'person']
[21:46:53] ZONE=CAM_piste_aterisage | NIVEAU=ÉLEVÉ | SCORE=32 | OBJETS=['person', 'person', 'person', 'person', 'person', 'person', 'person', 'truck']
[21:46:53] ZONE=CAM_piste_aterisage | NIVEAU=ÉLEVÉ | SCORE=28 | OBJETS=['person', 'person', 'person', 'person', 'person', 'person', 'person']
[21:46:53] ZONE=CAM_piste_aterisage | NIVEAU=ÉLEVÉ | SCORE=32 | OBJETS=['person', 'person', 'person', 'person', 'person', 'person', 'person', 'person']
[21:46:53] ZONE=CAM_piste_aterisage | NIVEAU=ÉLEVÉ | SCORE=32 | OBJETS=['person', 'person', 'person', 'person', 'person', 'person', 'person', 'person']
[21:46:54] ZONE=CAM_piste_aterisage | NIVEAU=ÉLEVÉ | SCORE=32 | OBJETS=['person', 'person', 'person', 'person', 'person', 'person', 'person', 'person']
[21:46:54] ZONE=CAM_piste_aterisage | NIVEAU=ÉLEVÉ | SCORE=28 | OBJETS=['person', 'person', 'person', 'person', 'person', 'person', 'person']
[21:46:54] ZONE=CAM_piste_aterisage | NIVEAU=ÉLEVÉ | SCORE=32 | OBJETS=['person', 'person', 'person', 'person', 'person', 'person', 'person', 'person']
[21:46:54] ZONE=CAM_piste_aterisage | NIVEAU=ÉLEVÉ | SCORE=28 | OBJETS=['person', 'person', 'person', 'person', 'person', 'person', 'person']
[21:46:54] ZONE=CAM_piste_aterisage | NIVEAU=ÉLEVÉ | SCORE=32 | OBJETS=['person', 'person', 'person', 'person', 'person', 'person', 'person', 'person']
[21:46:55] ZONE=CAM_piste_aterisage | NIVEAU=ÉLEVÉ | SCORE=32 | OBJETS=['person', 'person', 'person', 'person', 'person', 'person', 'person', 'person']
[21:46:55] ZONE=CAM_piste_aterisage | NIVEAU=ÉLEVÉ | SCORE=32 | OBJETS=['person', 'person', 'person', 'person', 'person', 'person', 'person', 'person']
[21:46:55] ZONE=CAM_piste_aterisage | NIVEAU=ÉLEVÉ | SCORE=32 | OBJETS=['person', 'person', 'person', 'person', 'person', 'person', 'person', 'person']
[21:46:55] ZONE=CAM_piste_aterisage | NIVEAU=ÉLEVÉ | SCORE=28 | OBJETS=['person', 'person', 'person', 'person', 'person', 'person', 'person']
[21:46:55] ZONE=CAM_piste_aterisage | NIVEAU=ÉLEVÉ | SCORE=28 | OBJETS=['person', 'person', 'person', 'person', 'person', 'person', 'truck']
[21:46:56] ZONE=CAM_piste_aterisage | NIVEAU=ÉLEVÉ | SCORE=24 | OBJETS=['person', 'person', 'person', 'person', 'person', 'person']
[21:46:56] ZONE=CAM_piste_aterisage | NIVEAU=ÉLEVÉ | SCORE=24 | OBJETS=['person', 'person', 'person', 'person', 'person', 'person']
[21:46:56] ZONE=CAM_piste_aterisage | NIVEAU=ÉLEVÉ | SCORE=28 | OBJETS=['person', 'person', 'person', 'person', 'person', 'person', 'person']
[21:46:56] ZONE=CAM_piste_aterisage | NIVEAU=ÉLEVÉ | SCORE=16 | OBJETS=['person', 'person', 'person', 'person']
[21:46:56] ZONE=CAM_piste_aterisage | NIVEAU=ÉLEVÉ | SCORE=16 | OBJETS=['person', 'person', 'person', 'person']
[21:46:57] ZONE=CAM_piste_aterisage | NIVEAU=ÉLEVÉ | SCORE=16 | OBJETS=['person', 'person', 'person', 'person']
[21:46:57] ZONE=CAM_piste_aterisage | NIVEAU=ÉLEVÉ | SCORE=16 | OBJETS=['person', 'person', 'person', 'person']
[21:46:57] ZONE=CAM_piste_aterisage | NIVEAU=ÉLEVÉ | SCORE=16 | OBJETS=['person', 'person', 'person', 'person']
[21:46:57] ZONE=CAM_piste_aterisage | NIVEAU=ÉLEVÉ | SCORE=16 | OBJETS=['person', 'person', 'person', 'person']
[21:46:57] ZONE=CAM_piste_aterisage | NIVEAU=ÉLEVÉ | SCORE=17 | OBJETS=['person', 'person', 'person', 'person', 'backpack']
[21:46:58] ZONE=CAM_piste_aterisage | NIVEAU=ÉLEVÉ | SCORE=17 | OBJETS=['person', 'person', 'person', 'person', 'backpack']
[21:46:58] ZONE=CAM_piste_aterisage | NIVEAU=ÉLEVÉ | SCORE=16 | OBJETS=['person', 'person', 'person', 'person']
[21:46:58] ZONE=CAM_piste_aterisage | NIVEAU=ÉLEVÉ | SCORE=16 | OBJETS=['person', 'person', 'person', 'person']
[21:46:58] ZONE=CAM_piste_aterisage | NIVEAU=ÉLEVÉ | SCORE=16 | OBJETS=['person', 'person', 'person', 'person']
[21:46:58] ZONE=CAM_piste_aterisage | NIVEAU=ÉLEVÉ | SCORE=16 | OBJETS=['person', 'person', 'person', 'person']
[21:46:59] ZONE=CAM_piste_aterisage | NIVEAU=ÉLEVÉ | SCORE=16 | OBJETS=['person', 'person', 'person', 'person']
[21:46:59] ZONE=CAM_piste_aterisage | NIVEAU=ÉLEVÉ | SCORE=16 | OBJETS=['person', 'person', 'person', 'person']
[21:46:59] ZONE=CAM_piste_aterisage | NIVEAU=ÉLEVÉ | SCORE=16 | OBJETS=['person', 'person', 'person', 'person']
[21:46:59] ZONE=CAM_piste_aterisage | NIVEAU=ÉLEVÉ | SCORE=16 | OBJETS=['person', 'person', 'person', 'person']
[21:46:59] ZONE=CAM_piste_aterisage | NIVEAU=ÉLEVÉ | SCORE=16 | OBJETS=['person', 'person', 'person', 'person']
[21:47:00] ZONE=CAM_piste_aterisage | NIVEAU=ÉLEVÉ | SCORE=16 | OBJETS=['person', 'person', 'person', 'person']
[21:47:00] ZONE=CAM_piste_aterisage | NIVEAU=ÉLEVÉ | SCORE=16 | OBJETS=['person', 'person', 'person', 'person']
[21:47:00] ZONE=CAM_piste_aterisage | NIVEAU=ÉLEVÉ | SCORE=16 | OBJETS=['person', 'person', 'person', 'person']
[21:47:00] ZONE=CAM_piste_aterisage | NIVEAU=ÉLEVÉ | SCORE=16 | OBJETS=['person', 'person', 'person', 'person']
[21:47:00] ZONE=CAM_piste_aterisage | NIVEAU=ÉLEVÉ | SCORE=16 | OBJETS=['person', 'person', 'person', 'person']
[21:47:01] ZONE=CAM_piste_aterisage | NIVEAU=ÉLEVÉ | SCORE=16 | OBJETS=['person', 'person', 'person', 'person']
[21:47:01] ZONE=CAM_piste_aterisage | NIVEAU=ÉLEVÉ | SCORE=16 | OBJETS=['person', 'person', 'person', 'person']
[21:47:01] ZONE=CAM_piste_aterisage | NIVEAU=ÉLEVÉ | SCORE=16 | OBJETS=['person', 'person', 'person', 'person']
[21:47:01] ZONE=CAM_piste_aterisage | NIVEAU=ÉLEVÉ | SCORE=16 | OBJETS=['person', 'person', 'person', 'person']
[21:47:01] ZONE=CAM_piste_aterisage | NIVEAU=ÉLEVÉ | SCORE=16 | OBJETS=['person', 'person', 'person', 'person']
[21:47:01] ZONE=CAM_piste_aterisage | NIVEAU=ÉLEVÉ | SCORE=16 | OBJETS=['person', 'person', 'person', 'person']
[21:47:02] ZONE=CAM_piste_aterisage | NIVEAU=ÉLEVÉ | SCORE=16 | OBJETS=['person', 'person', 'person', 'person']
[21:47:02] ZONE=CAM_piste_aterisage | NIVEAU=ÉLEVÉ | SCORE=16 | OBJETS=['person', 'person', 'person', 'person']
[21:47:02] ZONE=CAM_piste_aterisage | NIVEAU=ÉLEVÉ | SCORE=16 | OBJETS=['person', 'person', 'person', 'person']
[21:47:02] ZONE=CAM_piste_aterisage | NIVEAU=ÉLEVÉ | SCORE=16 | OBJETS=['person', 'person', 'person', 'person']
[21:47:02] ZONE=CAM_piste_aterisage | NIVEAU=ÉLEVÉ | SCORE=16 | OBJETS=['person', 'person', 'person', 'person']
[21:47:02] ZONE=CAM_piste_aterisage | NIVEAU=ÉLEVÉ | SCORE=16 | OBJETS=['person', 'person', 'person', 'person']
[21:47:03] ZONE=CAM_piste_aterisage | NIVEAU=ÉLEVÉ | SCORE=16 | OBJETS=['person', 'person', 'person', 'person']
[21:47:03] ZONE=CAM_piste_aterisage | NIVEAU=ÉLEVÉ | SCORE=16 | OBJETS=['person', 'person', 'person', 'person']
[21:47:03] ZONE=CAM_piste_aterisage | NIVEAU=ÉLEVÉ | SCORE=16 | OBJETS=['person', 'person', 'person', 'person']
[21:47:03] ZONE=CAM_piste_aterisage | NIVEAU=ÉLEVÉ | SCORE=16 | OBJETS=['person', 'person', 'person', 'person']
[21:47:03] ZONE=CAM_piste_aterisage | NIVEAU=ÉLEVÉ | SCORE=17 | OBJETS=['person', 'person', 'person', 'person', 'backpack']
[21:47:04] ZONE=CAM_piste_aterisage | NIVEAU=ÉLEVÉ | SCORE=17 | OBJETS=['person', 'person', 'person', 'person', 'backpack']
[21:47:04] ZONE=CAM_piste_aterisage | NIVEAU=ÉLEVÉ | SCORE=17 | OBJETS=['person', 'person', 'person', 'person', 'backpack']
[21:47:04] ZONE=CAM_piste_aterisage | NIVEAU=ÉLEVÉ | SCORE=17 | OBJETS=['person', 'person', 'person', 'person', 'backpack']
[21:47:04] ZONE=CAM_piste_aterisage | NIVEAU=ÉLEVÉ | SCORE=17 | OBJETS=['person', 'person', 'person', 'person', 'backpack']
[21:47:04] ZONE=CAM_piste_aterisage | NIVEAU=ÉLEVÉ | SCORE=17 | OBJETS=['person', 'person', 'person', 'person', 'backpack']
[21:47:04] ZONE=CAM_piste_aterisage | NIVEAU=ÉLEVÉ | SCORE=17 | OBJETS=['person', 'person', 'person', 'person', 'backpack']
[21:47:05] ZONE=CAM_piste_aterisage | NIVEAU=ÉLEVÉ | SCORE=16 | OBJETS=['person', 'person', 'person', 'person']
[21:47:05] ZONE=CAM_piste_aterisage | NIVEAU=ÉLEVÉ | SCORE=16 | OBJETS=['person', 'person', 'person', 'person']
[21:47:05] ZONE=CAM_piste_aterisage | NIVEAU=ÉLEVÉ | SCORE=16 | OBJETS=['person', 'person', 'person', 'person']
[21:47:05] ZONE=CAM_piste_aterisage | NIVEAU=ÉLEVÉ | SCORE=16 | OBJETS=['person', 'person', 'person', 'person']
[21:47:05] ZONE=CAM_piste_aterisage | NIVEAU=ÉLEVÉ | SCORE=16 | OBJETS=['person', 'person', 'person', 'person']
[21:47:05] ZONE=CAM_piste_aterisage | NIVEAU=ÉLEVÉ | SCORE=16 | OBJETS=['person', 'person', 'person', 'person']
[21:47:06] ZONE=CAM_piste_aterisage | NIVEAU=ÉLEVÉ | SCORE=16 | OBJETS=['person', 'person', 'person', 'person']
[21:47:06] ZONE=CAM_piste_aterisage | NIVEAU=ÉLEVÉ | SCORE=16 | OBJETS=['person', 'person', 'person', 'person']
[21:47:06] ZONE=CAM_piste_aterisage | NIVEAU=ÉLEVÉ | SCORE=16 | OBJETS=['person', 'person', 'person', 'person']
[21:47:06] ZONE=CAM_piste_aterisage | NIVEAU=ÉLEVÉ | SCORE=16 | OBJETS=['person', 'person', 'person', 'person']
[21:47:06] ZONE=CAM_piste_aterisage | NIVEAU=ÉLEVÉ | SCORE=16 | OBJETS=['person', 'person', 'person', 'person']
[21:47:06] ZONE=CAM_piste_aterisage | NIVEAU=ÉLEVÉ | SCORE=16 | OBJETS=['person', 'person', 'person', 'person']
[21:47:07] ZONE=CAM_piste_aterisage | NIVEAU=ÉLEVÉ | SCORE=16 | OBJETS=['person', 'person', 'person', 'person']
[21:47:07] ZONE=CAM_piste_aterisage | NIVEAU=ÉLEVÉ | SCORE=16 | OBJETS=['person', 'person', 'person', 'person']
[21:47:07] ZONE=CAM_piste_aterisage | NIVEAU=ÉLEVÉ | SCORE=16 | OBJETS=['person', 'person', 'person', 'person']
[21:47:07] ZONE=CAM_piste_aterisage | NIVEAU=ÉLEVÉ | SCORE=16 | OBJETS=['person', 'person', 'person', 'person']
[21:47:07] ZONE=CAM_piste_aterisage | NIVEAU=ÉLEVÉ | SCORE=16 | OBJETS=['person', 'person', 'person', 'person']
[21:47:08] ZONE=CAM_piste_aterisage | NIVEAU=ÉLEVÉ | SCORE=16 | OBJETS=['person', 'person', 'person', 'person']
[21:47:08] ZONE=CAM_piste_aterisage | NIVEAU=ÉLEVÉ | SCORE=16 | OBJETS=['person', 'person', 'person', 'person']
[21:47:08] ZONE=CAM_piste_aterisage | NIVEAU=ÉLEVÉ | SCORE=16 | OBJETS=['person', 'person', 'person', 'person']
[21:47:08] ZONE=CAM_piste_aterisage | NIVEAU=ÉLEVÉ | SCORE=16 | OBJETS=['person', 'person', 'person', 'person']
[21:47:08] ZONE=CAM_piste_aterisage | NIVEAU=ÉLEVÉ | SCORE=16 | OBJETS=['person', 'person', 'person', 'person']
[21:47:08] ZONE=CAM_piste_aterisage | NIVEAU=ÉLEVÉ | SCORE=16 | OBJETS=['person', 'person', 'person', 'person']
[21:47:09] ZONE=CAM_piste_aterisage | NIVEAU=ÉLEVÉ | SCORE=16 | OBJETS=['person', 'person', 'person', 'person']
[21:47:09] ZONE=CAM_piste_aterisage | NIVEAU=ÉLEVÉ | SCORE=16 | OBJETS=['person', 'person', 'person', 'person']
[21:47:09] ZONE=CAM_piste_aterisage | NIVEAU=ÉLEVÉ | SCORE=17 | OBJETS=['person', 'person', 'person', 'person', 'backpack']
[21:47:09] ZONE=CAM_piste_aterisage | NIVEAU=ÉLEVÉ | SCORE=17 | OBJETS=['person', 'person', 'person', 'person', 'backpack']
[21:47:09] ZONE=CAM_piste_aterisage | NIVEAU=ÉLEVÉ | SCORE=17 | OBJETS=['person', 'person', 'person', 'person', 'backpack']
[21:47:10] ZONE=CAM_piste_aterisage | NIVEAU=ÉLEVÉ | SCORE=17 | OBJETS=['person', 'person', 'person', 'person', 'backpack']
[21:47:10] ZONE=CAM_piste_aterisage | NIVEAU=ÉLEVÉ | SCORE=17 | OBJETS=['person', 'person', 'person', 'person', 'backpack']
[21:47:10] ZONE=CAM_piste_aterisage | NIVEAU=ÉLEVÉ | SCORE=17 | OBJETS=['person', 'person', 'person', 'person', 'backpack']
[21:47:10] ZONE=CAM_piste_aterisage | NIVEAU=ÉLEVÉ | SCORE=17 | OBJETS=['person', 'person', 'person', 'person', 'backpack']
[21:47:10] ZONE=CAM_piste_aterisage | NIVEAU=ÉLEVÉ | SCORE=16 | OBJETS=['person', 'person', 'person', 'person']
[21:47:10] ZONE=CAM_piste_aterisage | NIVEAU=ÉLEVÉ | SCORE=17 | OBJETS=['person', 'person', 'person', 'person', 'backpack']
[21:47:11] ZONE=CAM_piste_aterisage | NIVEAU=ÉLEVÉ | SCORE=17 | OBJETS=['person', 'person', 'person', 'person', 'backpack']
[21:47:11] ZONE=CAM_piste_aterisage | NIVEAU=ÉLEVÉ | SCORE=10 | OBJETS=['truck', 'truck', 'car']
[21:47:11] ZONE=CAM_piste_aterisage | NIVEAU=ÉLEVÉ | SCORE=10 | OBJETS=['truck', 'truck', 'car']
[21:47:11] ZONE=CAM_piste_aterisage | NIVEAU=ÉLEVÉ | SCORE=14 | OBJETS=['truck', 'truck', 'car', 'truck']
